{
    "1": "    def run(self, terms, variables, **kwargs):\n    \n        ret = []\n        for term in terms:\n            var = term.split()[0]\n            ret.append(os.getenv(var, ''))\n    \n        return ret\n    \n",
    "2": "# class declaration containing the buggy function\nclass LookupModule(LookupBase):\n    # ... omitted code ...\n\n\n",
    "3": "# file name: /Volumes/SSD2T/bgp_envs/repos/ansible_12/lib/ansible/plugins/lookup/env.py\n\n",
    "4": "# A test function for the buggy function\n```python\n# file name: /Volumes/SSD2T/bgp_envs/repos/ansible_12/test/units/plugins/lookup/test_env.py\n\n@pytest.mark.parametrize('env_var,exp_value', [\n    ('foo', 'bar'),\n    ('equation', 'a=b*100')\n])\ndef test_env_var_value(monkeypatch, env_var, exp_value):\n    monkeypatch.setattr('ansible.utils.py3compat.environ.get', lambda x, y: exp_value)\n\n    env_lookup = lookup_loader.get('env')\n    retval = env_lookup.run([env_var], None)\n    assert retval == [exp_value]\n```\n\n## Error message from test function\n```text\nmonkeypatch = <_pytest.monkeypatch.MonkeyPatch object at 0x10e912790>\nenv_var = 'foo', exp_value = 'bar'\n\n    @pytest.mark.parametrize('env_var,exp_value', [\n        ('foo', 'bar'),\n        ('equation', 'a=b*100')\n    ])\n    def test_env_var_value(monkeypatch, env_var, exp_value):\n        monkeypatch.setattr('ansible.utils.py3compat.environ.get', lambda x, y: exp_value)\n    \n        env_lookup = lookup_loader.get('env')\n        retval = env_lookup.run([env_var], None)\n>       assert retval == [exp_value]\nE       AssertionError: assert [''] == ['bar']\nE         At index 0 diff: '' != 'bar'\nE         Full diff:\nE         - ['bar']\nE         + ['']\n\ntest/units/plugins/lookup/test_env.py:23: AssertionError\n\n```\n# A test function for the buggy function\n```python\n# file name: /Volumes/SSD2T/bgp_envs/repos/ansible_12/test/units/plugins/lookup/test_env.py\n\n@pytest.mark.parametrize('env_var,exp_value', [\n    ('foo', 'bar'),\n    ('equation', 'a=b*100')\n])\ndef test_env_var_value(monkeypatch, env_var, exp_value):\n    monkeypatch.setattr('ansible.utils.py3compat.environ.get', lambda x, y: exp_value)\n\n    env_lookup = lookup_loader.get('env')\n    retval = env_lookup.run([env_var], None)\n    assert retval == [exp_value]\n```\n\n## Error message from test function\n```text\nmonkeypatch = <_pytest.monkeypatch.MonkeyPatch object at 0x10f05e110>\nenv_var = 'equation', exp_value = 'a=b*100'\n\n    @pytest.mark.parametrize('env_var,exp_value', [\n        ('foo', 'bar'),\n        ('equation', 'a=b*100')\n    ])\n    def test_env_var_value(monkeypatch, env_var, exp_value):\n        monkeypatch.setattr('ansible.utils.py3compat.environ.get', lambda x, y: exp_value)\n    \n        env_lookup = lookup_loader.get('env')\n        retval = env_lookup.run([env_var], None)\n>       assert retval == [exp_value]\nE       AssertionError: assert [''] == ['a=b*100']\nE         At index 0 diff: '' != 'a=b*100'\nE         Full diff:\nE         - ['a=b*100']\nE         + ['']\n\ntest/units/plugins/lookup/test_env.py:23: AssertionError\n\n```\n# A test function for the buggy function\n```python\n# file name: /Volumes/SSD2T/bgp_envs/repos/ansible_12/test/units/plugins/lookup/test_env.py\n\n@pytest.mark.parametrize('env_var,exp_value', [\n    ('simple_var', 'alpha-\u03b2-gamma'),\n    ('the_var', '\u00e3n\u02c8si\u03b2le')\n])\ndef test_utf8_env_var_value(monkeypatch, env_var, exp_value):\n    monkeypatch.setattr('ansible.utils.py3compat.environ.get', lambda x, y: exp_value)\n\n    env_lookup = lookup_loader.get('env')\n    retval = env_lookup.run([env_var], None)\n    assert retval == [exp_value]\n```\n\n## Error message from test function\n```text\nmonkeypatch = <_pytest.monkeypatch.MonkeyPatch object at 0x10f07b7d0>\nenv_var = 'simple_var', exp_value = 'alpha-\u03b2-gamma'\n\n    @pytest.mark.parametrize('env_var,exp_value', [\n        ('simple_var', 'alpha-\u03b2-gamma'),\n        ('the_var', '\u00e3n\u02c8si\u03b2le')\n    ])\n    def test_utf8_env_var_value(monkeypatch, env_var, exp_value):\n        monkeypatch.setattr('ansible.utils.py3compat.environ.get', lambda x, y: exp_value)\n    \n        env_lookup = lookup_loader.get('env')\n        retval = env_lookup.run([env_var], None)\n>       assert retval == [exp_value]\nE       AssertionError: assert [''] == ['alpha-\u03b2-gamma']\nE         At index 0 diff: '' != 'alpha-\u03b2-gamma'\nE         Full diff:\nE         - ['alpha-\u03b2-gamma']\nE         + ['']\n\ntest/units/plugins/lookup/test_env.py:35: AssertionError\n\n```\n# A test function for the buggy function\n```python\n# file name: /Volumes/SSD2T/bgp_envs/repos/ansible_12/test/units/plugins/lookup/test_env.py\n\n@pytest.mark.parametrize('env_var,exp_value', [\n    ('simple_var', 'alpha-\u03b2-gamma'),\n    ('the_var', '\u00e3n\u02c8si\u03b2le')\n])\ndef test_utf8_env_var_value(monkeypatch, env_var, exp_value):\n    monkeypatch.setattr('ansible.utils.py3compat.environ.get', lambda x, y: exp_value)\n\n    env_lookup = lookup_loader.get('env')\n    retval = env_lookup.run([env_var], None)\n    assert retval == [exp_value]\n```\n\n## Error message from test function\n```text\nmonkeypatch = <_pytest.monkeypatch.MonkeyPatch object at 0x10f08a810>\nenv_var = 'the_var', exp_value = '\u00e3n\u02c8si\u03b2le'\n\n    @pytest.mark.parametrize('env_var,exp_value', [\n        ('simple_var', 'alpha-\u03b2-gamma'),\n        ('the_var', '\u00e3n\u02c8si\u03b2le')\n    ])\n    def test_utf8_env_var_value(monkeypatch, env_var, exp_value):\n        monkeypatch.setattr('ansible.utils.py3compat.environ.get', lambda x, y: exp_value)\n    \n        env_lookup = lookup_loader.get('env')\n        retval = env_lookup.run([env_var], None)\n>       assert retval == [exp_value]\nE       AssertionError: assert [''] == ['\u00e3n\u02c8si\u03b2le']\nE         At index 0 diff: '' != '\u00e3n\u02c8si\u03b2le'\nE         Full diff:\nE         - ['\u00e3n\u02c8si\u03b2le']\nE         + ['']\n\ntest/units/plugins/lookup/test_env.py:35: AssertionError\n\n```\n",
    "5": "# Variable runtime value and type inside buggy function\n## Buggy case 1\n### input parameter runtime value and type for buggy function\nterms, value: `['foo']`, type: `list`\n\n### variable runtime value and type before buggy function return\nret, value: `['bar']`, type: `list`\n\nterm, value: `'foo'`, type: `str`\n\nvar, value: `'foo'`, type: `str`\n\n## Buggy case 2\n### input parameter runtime value and type for buggy function\nterms, value: `['equation']`, type: `list`\n\n### variable runtime value and type before buggy function return\nret, value: `['a=b*100']`, type: `list`\n\nterm, value: `'equation'`, type: `str`\n\nvar, value: `'equation'`, type: `str`\n\n## Buggy case 3\n### input parameter runtime value and type for buggy function\nterms, value: `['simple_var']`, type: `list`\n\n### variable runtime value and type before buggy function return\nret, value: `['alpha-\u03b2-gamma']`, type: `list`\n\nterm, value: `'simple_var'`, type: `str`\n\nvar, value: `'simple_var'`, type: `str`\n\n## Buggy case 4\n### input parameter runtime value and type for buggy function\nterms, value: `['the_var']`, type: `list`\n\n### variable runtime value and type before buggy function return\nret, value: `['\u00e3n\u02c8si\u03b2le']`, type: `list`\n\nterm, value: `'the_var'`, type: `str`\n\nvar, value: `'the_var'`, type: `str`\n\n\n\n# Expected variable value and type in tests\n## Expected case 1\n### Input parameter value and type\nterms, value: `['foo']`, type: `list`\n\n### Expected variable value and type before function return\nret, expected value: `['']`, type: `list`\n\nterm, expected value: `'foo'`, type: `str`\n\nvar, expected value: `'foo'`, type: `str`\n\n## Expected case 2\n### Input parameter value and type\nterms, value: `['equation']`, type: `list`\n\n### Expected variable value and type before function return\nret, expected value: `['']`, type: `list`\n\nterm, expected value: `'equation'`, type: `str`\n\nvar, expected value: `'equation'`, type: `str`\n\n## Expected case 3\n### Input parameter value and type\nterms, value: `['simple_var']`, type: `list`\n\n### Expected variable value and type before function return\nret, expected value: `['']`, type: `list`\n\nterm, expected value: `'simple_var'`, type: `str`\n\nvar, expected value: `'simple_var'`, type: `str`\n\n## Expected case 4\n### Input parameter value and type\nterms, value: `['the_var']`, type: `list`\n\n### Expected variable value and type before function return\nret, expected value: `['']`, type: `list`\n\nterm, expected value: `'the_var'`, type: `str`\n\nvar, expected value: `'the_var'`, type: `str`\n\n\n\n",
    "6": "# A GitHub issue title for this bug\n```text\nenv lookup plugin error with utf8 chars in the variable value\n```\n\n## The associated detailed issue description\n```text\nSUMMARY\nThe env lookup plugin fails with an error when the environment variable value contains an UTF8 character.\nThe problem exists since Ansible 2.9 and only with Python 2.7\n\nISSUE TYPE\nBug Report\nCOMPONENT NAME\nenv lookup plugin\n\nANSIBLE VERSION\nansible 2.9.1\n  config file = /etc/ansible/ansible.cfg\n  configured module search path = [u'/home/admin/.ansible/plugins/modules', u'/usr/share/ansible/plugins/modules']\n  ansible python module location = /usr/lib/python2.7/dist-packages/ansible\n  executable location = /usr/bin/ansible\n  python version = 2.7.15+ (default, Oct  7 2019, 17:39:04) [GCC 7.4.0]\nCONFIGURATION\n\nOS / ENVIRONMENT\nUbuntu 18.04.3 LTS\nSTEPS TO REPRODUCE\nTESTENVVAR=\u00e9\u00e1\u00fa\u0151\u00fa\u00f6\u00fc\u00f3 ansible all -i localhost, -m debug -a msg=\"{{ lookup('env','TESTENVVAR') }}\"\nEXPECTED RESULTS\nlocalhost | SUCCESS => {\n    \"msg\": \"\u00e9\u00e1\u00fa\u0151\u00fa\u00f6\u00fc\u00f3\"\n}\nACTUAL RESULTS\nlocalhost | FAILED! => {\n    \"msg\": \"the field 'args' has an invalid value ({u'msg': u\\\"{{ lookup('env','TESTENVVAR') }}\\\"}), and could not be converted to an dict.The error was: 'ascii' codec can't decode byte 0xc3 in position 0: ordinal not in range(128)\"\n}\n```\n\n",
    "7": "# Instructions\n\n1. Analyze the test case and its relationship with the error message, if applicable.\n2. Identify the potential error location within the problematic function.\n3. Explain the reasons behind the occurrence of the bug.\n4. Suggest possible approaches for fixing the bug.\n5. Present the corrected code for the problematic function."
}