{
    "1": "Assume that the following list of imports are available in the current environment, so you don't need to import them when generating a fix.\n```python\nimport os\nimport six\nfrom .system import Path\nfrom thefuck.shells import shell\nfrom thefuck.shells import shell\n```\n\n## The source code of the buggy function\n```python\n# The relative path of the buggy file: thefuck/utils.py\n\n# this is the buggy function you need to fix\n@memoize\ndef get_all_executables():\n    from thefuck.shells import shell\n\n    def _safe(fn, fallback):\n        try:\n            return fn()\n        except OSError:\n            return fallback\n\n    tf_alias = get_alias()\n    tf_entry_points = ['thefuck', 'fuck']\n\n    bins = [exe.name.decode('utf8') if six.PY2 else exe.name\n            for path in os.environ.get('PATH', '').split(':')\n            for exe in _safe(lambda: list(Path(path).iterdir()), [])\n            if not _safe(exe.is_dir, True)\n            and exe.name not in tf_entry_points]\n    aliases = [alias.decode('utf8') if six.PY2 else alias\n               for alias in shell.get_aliases() if alias != tf_alias]\n\n    return bins + aliases\n\n```",
    "2": "",
    "3": "# This function from the same file, but not the same class, is called by the buggy function\ndef memoize(fn):\n    # Please ignore the body of this function\n\n# This function from the same file, but not the same class, is called by the buggy function\ndef get_alias():\n    # Please ignore the body of this function\n\n# This function from the same file, but not the same class, is called by the buggy function\ndef _safe(fn, fallback):\n    # Please ignore the body of this function\n\n",
    "4": "## A failing test function for the buggy function\n```python\n# The relative path of the failing test file: tests/test_utils.py\n\n@pytest.mark.usefixtures('no_memoize', 'os_environ_pathsep')\n@pytest.mark.parametrize('path, pathsep', [\n    ('/foo:/bar:/baz:/foo/bar', ':'),\n    (r'C:\\\\foo;C:\\\\bar;C:\\\\baz;C:\\\\foo\\\\bar', ';')])\ndef test_get_all_executables_pathsep(path, pathsep):\n    with patch('thefuck.utils.Path') as Path_mock:\n        get_all_executables()\n        Path_mock.assert_has_calls([call(p) for p in path.split(pathsep)], True)\n```\n\n\n",
    "5": "### The error message from the failing test\n```text\npath = 'C:\\\\\\\\foo;C:\\\\\\\\bar;C:\\\\\\\\baz;C:\\\\\\\\foo\\\\\\\\bar', pathsep = ';'\n\n    @pytest.mark.usefixtures('no_memoize', 'os_environ_pathsep')\n    @pytest.mark.parametrize('path, pathsep', [\n        ('/foo:/bar:/baz:/foo/bar', ':'),\n        (r'C:\\\\foo;C:\\\\bar;C:\\\\baz;C:\\\\foo\\\\bar', ';')])\n    def test_get_all_executables_pathsep(path, pathsep):\n        with patch('thefuck.utils.Path') as Path_mock:\n            get_all_executables()\n>           Path_mock.assert_has_calls([call(p) for p in path.split(pathsep)], True)\n\ntests/test_utils.py:94: \n_ _ _ _ _ _ _ _ _ _ _ _ _ _ _ _ _ _ _ _ _ _ _ _ _ _ _ _ _ _ _ _ _ _ _ _ _ _ _ _ \n\nself = <MagicMock name='Path' id='140490630357712'>\ncalls = [call('C:\\\\\\\\foo'), call('C:\\\\\\\\bar'), call('C:\\\\\\\\baz'), call('C:\\\\\\\\foo\\\\\\\\bar')]\nany_order = True\n\n    def assert_has_calls(self, calls, any_order=False):\n        \"\"\"assert the mock has been called with the specified calls.\n        The `mock_calls` list is checked for the calls.\n    \n        If `any_order` is False (the default) then the calls must be\n        sequential. There can be extra calls before or after the\n        specified calls.\n    \n        If `any_order` is True then the calls can be in any order, but\n        they must all appear in `mock_calls`.\"\"\"\n        expected = [self._call_matcher(c) for c in calls]\n        cause = next((e for e in expected if isinstance(e, Exception)), None)\n        all_calls = _CallList(self._call_matcher(c) for c in self.mock_calls)\n        if not any_order:\n            if expected not in all_calls:\n                if cause is None:\n                    problem = 'Calls not found.'\n                else:\n                    problem = ('Error processing expected calls.\\n'\n                               'Errors: {}').format(\n                                   [e if isinstance(e, Exception) else None\n                                    for e in expected])\n                raise AssertionError(\n                    f'{problem}\\n'\n                    f'Expected: {_CallList(calls)}'\n                    f'{self._calls_repr(prefix=\"Actual\").rstrip(\".\")}'\n                ) from cause\n            return\n    \n        all_calls = list(all_calls)\n    \n        not_found = []\n        for kall in expected:\n            try:\n                all_calls.remove(kall)\n            except ValueError:\n                not_found.append(kall)\n        if not_found:\n            raise AssertionError(\n                '%r does not contain all of %r in its call list, '\n                'found %r instead' % (self._mock_name or 'mock',\n                                      tuple(not_found), all_calls)\n>           ) from cause\nE           AssertionError: 'Path' does not contain all of (call('C:\\\\\\\\foo'), call('C:\\\\\\\\bar'), call('C:\\\\\\\\baz'), call('C:\\\\\\\\foo\\\\\\\\bar')) in its call list, found [call('C'), call().iterdir(), call().iterdir().__iter__(), call().iterdir().__len__(), call('\\\\\\\\foo;C'), call().iterdir(), call().iterdir().__iter__(), call().iterdir().__len__(), call('\\\\\\\\bar;C'), call().iterdir(), call().iterdir().__iter__(), call().iterdir().__len__(), call('\\\\\\\\baz;C'), call().iterdir(), call().iterdir().__iter__(), call().iterdir().__len__(), call('\\\\\\\\foo\\\\\\\\bar'), call().iterdir(), call().iterdir().__iter__(), call().iterdir().__len__()] instead\n\n../../envs/thefuck_2/lib/python3.7/site-packages/mock/mock.py:971: AssertionError\n\n```\n",
    "6": "## Runtime values and types of variables inside the buggy function\nEach case below includes input parameter values and types, and the values and types of relevant variables at the function's return, derived from executing failing tests. If an input parameter is not reflected in the output, it is assumed to remain unchanged. Note that some of these values at the function's return might be incorrect. Analyze these cases to identify why the tests are failing to effectively fix the bug.\n\n### Case 1\n#### Runtime values and types of the input parameters of the buggy function\n#### Runtime values and types of variables right before the buggy function's return\nfallback, value: `[]`, type: `list`\n\ntf_alias, value: `'fuck'`, type: `str`\n\ntf_entry_points, value: `['thefuck', 'fuck']`, type: `list`\n\n",
    "7": "## Expected values and types of variables during the failing test execution\nEach case below includes input parameter values and types, and the expected values and types of relevant variables at the function's return. If an input parameter is not reflected in the output, it is assumed to remain unchanged. A corrected function must satisfy all these cases.\n\n### Expected case 1\n#### The values and types of buggy function's parameters\n#### Expected values and types of variables right before the buggy function's return\nfallback, expected value: `[]`, type: `list`\n\ntf_alias, expected value: `'fuck'`, type: `str`\n\ntf_entry_points, expected value: `['thefuck', 'fuck']`, type: `list`\n\n",
    "8": "",
    "9": "Your output should follow these steps:\n1. Analyze the buggy function and its relationship with the related functions, test code, corresponding error message, the actual input/output variable information, the expected input/output variable information.\n2. Identify a potential error location within the buggy function.\n3. Elucidate the bug's cause using:\n   (a) The buggy function, \n   (b) The related functions, \n   (c) The failing test, \n   (d) The corresponding error message, \n   (e) The actual input/output variable values, \n   (f) The expected input/output variable values\n\n4. Suggest approaches for fixing the bug.\n5. Present the corrected code for the buggy function such that it satisfied the following:\n   (a) the program passes the failing test, \n   (b) the function satisfies the expected input/output variable information provided\n\n",
    "1.3.3": "Assume that the following list of imports are available in the current environment, so you don't need to import them when generating a fix.\n```python\nimport os\nimport six\nfrom .system import Path\nfrom thefuck.shells import shell\nfrom thefuck.shells import shell\n```\n\n",
    "source_code_body": "# This function from the same file, but not the same class, is called by the buggy function\ndef memoize(fn):\n    # Please ignore the body of this function\n\n# This function from the same file, but not the same class, is called by the buggy function\ndef get_alias():\n    # Please ignore the body of this function\n\n# This function from the same file, but not the same class, is called by the buggy function\ndef _safe(fn, fallback):\n    # Please ignore the body of this function\n\n# this is the buggy function you need to fix\n@memoize\ndef get_all_executables():\n    from thefuck.shells import shell\n\n    def _safe(fn, fallback):\n        try:\n            return fn()\n        except OSError:\n            return fallback\n\n    tf_alias = get_alias()\n    tf_entry_points = ['thefuck', 'fuck']\n\n    bins = [exe.name.decode('utf8') if six.PY2 else exe.name\n            for path in os.environ.get('PATH', '').split(':')\n            for exe in _safe(lambda: list(Path(path).iterdir()), [])\n            if not _safe(exe.is_dir, True)\n            and exe.name not in tf_entry_points]\n    aliases = [alias.decode('utf8') if six.PY2 else alias\n               for alias in shell.get_aliases() if alias != tf_alias]\n\n    return bins + aliases\n\n"
}