{
    "1": "Assume that the following list of imports are available in the current environment, so you don't need to import them when generating a fix.\n```python\nfrom . import backend as K\n```\n\n## The source code of the buggy function\n```python\n# The relative path of the buggy file: keras/metrics.py\n\n# this is the buggy function you need to fix\ndef sparse_categorical_accuracy(y_true, y_pred):\n    return K.cast(K.equal(K.max(y_true, axis=-1),\n                          K.cast(K.argmax(y_pred, axis=-1), K.floatx())),\n                  K.floatx())\n\n```",
    "2": "",
    "3": "",
    "4": "## A failing test function for the buggy function\n```python\n# The relative path of the failing test file: tests/keras/metrics_test.py\n\n@keras_test\ndef test_sparse_categorical_accuracy_correctness():\n    y_a = K.variable(np.random.randint(0, 7, (6,)), dtype=K.floatx())\n    y_b = K.variable(np.random.random((6, 7)), dtype=K.floatx())\n    # use one_hot embedding to convert sparse labels to equivalent dense labels\n    y_a_dense_labels = K.cast(K.one_hot(K.cast(y_a, dtype='int32'), num_classes=7),\n                              dtype=K.floatx())\n    sparse_categorical_acc = metrics.sparse_categorical_accuracy(y_a, y_b)\n    categorical_acc = metrics.categorical_accuracy(y_a_dense_labels, y_b)\n    assert np.allclose(K.eval(sparse_categorical_acc), K.eval(categorical_acc))\n```\n\n\n",
    "5": "### The error message from the failing test\n```text\n@keras_test\n    def test_sparse_categorical_accuracy_correctness():\n        y_a = K.variable(np.random.randint(0, 7, (6,)), dtype=K.floatx())\n        y_b = K.variable(np.random.random((6, 7)), dtype=K.floatx())\n        # use one_hot embedding to convert sparse labels to equivalent dense labels\n        y_a_dense_labels = K.cast(K.one_hot(K.cast(y_a, dtype='int32'), num_classes=7),\n                                  dtype=K.floatx())\n        sparse_categorical_acc = metrics.sparse_categorical_accuracy(y_a, y_b)\n        categorical_acc = metrics.categorical_accuracy(y_a_dense_labels, y_b)\n>       assert np.allclose(K.eval(sparse_categorical_acc), K.eval(categorical_acc))\nE       AssertionError: assert False\nE        +  where False = <function allclose at 0x7f66454c5710>(array([0., 0., 1., 0., 0., 0.], dtype=float32), array([0., 0., 0., 1., 1., 0.], dtype=float32))\nE        +    where <function allclose at 0x7f66454c5710> = np.allclose\nE        +    and   array([0., 0., 1., 0., 0., 0.], dtype=float32) = <function eval at 0x7f661b0c80e0>(<tf.Tensor 'Cast_2:0' shape=(6,) dtype=float32>)\nE        +      where <function eval at 0x7f661b0c80e0> = K.eval\nE        +    and   array([0., 0., 0., 1., 1., 0.], dtype=float32) = <function eval at 0x7f661b0c80e0>(<tf.Tensor 'Cast_3:0' shape=(6,) dtype=float32>)\nE        +      where <function eval at 0x7f661b0c80e0> = K.eval\n\ntests/keras/metrics_test.py:59: AssertionError\n\n```\n",
    "6": "## Runtime values and types of variables inside the buggy function\nEach case below includes input parameter values and types, and the values and types of relevant variables at the function's return, derived from executing failing tests. If an input parameter is not reflected in the output, it is assumed to remain unchanged. Note that some of these values at the function's return might be incorrect. Analyze these cases to identify why the tests are failing to effectively fix the bug.\n\n### Case 1\n#### Runtime values and types of the input parameters of the buggy function\ny_true, value: `<tf.Variable 'Variable:0' shape=(6,) dtype=float32_ref>`, type: `RefVariable`\n\ny_pred, value: `<tf.Variable 'Variable_1:0' shape=(6, 7) dtype=float32_ref>`, type: `RefVariable`\n\n",
    "7": "## Expected values and types of variables during the failing test execution\nEach case below includes input parameter values and types, and the expected values and types of relevant variables at the function's return. If an input parameter is not reflected in the output, it is assumed to remain unchanged. A corrected function must satisfy all these cases.\n\n### Expected case 1\n#### The values and types of buggy function's parameters\ny_true, value: `<tf.Variable 'Variable:0' shape=(6,) dtype=float32_ref>`, type: `RefVariable`\n\ny_pred, value: `<tf.Variable 'Variable_1:0' shape=(6, 7) dtype=float32_ref>`, type: `RefVariable`\n\n",
    "8": "",
    "9": "Your output should follow these steps:\n1. Analyze the buggy function and its relationship with the test code, corresponding error message, the actual input/output variable information, the expected input/output variable information.\n2. Identify a potential error location within the buggy function.\n3. Elucidate the bug's cause using:\n   (a) The buggy function, \n   (b) The failing test, \n   (c) The corresponding error message, \n   (d) The actual input/output variable values, \n   (e) The expected input/output variable values\n\n4. Suggest approaches for fixing the bug.\n5. Present the corrected code for the buggy function such that it satisfied the following:\n   (a) the program passes the failing test, \n   (b) the function satisfies the expected input/output variable information provided\n\n",
    "1.3.3": "Assume that the following list of imports are available in the current environment, so you don't need to import them when generating a fix.\n```python\nfrom . import backend as K\n```\n\n",
    "source_code_body": "# this is the buggy function you need to fix\ndef sparse_categorical_accuracy(y_true, y_pred):\n    return K.cast(K.equal(K.max(y_true, axis=-1),\n                          K.cast(K.argmax(y_pred, axis=-1), K.floatx())),\n                  K.floatx())\n\n"
}