{
    "1": "Assume that the following list of imports are available in the current environment, so you don't need to import them when generating a fix.\n```python\nimport re\n```\n\n## The source code of the buggy function\n```python\n# The relative path of the buggy file: youtube_dl/utils.py\n\n# this is the buggy function you need to fix\ndef get_elements_by_attribute(attribute, value, html, escape_value=True):\n    \"\"\"Return the content of the tag with the specified attribute in the passed HTML document\"\"\"\n\n    value = re.escape(value) if escape_value else value\n\n    retlist = []\n    for m in re.finditer(r'''(?xs)\n        <([a-zA-Z0-9:._-]+)\n         (?:\\s+[a-zA-Z0-9:._-]+(?:=[a-zA-Z0-9:._-]*|=\"[^\"]*\"|='[^']*'))*?\n         \\s+%s=['\"]?%s['\"]?\n         (?:\\s+[a-zA-Z0-9:._-]+(?:=[a-zA-Z0-9:._-]*|=\"[^\"]*\"|='[^']*'))*?\n        \\s*>\n        (?P<content>.*?)\n        </\\1>\n    ''' % (re.escape(attribute), value), html):\n        res = m.group('content')\n\n        if res.startswith('\"') or res.startswith(\"'\"):\n            res = res[1:-1]\n\n        retlist.append(unescapeHTML(res))\n\n    return retlist\n\n```",
    "2": "",
    "3": "# This function from the same file, but not the same class, is called by the buggy function\ndef unescapeHTML(s):\n    # Please ignore the body of this function\n\n",
    "4": "## A test function that the buggy function fails\n```python\n# The relative path of the failing test file: test/test_utils.py\n\n    def test_get_element_by_attribute(self):\n        html = '''\n            <span class=\"foo bar\">nice</span>\n        '''\n\n        self.assertEqual(get_element_by_attribute('class', 'foo bar', html), 'nice')\n        self.assertEqual(get_element_by_attribute('class', 'foo', html), None)\n        self.assertEqual(get_element_by_attribute('class', 'no-such-foo', html), None)\n\n        html = '''\n            <div itemprop=\"author\" itemscope>foo</div>\n        '''\n\n        self.assertEqual(get_element_by_attribute('itemprop', 'author', html), 'foo')\n```\n\n\n",
    "5": "### The error message from the failing test\n```text\nself = <test.test_utils.TestUtil testMethod=test_get_element_by_attribute>\n\n    def test_get_element_by_attribute(self):\n        html = '''\n            <span class=\"foo bar\">nice</span>\n        '''\n    \n        self.assertEqual(get_element_by_attribute('class', 'foo bar', html), 'nice')\n        self.assertEqual(get_element_by_attribute('class', 'foo', html), None)\n        self.assertEqual(get_element_by_attribute('class', 'no-such-foo', html), None)\n    \n        html = '''\n            <div itemprop=\"author\" itemscope>foo</div>\n        '''\n    \n>       self.assertEqual(get_element_by_attribute('itemprop', 'author', html), 'foo')\nE       AssertionError: None != 'foo'\n\ntest/test_utils.py:1235: AssertionError\n\n```\n",
    "6": "## Runtime values and types of variables inside the buggy function\nEach case below includes input parameter values and types, and the values and types of relevant variables at the function's return, derived from executing failing tests. If an input parameter is not reflected in the output, it is assumed to remain unchanged. Note that some of these values at the function's return might be incorrect. Analyze these cases to identify why the tests are failing to effectively fix the bug.\n\n### Case 1\n#### Runtime values and types of the input parameters of the buggy function\nvalue, value: `'foo bar'`, type: `str`\n\nescape_value, value: `True`, type: `bool`\n\nattribute, value: `'class'`, type: `str`\n\nhtml, value: `'\\n            <span class=\"foo bar\">nice</span>\\n        '`, type: `str`\n\n#### Runtime values and types of variables right before the buggy function's return\nvalue, value: `'foo\\\\ bar'`, type: `str`\n\nretlist, value: `['nice']`, type: `list`\n\nm, value: `<re.Match object; span=(13, 46), match='<span class=\"foo bar\">nice</span>'>`, type: `Match`\n\nres, value: `'nice'`, type: `str`\n\n### Case 2\n#### Runtime values and types of the input parameters of the buggy function\nvalue, value: `'foo'`, type: `str`\n\nescape_value, value: `True`, type: `bool`\n\nattribute, value: `'class'`, type: `str`\n\nhtml, value: `'\\n            <span class=\"foo bar\">nice</span>\\n        '`, type: `str`\n\n#### Runtime values and types of variables right before the buggy function's return\nretlist, value: `[]`, type: `list`\n\n### Case 3\n#### Runtime values and types of the input parameters of the buggy function\nvalue, value: `'no-such-foo'`, type: `str`\n\nescape_value, value: `True`, type: `bool`\n\nattribute, value: `'class'`, type: `str`\n\nhtml, value: `'\\n            <span class=\"foo bar\">nice</span>\\n        '`, type: `str`\n\n#### Runtime values and types of variables right before the buggy function's return\nvalue, value: `'no\\\\-such\\\\-foo'`, type: `str`\n\nretlist, value: `[]`, type: `list`\n\n### Case 4\n#### Runtime values and types of the input parameters of the buggy function\nvalue, value: `'author'`, type: `str`\n\nescape_value, value: `True`, type: `bool`\n\nattribute, value: `'itemprop'`, type: `str`\n\nhtml, value: `'\\n            <div itemprop=\"author\" itemscope>foo</div>\\n        '`, type: `str`\n\n#### Runtime values and types of variables right before the buggy function's return\nretlist, value: `[]`, type: `list`\n\n",
    "7": "## Expected values and types of variables during the failing test execution\nEach case below includes input parameter values and types, and the expected values and types of relevant variables at the function's return. If an input parameter is not reflected in the output, it is assumed to remain unchanged. A corrected function must satisfy all these cases.\n\n### Expected case 1\n#### The values and types of buggy function's parameters\nvalue, expected value: `'foo bar'`, type: `str`\n\nescape_value, expected value: `True`, type: `bool`\n\nattribute, expected value: `'class'`, type: `str`\n\nhtml, expected value: `'\\n            <span class=\"foo bar\">nice</span>\\n        '`, type: `str`\n\n#### Expected values and types of variables right before the buggy function's return\nvalue, expected value: `'foo\\\\ bar'`, type: `str`\n\nretlist, expected value: `['nice']`, type: `list`\n\nm, expected value: `<re.Match object; span=(13, 46), match='<span class=\"foo bar\">nice</span>'>`, type: `Match`\n\nres, expected value: `'nice'`, type: `str`\n\n### Expected case 2\n#### The values and types of buggy function's parameters\nvalue, expected value: `'foo'`, type: `str`\n\nescape_value, expected value: `True`, type: `bool`\n\nattribute, expected value: `'class'`, type: `str`\n\nhtml, expected value: `'\\n            <span class=\"foo bar\">nice</span>\\n        '`, type: `str`\n\n#### Expected values and types of variables right before the buggy function's return\nretlist, expected value: `[]`, type: `list`\n\n### Expected case 3\n#### The values and types of buggy function's parameters\nvalue, expected value: `'no-such-foo'`, type: `str`\n\nescape_value, expected value: `True`, type: `bool`\n\nattribute, expected value: `'class'`, type: `str`\n\nhtml, expected value: `'\\n            <span class=\"foo bar\">nice</span>\\n        '`, type: `str`\n\n#### Expected values and types of variables right before the buggy function's return\nvalue, expected value: `'no\\\\-such\\\\-foo'`, type: `str`\n\nretlist, expected value: `[]`, type: `list`\n\n### Expected case 4\n#### The values and types of buggy function's parameters\nvalue, expected value: `'author'`, type: `str`\n\nescape_value, expected value: `True`, type: `bool`\n\nattribute, expected value: `'itemprop'`, type: `str`\n\nhtml, expected value: `'\\n            <div itemprop=\"author\" itemscope>foo</div>\\n        '`, type: `str`\n\n#### Expected values and types of variables right before the buggy function's return\nretlist, expected value: `['foo']`, type: `list`\n\nm, expected value: `<re.Match object; span=(13, 55), match='<div itemprop=\"author\" itemscope>foo</div>'>`, type: `Match`\n\nres, expected value: `'foo'`, type: `str`\n\n",
    "8": "",
    "9": "Following these steps:\n1. Analyze the buggy function and its relationship with related functions, test code, corresponding error message, the runtime input/output values, the expected input/output values.\n2. Identify potential error locations within the buggy function.\n3. Explain the cause of the bug using the buggy function, the related functions, the failing test, the corresponding error message, the runtime input/output variable values, the expected input/output variable values.\n4. Suggest a strategy for fixing the bug.\n5. Given the buggy function below, provide a corrected version. The corrected version should pass the failing test, satisfy the expected input/output values.\n"
}