<?xml version="1.0" encoding="utf-8"?><testsuites><testsuite errors="0" failures="1" hostname="boyudeMacBook-Pro.local" name="pytest" skipped="0" tests="1" time="0.281" timestamp="2023-11-15T22:22:38.226324"><testcase classname="pandas.tests.internals.test_internals" file="pandas/tests/internals/test_internals.py" line="1301" name="test_dataframe_not_equal" time="0.013"><failure message="assert True is False
 +  where True = &lt;bound method NDFrame.equals of    a  b\n0  1  s\n1  2  d&gt;(   a  b\n0  s  1\n1  d  2)
 +    where &lt;bound method NDFrame.equals of    a  b\n0  1  s\n1  2  d&gt; =    a  b\n0  1  s\n1  2  d.equals">def test_dataframe_not_equal():
        # see GH28839
        df1 = pd.DataFrame({&quot;a&quot;: [1, 2], &quot;b&quot;: [&quot;s&quot;, &quot;d&quot;]})
        df2 = pd.DataFrame({&quot;a&quot;: [&quot;s&quot;, &quot;d&quot;], &quot;b&quot;: [1, 2]})
&gt;       assert df1.equals(df2) is False
E       assert True is False
E        +  where True = &lt;bound method NDFrame.equals of    a  b\n0  1  s\n1  2  d&gt;(   a  b\n0  s  1\n1  d  2)
E        +    where &lt;bound method NDFrame.equals of    a  b\n0  1  s\n1  2  d&gt; =    a  b\n0  1  s\n1  2  d.equals

pandas/tests/internals/test_internals.py:1306: AssertionError</failure></testcase></testsuite></testsuites>