{
    "1": "Assume that the following list of imports are available in the current environment, so you don't need to import them when generating a fix.\n```python\nimport six\n```\n\n## The source code of the buggy function\n```python\n# The relative path of the buggy file: scrapy/http/request/form.py\n\n# this is the buggy function you need to fix\ndef _get_clickable(clickdata, form):\n    \"\"\"\n    Returns the clickable element specified in clickdata,\n    if the latter is given. If not, it returns the first\n    clickable element found\n    \"\"\"\n    clickables = [\n        el for el in form.xpath(\n            'descendant::*[(self::input or self::button)'\n            ' and re:test(@type, \"^submit$\", \"i\")]'\n            '|descendant::button[not(@type)]',\n            namespaces={\"re\": \"http://exslt.org/regular-expressions\"})\n        ]\n    if not clickables:\n        return\n\n    # If we don't have clickdata, we just use the first clickable element\n    if clickdata is None:\n        el = clickables[0]\n        return (el.get('name'), el.get('value') or '')\n\n    # If clickdata is given, we compare it to the clickable elements to find a\n    # match. We first look to see if the number is specified in clickdata,\n    # because that uniquely identifies the element\n    nr = clickdata.get('nr', None)\n    if nr is not None:\n        try:\n            el = list(form.inputs)[nr]\n        except IndexError:\n            pass\n        else:\n            return (el.get('name'), el.get('value') or '')\n\n    # We didn't find it, so now we build an XPath expression out of the other\n    # arguments, because they can be used as such\n    xpath = u'.//*' + \\\n            u''.join(u'[@%s=\"%s\"]' % c for c in six.iteritems(clickdata))\n    el = form.xpath(xpath)\n    if len(el) == 1:\n        return (el[0].get('name'), el[0].get('value') or '')\n    elif len(el) > 1:\n        raise ValueError(\"Multiple elements found (%r) matching the criteria \"\n                         \"in clickdata: %r\" % (el, clickdata))\n    else:\n        raise ValueError('No clickable element matching clickdata: %r' % (clickdata,))\n\n```",
    "2": "",
    "3": "",
    "4": "## A test function that the buggy function fails\n```python\n# The relative path of the failing test file: tests/test_http_request.py\n\n    def test_from_response_clickdata_does_not_ignore_image(self):\n        response = _buildresponse(\n            \"\"\"<form>\n            <input type=\"text\" name=\"i1\" value=\"i1v\">\n            <input id=\"image\" name=\"i2\" type=\"image\" value=\"i2v\" alt=\"Login\" src=\"http://my.image.org/1.jpg\">\n            </form>\"\"\")\n        req = self.request_class.from_response(response)\n        fs = _qs(req)\n        self.assertEqual(fs, {b'i1': [b'i1v'], b'i2': [b'i2v']})\n```\n\n\n",
    "5": "### The error message from the failing test\n```text\nself = <tests.test_http_request.FormRequestTest testMethod=test_from_response_clickdata_does_not_ignore_image>\n\n    def test_from_response_clickdata_does_not_ignore_image(self):\n        response = _buildresponse(\n            \"\"\"<form>\n            <input type=\"text\" name=\"i1\" value=\"i1v\">\n            <input id=\"image\" name=\"i2\" type=\"image\" value=\"i2v\" alt=\"Login\" src=\"http://my.image.org/1.jpg\">\n            </form>\"\"\")\n        req = self.request_class.from_response(response)\n        fs = _qs(req)\n>       self.assertEqual(fs, {b'i1': [b'i1v'], b'i2': [b'i2v']})\nE       AssertionError: {b'i1': [b'i1v']} != {b'i1': [b'i1v'], b'i2': [b'i2v']}\nE       - {b'i1': [b'i1v']}\nE       + {b'i1': [b'i1v'], b'i2': [b'i2v']}\n\n/home/ubuntu/Desktop/bgp_envs_local/repos/scrapy_38/tests/test_http_request.py:556: AssertionError\n\n```\n",
    "6": "## Runtime values and types of variables inside the buggy function\nEach case below includes input parameter values and types, and the values and types of relevant variables at the function's return, derived from executing failing tests. If an input parameter is not reflected in the output, it is assumed to remain unchanged. Note that some of these values at the function's return might be incorrect. Analyze these cases to identify why the tests are failing to effectively fix the bug.\n\n### Case 1\n#### Runtime values and types of the input parameters of the buggy function\nform.inputs, value: `<InputGetter for form 0>`, type: `InputGetter`\n\n#### Runtime values and types of variables right before the buggy function's return\nclickables, value: `[]`, type: `list`\n\n",
    "7": "## Expected values and types of variables during the failing test execution\nEach case below includes input parameter values and types, and the expected values and types of relevant variables at the function's return. If an input parameter is not reflected in the output, it is assumed to remain unchanged. A corrected function must satisfy all these cases.\n\n### Expected case 1\n#### The values and types of buggy function's parameters\nform.inputs, expected value: `<InputGetter for form 0>`, type: `InputGetter`\n\n#### Expected values and types of variables right before the buggy function's return\nclickables, expected value: `[<InputElement 7f14290484f0 name='i2' type='image'>]`, type: `list`\n\nel, expected value: `<InputElement 7f14290484f0 name='i2' type='image'>`, type: `InputElement`\n\n",
    "8": "## A GitHub issue for this bug\n\nThe issue's title:\n```text\nFormRequest.from_response() clickdata ignores input[type=image]\n```\n\nThe issue's detailed description:\n```text\nNo way to click image inputs now, see here.\n```\n\n",
    "9": "Following these steps:\n1. Analyze the buggy function and its relationship with test code, corresponding error message, the runtime input/output values, the expected input/output values, the GitHub issue.\n2. Identify potential error locations within the buggy function.\n3. Explain the cause of the bug using the buggy function, the failing test, the corresponding error message, the runtime input/output variable values, the expected input/output variable values, the GitHub Issue information.\n4. Suggest a strategy for fixing the bug.\n5. Given the buggy function below, provide a corrected version. The corrected version should pass the failing test, satisfy the expected input/output values, resolve the issue posted in GitHub.\n"
}