======================================================================
ERROR: test_request_httprepr_for_non_http_request (tests.test_utils_request.UtilsRequestTest)
----------------------------------------------------------------------
Traceback (most recent call last):
  File "/Users/jerry/.abw/BugsInPy_Dir/BugsInPy_Cloned_Repos/scrapy/tests/test_utils_request.py", line 76, in test_request_httprepr_for_non_http_request
    request_httprepr(Request("file:///tmp/foo.txt"))
  File "/Users/jerry/.abw/BugsInPy_Dir/BugsInPy_Cloned_Repos/scrapy/scrapy/utils/request.py", line 82, in request_httprepr
    s += b"Host: " + to_bytes(parsed.hostname) + b"\r\n"
  File "/Users/jerry/.abw/BugsInPy_Dir/BugsInPy_Cloned_Repos/scrapy/scrapy/utils/python.py", line 116, in to_bytes
    raise TypeError('to_bytes must receive a unicode, str or bytes '
TypeError: to_bytes must receive a unicode, str or bytes object, got NoneType

----------------------------------------------------------------------
Ran 1 test in 0.004s

FAILED (errors=1)
ERROR: Bug scrapy:29 error: Command '/Users/jerry/.abw/BugsInPy_Dir/envs/0/bin/python -m  unittest -q tests.test_utils_request.UtilsRequestTest.test_request_httprepr_for_non_http_request' returned non-zero exit status 1.
INFO: Bug scrapy:29:  Command '/Users/jerry/.abw/BugsInPy_Dir/envs/0/bin/python -m  unittest -q tests.test_utils_request.UtilsRequestTest.test_request_httprepr_for_non_http_request' ran with the return code 1.
