{
    "1": "    @memoize\n    def get_all_executables():\n        from thefuck.shells import shell\n    \n        def _safe(fn, fallback):\n            try:\n                return fn()\n            except OSError:\n                return fallback\n    \n        tf_alias = get_alias()\n        tf_entry_points = ['thefuck', 'fuck']\n    \n        bins = [exe.name.decode('utf8') if six.PY2 else exe.name\n                for path in os.environ.get('PATH', '').split(':')\n                for exe in _safe(lambda: list(Path(path).iterdir()), [])\n                if not _safe(exe.is_dir, True)\n                and exe.name not in tf_entry_points]\n        aliases = [alias.decode('utf8') if six.PY2 else alias\n                   for alias in shell.get_aliases() if alias != tf_alias]\n    \n        return bins + aliases\n    \n",
    "2": "",
    "3": "# file name: /Volumes/SSD2T/bgp_envs/repos/thefuck_2/thefuck/utils.py\n\n# relative function's signature in this file\ndef memoize(fn):\n    # ... omitted code ...\n    pass\n\n# relative function's signature in this file\ndef get_alias():\n    # ... omitted code ...\n    pass\n\n# relative function's signature in this file\ndef _safe(fn, fallback):\n    # ... omitted code ...\n    pass\n\n",
    "4": "# A test function for the buggy function\n```python\n# file name: /Volumes/SSD2T/bgp_envs/repos/thefuck_2/tests/test_utils.py\n\n@pytest.mark.usefixtures('no_memoize', 'os_environ_pathsep')\n@pytest.mark.parametrize('path, pathsep', [\n    ('/foo:/bar:/baz:/foo/bar', ':'),\n    (r'C:\\\\foo;C:\\\\bar;C:\\\\baz;C:\\\\foo\\\\bar', ';')])\ndef test_get_all_executables_pathsep(path, pathsep):\n    with patch('thefuck.utils.Path') as Path_mock:\n        get_all_executables()\n        Path_mock.assert_has_calls([call(p) for p in path.split(pathsep)], True)\n```\n\n## Error message from test function\n```text\npath = 'C:\\\\\\\\foo;C:\\\\\\\\bar;C:\\\\\\\\baz;C:\\\\\\\\foo\\\\\\\\bar', pathsep = ';'\n\n    @pytest.mark.usefixtures('no_memoize', 'os_environ_pathsep')\n    @pytest.mark.parametrize('path, pathsep', [\n        ('/foo:/bar:/baz:/foo/bar', ':'),\n        (r'C:\\\\foo;C:\\\\bar;C:\\\\baz;C:\\\\foo\\\\bar', ';')])\n    def test_get_all_executables_pathsep(path, pathsep):\n        with patch('thefuck.utils.Path') as Path_mock:\n            get_all_executables()\n>           Path_mock.assert_has_calls([call(p) for p in path.split(pathsep)], True)\n\ntests/test_utils.py:94: \n_ _ _ _ _ _ _ _ _ _ _ _ _ _ _ _ _ _ _ _ _ _ _ _ _ _ _ _ _ _ _ _ _ _ _ _ _ _ _ _ \n\nself = <MagicMock name='Path' id='4331256720'>\ncalls = [call('C:\\\\\\\\foo'), call('C:\\\\\\\\bar'), call('C:\\\\\\\\baz'), call('C:\\\\\\\\foo\\\\\\\\bar')]\nany_order = True\n\n    def assert_has_calls(self, calls, any_order=False):\n        \"\"\"assert the mock has been called with the specified calls.\n        The `mock_calls` list is checked for the calls.\n    \n        If `any_order` is False (the default) then the calls must be\n        sequential. There can be extra calls before or after the\n        specified calls.\n    \n        If `any_order` is True then the calls can be in any order, but\n        they must all appear in `mock_calls`.\"\"\"\n        expected = [self._call_matcher(c) for c in calls]\n        cause = next((e for e in expected if isinstance(e, Exception)), None)\n        all_calls = _CallList(self._call_matcher(c) for c in self.mock_calls)\n        if not any_order:\n            if expected not in all_calls:\n                if cause is None:\n                    problem = 'Calls not found.'\n                else:\n                    problem = ('Error processing expected calls.\\n'\n                               'Errors: {}').format(\n                                   [e if isinstance(e, Exception) else None\n                                    for e in expected])\n                raise AssertionError(\n                    f'{problem}\\n'\n                    f'Expected: {_CallList(calls)}'\n                    f'{self._calls_repr(prefix=\"Actual\").rstrip(\".\")}'\n                ) from cause\n            return\n    \n        all_calls = list(all_calls)\n    \n        not_found = []\n        for kall in expected:\n            try:\n                all_calls.remove(kall)\n            except ValueError:\n                not_found.append(kall)\n        if not_found:\n            raise AssertionError(\n                '%r does not contain all of %r in its call list, '\n                'found %r instead' % (self._mock_name or 'mock',\n                                      tuple(not_found), all_calls)\n>           ) from cause\nE           AssertionError: 'Path' does not contain all of (call('C:\\\\\\\\foo'), call('C:\\\\\\\\bar'), call('C:\\\\\\\\baz'), call('C:\\\\\\\\foo\\\\\\\\bar')) in its call list, found [call('C'), call().iterdir(), call().iterdir().__iter__(), call().iterdir().__len__(), call('\\\\\\\\foo;C'), call().iterdir(), call().iterdir().__iter__(), call().iterdir().__len__(), call('\\\\\\\\bar;C'), call().iterdir(), call().iterdir().__iter__(), call().iterdir().__len__(), call('\\\\\\\\baz;C'), call().iterdir(), call().iterdir().__iter__(), call().iterdir().__len__(), call('\\\\\\\\foo\\\\\\\\bar'), call().iterdir(), call().iterdir().__iter__(), call().iterdir().__len__()] instead\n\n../../envs/thefuck_2/lib/python3.7/site-packages/mock/mock.py:971: AssertionError\n\n```\n",
    "5": "# Variable runtime value and type inside buggy function\n## Buggy case 1\n### input parameter runtime value and type for buggy function\n### variable runtime value and type before buggy function return\nfn, value: `<function get_all_executables.<locals>.<listcomp>.<lambda> at 0x106379200>`, type: `function`\n\nfallback, value: `[]`, type: `list`\n\ntf_alias, value: `'fuck'`, type: `str`\n\ntf_entry_points, value: `['thefuck', 'fuck']`, type: `list`\n\n_safe, value: `<function get_all_executables.<locals>._safe at 0x1063760e0>`, type: `function`\n\nshell, value: `<thefuck.shells.generic.Generic object at 0x1060f4bd0>`, type: `Generic`\n\n\n\n# Expected variable value and type in tests\n## Expected case 1\n### Input parameter value and type\n### Expected variable value and type before function return\nfn, expected value: `<function get_all_executables.<locals>.<listcomp>.<lambda> at 0x1032ce3b0>`, type: `function`\n\nfallback, expected value: `[]`, type: `list`\n\ntf_alias, expected value: `'fuck'`, type: `str`\n\ntf_entry_points, expected value: `['thefuck', 'fuck']`, type: `list`\n\n_safe, expected value: `<function get_all_executables.<locals>._safe at 0x1032cd320>`, type: `function`\n\nshell, expected value: `<thefuck.shells.generic.Generic object at 0x103070c50>`, type: `Generic`\n\n\n\n",
    "6": "",
    "7": "# Instructions\n\n1. Analyze the test case and its relationship with the error message, if applicable.\n2. Identify the potential error location within the problematic function.\n3. Explain the reasons behind the occurrence of the bug.\n4. Suggest possible approaches for fixing the bug.\n5. Present the corrected code for the problematic function."
}