{
    "1": "def sparse_categorical_accuracy(y_true, y_pred):\n    return K.cast(K.equal(K.max(y_true, axis=-1),\n                          K.cast(K.argmax(y_pred, axis=-1), K.floatx())),\n                  K.floatx())\n\n",
    "2": "",
    "3": "# file name: /Volumes/SSD2T/bgp_envs/repos/keras_17/keras/metrics.py\n\n",
    "4": "# A test function for the buggy function\n```python\n# file name: /Volumes/SSD2T/bgp_envs/repos/keras_17/tests/keras/metrics_test.py\n\n@keras_test\ndef test_sparse_categorical_accuracy_correctness():\n    y_a = K.variable(np.random.randint(0, 7, (6,)), dtype=K.floatx())\n    y_b = K.variable(np.random.random((6, 7)), dtype=K.floatx())\n    # use one_hot embedding to convert sparse labels to equivalent dense labels\n    y_a_dense_labels = K.cast(K.one_hot(K.cast(y_a, dtype='int32'), num_classes=7),\n                              dtype=K.floatx())\n    sparse_categorical_acc = metrics.sparse_categorical_accuracy(y_a, y_b)\n    categorical_acc = metrics.categorical_accuracy(y_a_dense_labels, y_b)\n    assert np.allclose(K.eval(sparse_categorical_acc), K.eval(categorical_acc))\n```\n\n## Error message from test function\n```text\n@keras_test\n    def test_sparse_categorical_accuracy_correctness():\n        y_a = K.variable(np.random.randint(0, 7, (6,)), dtype=K.floatx())\n        y_b = K.variable(np.random.random((6, 7)), dtype=K.floatx())\n        # use one_hot embedding to convert sparse labels to equivalent dense labels\n        y_a_dense_labels = K.cast(K.one_hot(K.cast(y_a, dtype='int32'), num_classes=7),\n                                  dtype=K.floatx())\n        sparse_categorical_acc = metrics.sparse_categorical_accuracy(y_a, y_b)\n        categorical_acc = metrics.categorical_accuracy(y_a_dense_labels, y_b)\n>       assert np.allclose(K.eval(sparse_categorical_acc), K.eval(categorical_acc))\nE       AssertionError: assert False\nE        +  where False = <function allclose at 0x105abe8c0>(array([1., 1., 1., 0., 1., 0.], dtype=float32), array([0., 0., 0., 0., 0., 0.], dtype=float32))\nE        +    where <function allclose at 0x105abe8c0> = np.allclose\nE        +    and   array([1., 1., 1., 0., 1., 0.], dtype=float32) = <function eval at 0x1245995f0>(<tf.Tensor 'Cast_2:0' shape=(6,) dtype=float32>)\nE        +      where <function eval at 0x1245995f0> = K.eval\nE        +    and   array([0., 0., 0., 0., 0., 0.], dtype=float32) = <function eval at 0x1245995f0>(<tf.Tensor 'Cast_3:0' shape=(6,) dtype=float32>)\nE        +      where <function eval at 0x1245995f0> = K.eval\n\ntests/keras/metrics_test.py:59: AssertionError\n\n```\n",
    "5": "# Variable runtime value and type inside buggy function\n## Buggy case 1\n### input parameter runtime value and type for buggy function\ny_true, value: `<tf.Variable 'Variable:0' shape=(6,) dtype=float32_ref>`, type: `RefVariable`\n\ny_pred, value: `<tf.Variable 'Variable_1:0' shape=(6, 7) dtype=float32_ref>`, type: `RefVariable`\n\n\n\n# Expected variable value and type in tests\n## Expected case 1\n### Input parameter value and type\ny_true, value: `<tf.Variable 'Variable:0' shape=(6,) dtype=float32_ref>`, type: `RefVariable`\n\ny_pred, value: `<tf.Variable 'Variable_1:0' shape=(6, 7) dtype=float32_ref>`, type: `RefVariable`\n\n\n\n",
    "6": "",
    "7": "# Instructions\n\n1. Analyze the test case and its relationship with the error message, if applicable.\n2. Identify the potential error location within the problematic function.\n3. Explain the reasons behind the occurrence of the bug.\n4. Suggest possible approaches for fixing the bug.\n5. Present the corrected code for the problematic function."
}