{
    "1": "Assume that the following list of imports are available in the current environment, so you don't need to import them when generating a fix.\n```python\nimport re\n```\n\n## The source code of the buggy function\n```python\n# The relative path of the buggy file: youtube_dl/utils.py\n\n# this is the buggy function you need to fix\ndef parse_dfxp_time_expr(time_expr):\n    if not time_expr:\n        return\n\n    mobj = re.match(r'^(?P<time_offset>\\d+(?:\\.\\d+)?)s?$', time_expr)\n    if mobj:\n        return float(mobj.group('time_offset'))\n\n    mobj = re.match(r'^(\\d+):(\\d\\d):(\\d\\d(?:\\.\\d+)?)$', time_expr)\n    if mobj:\n        return 3600 * int(mobj.group(1)) + 60 * int(mobj.group(2)) + float(mobj.group(3))\n\n```",
    "2": "",
    "3": "",
    "4": "## A test function that the buggy function fails\n```python\n# The relative path of the failing test file: test/test_utils.py\n\n    def test_parse_dfxp_time_expr(self):\n        self.assertEqual(parse_dfxp_time_expr(None), None)\n        self.assertEqual(parse_dfxp_time_expr(''), None)\n        self.assertEqual(parse_dfxp_time_expr('0.1'), 0.1)\n        self.assertEqual(parse_dfxp_time_expr('0.1s'), 0.1)\n        self.assertEqual(parse_dfxp_time_expr('00:00:01'), 1.0)\n        self.assertEqual(parse_dfxp_time_expr('00:00:01.100'), 1.1)\n        self.assertEqual(parse_dfxp_time_expr('00:00:01:100'), 1.1)\n```\n\n\n",
    "5": "### The error message from the failing test\n```text\nself = <test.test_utils.TestUtil testMethod=test_parse_dfxp_time_expr>\n\n    def test_parse_dfxp_time_expr(self):\n        self.assertEqual(parse_dfxp_time_expr(None), None)\n        self.assertEqual(parse_dfxp_time_expr(''), None)\n        self.assertEqual(parse_dfxp_time_expr('0.1'), 0.1)\n        self.assertEqual(parse_dfxp_time_expr('0.1s'), 0.1)\n        self.assertEqual(parse_dfxp_time_expr('00:00:01'), 1.0)\n        self.assertEqual(parse_dfxp_time_expr('00:00:01.100'), 1.1)\n>       self.assertEqual(parse_dfxp_time_expr('00:00:01:100'), 1.1)\nE       AssertionError: None != 1.1\n\ntest/test_utils.py:670: AssertionError\n\n```\n",
    "6": "## Runtime values and types of variables inside the buggy function\nEach case below includes input parameter values and types, and the values and types of relevant variables at the function's return, derived from executing failing tests. If an input parameter is not reflected in the output, it is assumed to remain unchanged. Note that some of these values at the function's return might be incorrect. Analyze these cases to identify why the tests are failing to effectively fix the bug.\n\n### Case 1\n#### Runtime values and types of the input parameters of the buggy function\ntime_expr, value: `''`, type: `str`\n\n### Case 2\n#### Runtime values and types of the input parameters of the buggy function\ntime_expr, value: `'0.1'`, type: `str`\n\n#### Runtime values and types of variables right before the buggy function's return\nmobj, value: `<re.Match object; span=(0, 3), match='0.1'>`, type: `Match`\n\n### Case 3\n#### Runtime values and types of the input parameters of the buggy function\ntime_expr, value: `'0.1s'`, type: `str`\n\n#### Runtime values and types of variables right before the buggy function's return\nmobj, value: `<re.Match object; span=(0, 4), match='0.1s'>`, type: `Match`\n\n### Case 4\n#### Runtime values and types of the input parameters of the buggy function\ntime_expr, value: `'00:00:01'`, type: `str`\n\n#### Runtime values and types of variables right before the buggy function's return\nmobj, value: `<re.Match object; span=(0, 8), match='00:00:01'>`, type: `Match`\n\n### Case 5\n#### Runtime values and types of the input parameters of the buggy function\ntime_expr, value: `'00:00:01.100'`, type: `str`\n\n#### Runtime values and types of variables right before the buggy function's return\nmobj, value: `<re.Match object; span=(0, 12), match='00:00:01.100'>`, type: `Match`\n\n",
    "7": "## Expected values and types of variables during the failing test execution\nEach case below includes input parameter values and types, and the expected values and types of relevant variables at the function's return. If an input parameter is not reflected in the output, it is assumed to remain unchanged. A corrected function must satisfy all these cases.\n\n### Expected case 1\n#### The values and types of buggy function's parameters\ntime_expr, expected value: `''`, type: `str`\n\n### Expected case 2\n#### The values and types of buggy function's parameters\ntime_expr, expected value: `'0.1'`, type: `str`\n\n#### Expected values and types of variables right before the buggy function's return\nmobj, expected value: `<re.Match object; span=(0, 3), match='0.1'>`, type: `Match`\n\n### Expected case 3\n#### The values and types of buggy function's parameters\ntime_expr, expected value: `'0.1s'`, type: `str`\n\n#### Expected values and types of variables right before the buggy function's return\nmobj, expected value: `<re.Match object; span=(0, 4), match='0.1s'>`, type: `Match`\n\n### Expected case 4\n#### The values and types of buggy function's parameters\ntime_expr, expected value: `'00:00:01'`, type: `str`\n\n#### Expected values and types of variables right before the buggy function's return\nmobj, expected value: `<re.Match object; span=(0, 8), match='00:00:01'>`, type: `Match`\n\n### Expected case 5\n#### The values and types of buggy function's parameters\ntime_expr, expected value: `'00:00:01.100'`, type: `str`\n\n#### Expected values and types of variables right before the buggy function's return\nmobj, expected value: `<re.Match object; span=(0, 12), match='00:00:01.100'>`, type: `Match`\n\n### Expected case 6\n#### The values and types of buggy function's parameters\ntime_expr, expected value: `'00:00:01:100'`, type: `str`\n\n#### Expected values and types of variables right before the buggy function's return\nmobj, expected value: `<re.Match object; span=(0, 12), match='00:00:01:100'>`, type: `Match`\n\n",
    "8": "## A GitHub issue for this bug\n\nThe issue's title:\n```text\nTTML to SRT conversion error\n```\n\nThe issue's detailed description:\n```text\nWhen running the command:\n\nyoutube-dl.py -f hls-English-2 --write-sub --convert-subtitles srt http://www.nbc.com/undateable/video/west-coast-an-origin-story-walks-into-a-bar/2932364?onid=190056#vc190056=1\nThe video and subtitle download fine but the TTML to SRT conversion errors out with:\n\nWARNING: You have requested to convert dfxp (TTML) subtitles into another format\n, which results in style information loss\nTraceback (most recent call last):\n  File \"C:\\Python27\\lib\\runpy.py\", line 162, in _run_module_as_main\n    \"__main__\", fname, loader, pkg_name)\n  File \"C:\\Python27\\lib\\runpy.py\", line 72, in _run_code\n    exec code in run_globals\n  File \"D:\\you\\youtube-dl.py\\__main__.py\", line 19, in <module>\n  File \"D:\\you\\youtube-dl.py\\youtube_dl\\__init__.py\", line 410, in main\n  File \"D:\\you\\youtube-dl.py\\youtube_dl\\__init__.py\", line 400, in _real_main\n  File \"D:\\you\\youtube-dl.py\\youtube_dl\\YoutubeDL.py\", line 1667, in download\n  File \"D:\\you\\youtube-dl.py\\youtube_dl\\YoutubeDL.py\", line 672, in extract_info\n  File \"D:\\you\\youtube-dl.py\\youtube_dl\\YoutubeDL.py\", line 725, in process_ie_result\n  File \"D:\\you\\youtube-dl.py\\youtube_dl\\YoutubeDL.py\", line 672, in extract_info\n  File \"D:\\you\\youtube-dl.py\\youtube_dl\\YoutubeDL.py\", line 718, in process_ie_result\n  File \"D:\\you\\youtube-dl.py\\youtube_dl\\YoutubeDL.py\", line 1337, in process_video_result\n  File \"D:\\you\\youtube-dl.py\\youtube_dl\\YoutubeDL.py\", line 1649, in process_info\n  File \"D:\\you\\youtube-dl.py\\youtube_dl\\YoutubeDL.py\", line 1713, in post_process\n  File \"D:\\you\\youtube-dl.py\\youtube_dl\\postprocessor\\ffmpeg.py\", line 499,in run\n  File \"D:\\you\\youtube-dl.py\\youtube_dl\\utils.py\", line 1987, in dfxp2srt\nKeyError: u'dur'\n```\n\n",
    "9": "Following these steps:\n1. Analyze the buggy function and its relationship with test code, corresponding error message, the runtime input/output values, the expected input/output values, the GitHub issue.\n2. Identify potential error locations within the buggy function.\n3. Explain the cause of the bug using the buggy function, the failing test, the corresponding error message, the runtime input/output variable values, the expected input/output variable values, the GitHub Issue information.\n4. Suggest a strategy for fixing the bug.\n5. Given the buggy function below, provide a corrected version. The corrected version should pass the failing test, satisfy the expected input/output values, resolve the issue posted in GitHub.\n"
}