{
    "1": "def parse_dfxp_time_expr(time_expr):\n    if not time_expr:\n        return\n\n    mobj = re.match(r'^(?P<time_offset>\\d+(?:\\.\\d+)?)s?$', time_expr)\n    if mobj:\n        return float(mobj.group('time_offset'))\n\n    mobj = re.match(r'^(\\d+):(\\d\\d):(\\d\\d(?:\\.\\d+)?)$', time_expr)\n    if mobj:\n        return 3600 * int(mobj.group(1)) + 60 * int(mobj.group(2)) + float(mobj.group(3))\n\n",
    "2": "",
    "3": "# file name: /Volumes/SSD2T/bgp_envs/repos/youtube-dl_27/youtube_dl/utils.py\n\n",
    "4": "# A test function for the buggy function\n```python\n# file name: /Volumes/SSD2T/bgp_envs/repos/youtube-dl_27/test/test_utils.py\n\n    def test_parse_dfxp_time_expr(self):\n        self.assertEqual(parse_dfxp_time_expr(None), None)\n        self.assertEqual(parse_dfxp_time_expr(''), None)\n        self.assertEqual(parse_dfxp_time_expr('0.1'), 0.1)\n        self.assertEqual(parse_dfxp_time_expr('0.1s'), 0.1)\n        self.assertEqual(parse_dfxp_time_expr('00:00:01'), 1.0)\n        self.assertEqual(parse_dfxp_time_expr('00:00:01.100'), 1.1)\n        self.assertEqual(parse_dfxp_time_expr('00:00:01:100'), 1.1)\n```\n\n## Error message from test function\n```text\nself = <test.test_utils.TestUtil testMethod=test_parse_dfxp_time_expr>\n\n    def test_parse_dfxp_time_expr(self):\n        self.assertEqual(parse_dfxp_time_expr(None), None)\n        self.assertEqual(parse_dfxp_time_expr(''), None)\n        self.assertEqual(parse_dfxp_time_expr('0.1'), 0.1)\n        self.assertEqual(parse_dfxp_time_expr('0.1s'), 0.1)\n        self.assertEqual(parse_dfxp_time_expr('00:00:01'), 1.0)\n        self.assertEqual(parse_dfxp_time_expr('00:00:01.100'), 1.1)\n>       self.assertEqual(parse_dfxp_time_expr('00:00:01:100'), 1.1)\nE       AssertionError: None != 1.1\n\ntest/test_utils.py:670: AssertionError\n\n```\n",
    "5": "# Variable runtime value and type inside buggy function\n## Buggy case 1\n### input parameter runtime value and type for buggy function\ntime_expr, value: `''`, type: `str`\n\n## Buggy case 2\n### input parameter runtime value and type for buggy function\ntime_expr, value: `'0.1'`, type: `str`\n\n### variable runtime value and type before buggy function return\nmobj, value: `<re.Match object; span=(0, 3), match='0.1'>`, type: `Match`\n\n## Buggy case 3\n### input parameter runtime value and type for buggy function\ntime_expr, value: `'0.1s'`, type: `str`\n\n### variable runtime value and type before buggy function return\nmobj, value: `<re.Match object; span=(0, 4), match='0.1s'>`, type: `Match`\n\n## Buggy case 4\n### input parameter runtime value and type for buggy function\ntime_expr, value: `'00:00:01'`, type: `str`\n\n### variable runtime value and type before buggy function return\nmobj, value: `<re.Match object; span=(0, 8), match='00:00:01'>`, type: `Match`\n\n## Buggy case 5\n### input parameter runtime value and type for buggy function\ntime_expr, value: `'00:00:01.100'`, type: `str`\n\n### variable runtime value and type before buggy function return\nmobj, value: `<re.Match object; span=(0, 12), match='00:00:01.100'>`, type: `Match`\n\n## Buggy case 6\n### input parameter runtime value and type for buggy function\ntime_expr, value: `'00:00:01:100'`, type: `str`\n\n### variable runtime value and type before buggy function return\nmobj, value: `<re.Match object; span=(0, 12), match='00:00:01:100'>`, type: `Match`\n\n\n\n# Expected variable value and type in tests\n## Expected case 1\n### Input parameter value and type\ntime_expr, value: `''`, type: `str`\n\n## Expected case 2\n### Input parameter value and type\ntime_expr, value: `'0.1'`, type: `str`\n\n### Expected variable value and type before function return\nmobj, expected value: `<re.Match object; span=(0, 3), match='0.1'>`, type: `Match`\n\n## Expected case 3\n### Input parameter value and type\ntime_expr, value: `'0.1s'`, type: `str`\n\n### Expected variable value and type before function return\nmobj, expected value: `<re.Match object; span=(0, 4), match='0.1s'>`, type: `Match`\n\n## Expected case 4\n### Input parameter value and type\ntime_expr, value: `'00:00:01'`, type: `str`\n\n### Expected variable value and type before function return\nmobj, expected value: `<re.Match object; span=(0, 8), match='00:00:01'>`, type: `Match`\n\n## Expected case 5\n### Input parameter value and type\ntime_expr, value: `'00:00:01.100'`, type: `str`\n\n### Expected variable value and type before function return\nmobj, expected value: `<re.Match object; span=(0, 12), match='00:00:01.100'>`, type: `Match`\n\n\n\n",
    "6": "# A GitHub issue title for this bug\n```text\nTTML to SRT conversion error\n```\n\n## The associated detailed issue description\n```text\nWhen running the command:\n\nyoutube-dl.py -f hls-English-2 --write-sub --convert-subtitles srt http://www.nbc.com/undateable/video/west-coast-an-origin-story-walks-into-a-bar/2932364?onid=190056#vc190056=1\nThe video and subtitle download fine but the TTML to SRT conversion errors out with:\n\nWARNING: You have requested to convert dfxp (TTML) subtitles into another format\n, which results in style information loss\nTraceback (most recent call last):\n  File \"C:\\Python27\\lib\\runpy.py\", line 162, in _run_module_as_main\n    \"__main__\", fname, loader, pkg_name)\n  File \"C:\\Python27\\lib\\runpy.py\", line 72, in _run_code\n    exec code in run_globals\n  File \"D:\\you\\youtube-dl.py\\__main__.py\", line 19, in <module>\n  File \"D:\\you\\youtube-dl.py\\youtube_dl\\__init__.py\", line 410, in main\n  File \"D:\\you\\youtube-dl.py\\youtube_dl\\__init__.py\", line 400, in _real_main\n  File \"D:\\you\\youtube-dl.py\\youtube_dl\\YoutubeDL.py\", line 1667, in download\n  File \"D:\\you\\youtube-dl.py\\youtube_dl\\YoutubeDL.py\", line 672, in extract_info\n  File \"D:\\you\\youtube-dl.py\\youtube_dl\\YoutubeDL.py\", line 725, in process_ie_result\n  File \"D:\\you\\youtube-dl.py\\youtube_dl\\YoutubeDL.py\", line 672, in extract_info\n  File \"D:\\you\\youtube-dl.py\\youtube_dl\\YoutubeDL.py\", line 718, in process_ie_result\n  File \"D:\\you\\youtube-dl.py\\youtube_dl\\YoutubeDL.py\", line 1337, in process_video_result\n  File \"D:\\you\\youtube-dl.py\\youtube_dl\\YoutubeDL.py\", line 1649, in process_info\n  File \"D:\\you\\youtube-dl.py\\youtube_dl\\YoutubeDL.py\", line 1713, in post_process\n  File \"D:\\you\\youtube-dl.py\\youtube_dl\\postprocessor\\ffmpeg.py\", line 499,in run\n  File \"D:\\you\\youtube-dl.py\\youtube_dl\\utils.py\", line 1987, in dfxp2srt\nKeyError: u'dur'\n```\n\n",
    "7": "# Instructions\n\n1. Analyze the test case and its relationship with the error message, if applicable.\n2. Identify the potential error location within the problematic function.\n3. Explain the reasons behind the occurrence of the bug.\n4. Suggest possible approaches for fixing the bug.\n5. Present the corrected code for the problematic function."
}