{
    "1": "## The source code of the buggy function\n```python\n# The relative path of the buggy file: youtube_dl/utils.py\n\n# this is the buggy function you need to fix\ndef cli_bool_option(params, command_option, param, true_value='true', false_value='false', separator=None):\n    param = params.get(param)\n    assert isinstance(param, bool)\n    if separator:\n        return [command_option + separator + (true_value if param else false_value)]\n    return [command_option, true_value if param else false_value]\n\n```",
    "2": "",
    "3": "",
    "4": "## A test function that the buggy function fails\n```python\n# The relative path of the failing test file: test/test_utils.py\n\n    def test_cli_bool_option(self):\n        self.assertEqual(\n            cli_bool_option(\n                {'nocheckcertificate': True}, '--no-check-certificate', 'nocheckcertificate'),\n            ['--no-check-certificate', 'true'])\n        self.assertEqual(\n            cli_bool_option(\n                {'nocheckcertificate': True}, '--no-check-certificate', 'nocheckcertificate', separator='='),\n            ['--no-check-certificate=true'])\n        self.assertEqual(\n            cli_bool_option(\n                {'nocheckcertificate': True}, '--check-certificate', 'nocheckcertificate', 'false', 'true'),\n            ['--check-certificate', 'false'])\n        self.assertEqual(\n            cli_bool_option(\n                {'nocheckcertificate': True}, '--check-certificate', 'nocheckcertificate', 'false', 'true', '='),\n            ['--check-certificate=false'])\n        self.assertEqual(\n            cli_bool_option(\n                {'nocheckcertificate': False}, '--check-certificate', 'nocheckcertificate', 'false', 'true'),\n            ['--check-certificate', 'true'])\n        self.assertEqual(\n            cli_bool_option(\n                {'nocheckcertificate': False}, '--check-certificate', 'nocheckcertificate', 'false', 'true', '='),\n            ['--check-certificate=true'])\n        self.assertEqual(\n            cli_bool_option(\n                {}, '--check-certificate', 'nocheckcertificate', 'false', 'true', '='),\n            [])\n```\n\n\n",
    "5": "### The error message from the failing test\n```text\nself = <test.test_utils.TestUtil testMethod=test_cli_bool_option>\n\n    def test_cli_bool_option(self):\n        self.assertEqual(\n            cli_bool_option(\n                {'nocheckcertificate': True}, '--no-check-certificate', 'nocheckcertificate'),\n            ['--no-check-certificate', 'true'])\n        self.assertEqual(\n            cli_bool_option(\n                {'nocheckcertificate': True}, '--no-check-certificate', 'nocheckcertificate', separator='='),\n            ['--no-check-certificate=true'])\n        self.assertEqual(\n            cli_bool_option(\n                {'nocheckcertificate': True}, '--check-certificate', 'nocheckcertificate', 'false', 'true'),\n            ['--check-certificate', 'false'])\n        self.assertEqual(\n            cli_bool_option(\n                {'nocheckcertificate': True}, '--check-certificate', 'nocheckcertificate', 'false', 'true', '='),\n            ['--check-certificate=false'])\n        self.assertEqual(\n            cli_bool_option(\n                {'nocheckcertificate': False}, '--check-certificate', 'nocheckcertificate', 'false', 'true'),\n            ['--check-certificate', 'true'])\n        self.assertEqual(\n            cli_bool_option(\n                {'nocheckcertificate': False}, '--check-certificate', 'nocheckcertificate', 'false', 'true', '='),\n            ['--check-certificate=true'])\n        self.assertEqual(\n            cli_bool_option(\n>               {}, '--check-certificate', 'nocheckcertificate', 'false', 'true', '='),\n            [])\n\ntest/test_utils.py:1187: \n_ _ _ _ _ _ _ _ _ _ _ _ _ _ _ _ _ _ _ _ _ _ _ _ _ _ _ _ _ _ _ _ _ _ _ _ _ _ _ _ \n\nparams = {}, command_option = '--check-certificate', param = None\ntrue_value = 'false', false_value = 'true', separator = '='\n\n    def cli_bool_option(params, command_option, param, true_value='true', false_value='false', separator=None):\n        param = params.get(param)\n>       assert isinstance(param, bool)\nE       AssertionError\n\nyoutube_dl/utils.py:2736: AssertionError\n\n```\n",
    "6": "## Runtime values and types of variables inside the buggy function\nEach case below includes input parameter values and types, and the values and types of relevant variables at the function's return, derived from executing failing tests. If an input parameter is not reflected in the output, it is assumed to remain unchanged. Note that some of these values at the function's return might be incorrect. Analyze these cases to identify why the tests are failing to effectively fix the bug.\n\n### Case 1\n#### Runtime values and types of the input parameters of the buggy function\nparam, value: `'nocheckcertificate'`, type: `str`\n\nparams, value: `{'nocheckcertificate': True}`, type: `dict`\n\ncommand_option, value: `'--no-check-certificate'`, type: `str`\n\ntrue_value, value: `'true'`, type: `str`\n\nfalse_value, value: `'false'`, type: `str`\n\n#### Runtime values and types of variables right before the buggy function's return\nparam, value: `True`, type: `bool`\n\n### Case 2\n#### Runtime values and types of the input parameters of the buggy function\nparam, value: `'nocheckcertificate'`, type: `str`\n\nparams, value: `{'nocheckcertificate': True}`, type: `dict`\n\nseparator, value: `'='`, type: `str`\n\ncommand_option, value: `'--no-check-certificate'`, type: `str`\n\ntrue_value, value: `'true'`, type: `str`\n\nfalse_value, value: `'false'`, type: `str`\n\n#### Runtime values and types of variables right before the buggy function's return\nparam, value: `True`, type: `bool`\n\n### Case 3\n#### Runtime values and types of the input parameters of the buggy function\nparam, value: `'nocheckcertificate'`, type: `str`\n\nparams, value: `{'nocheckcertificate': True}`, type: `dict`\n\ncommand_option, value: `'--check-certificate'`, type: `str`\n\ntrue_value, value: `'false'`, type: `str`\n\nfalse_value, value: `'true'`, type: `str`\n\n#### Runtime values and types of variables right before the buggy function's return\nparam, value: `True`, type: `bool`\n\n### Case 4\n#### Runtime values and types of the input parameters of the buggy function\nparam, value: `'nocheckcertificate'`, type: `str`\n\nparams, value: `{'nocheckcertificate': True}`, type: `dict`\n\nseparator, value: `'='`, type: `str`\n\ncommand_option, value: `'--check-certificate'`, type: `str`\n\ntrue_value, value: `'false'`, type: `str`\n\nfalse_value, value: `'true'`, type: `str`\n\n#### Runtime values and types of variables right before the buggy function's return\nparam, value: `True`, type: `bool`\n\n### Case 5\n#### Runtime values and types of the input parameters of the buggy function\nparam, value: `'nocheckcertificate'`, type: `str`\n\nparams, value: `{'nocheckcertificate': False}`, type: `dict`\n\ncommand_option, value: `'--check-certificate'`, type: `str`\n\ntrue_value, value: `'false'`, type: `str`\n\nfalse_value, value: `'true'`, type: `str`\n\n#### Runtime values and types of variables right before the buggy function's return\nparam, value: `False`, type: `bool`\n\n### Case 6\n#### Runtime values and types of the input parameters of the buggy function\nparam, value: `'nocheckcertificate'`, type: `str`\n\nparams, value: `{'nocheckcertificate': False}`, type: `dict`\n\nseparator, value: `'='`, type: `str`\n\ncommand_option, value: `'--check-certificate'`, type: `str`\n\ntrue_value, value: `'false'`, type: `str`\n\nfalse_value, value: `'true'`, type: `str`\n\n#### Runtime values and types of variables right before the buggy function's return\nparam, value: `False`, type: `bool`\n\n",
    "7": "## Expected values and types of variables during the failing test execution\nEach case below includes input parameter values and types, and the expected values and types of relevant variables at the function's return. If an input parameter is not reflected in the output, it is assumed to remain unchanged. A corrected function must satisfy all these cases.\n\n### Expected case 1\n#### The values and types of buggy function's parameters\nparam, expected value: `'nocheckcertificate'`, type: `str`\n\nparams, expected value: `{'nocheckcertificate': True}`, type: `dict`\n\ncommand_option, expected value: `'--no-check-certificate'`, type: `str`\n\ntrue_value, expected value: `'true'`, type: `str`\n\nfalse_value, expected value: `'false'`, type: `str`\n\n#### Expected values and types of variables right before the buggy function's return\nparam, expected value: `True`, type: `bool`\n\n### Expected case 2\n#### The values and types of buggy function's parameters\nparam, expected value: `'nocheckcertificate'`, type: `str`\n\nparams, expected value: `{'nocheckcertificate': True}`, type: `dict`\n\nseparator, expected value: `'='`, type: `str`\n\ncommand_option, expected value: `'--no-check-certificate'`, type: `str`\n\ntrue_value, expected value: `'true'`, type: `str`\n\nfalse_value, expected value: `'false'`, type: `str`\n\n#### Expected values and types of variables right before the buggy function's return\nparam, expected value: `True`, type: `bool`\n\n### Expected case 3\n#### The values and types of buggy function's parameters\nparam, expected value: `'nocheckcertificate'`, type: `str`\n\nparams, expected value: `{'nocheckcertificate': True}`, type: `dict`\n\ncommand_option, expected value: `'--check-certificate'`, type: `str`\n\ntrue_value, expected value: `'false'`, type: `str`\n\nfalse_value, expected value: `'true'`, type: `str`\n\n#### Expected values and types of variables right before the buggy function's return\nparam, expected value: `True`, type: `bool`\n\n### Expected case 4\n#### The values and types of buggy function's parameters\nparam, expected value: `'nocheckcertificate'`, type: `str`\n\nparams, expected value: `{'nocheckcertificate': True}`, type: `dict`\n\nseparator, expected value: `'='`, type: `str`\n\ncommand_option, expected value: `'--check-certificate'`, type: `str`\n\ntrue_value, expected value: `'false'`, type: `str`\n\nfalse_value, expected value: `'true'`, type: `str`\n\n#### Expected values and types of variables right before the buggy function's return\nparam, expected value: `True`, type: `bool`\n\n### Expected case 5\n#### The values and types of buggy function's parameters\nparam, expected value: `'nocheckcertificate'`, type: `str`\n\nparams, expected value: `{'nocheckcertificate': False}`, type: `dict`\n\ncommand_option, expected value: `'--check-certificate'`, type: `str`\n\ntrue_value, expected value: `'false'`, type: `str`\n\nfalse_value, expected value: `'true'`, type: `str`\n\n#### Expected values and types of variables right before the buggy function's return\nparam, expected value: `False`, type: `bool`\n\n### Expected case 6\n#### The values and types of buggy function's parameters\nparam, expected value: `'nocheckcertificate'`, type: `str`\n\nparams, expected value: `{'nocheckcertificate': False}`, type: `dict`\n\nseparator, expected value: `'='`, type: `str`\n\ncommand_option, expected value: `'--check-certificate'`, type: `str`\n\ntrue_value, expected value: `'false'`, type: `str`\n\nfalse_value, expected value: `'true'`, type: `str`\n\n#### Expected values and types of variables right before the buggy function's return\nparam, expected value: `False`, type: `bool`\n\n### Expected case 7\n#### The values and types of buggy function's parameters\nparam, expected value: `'nocheckcertificate'`, type: `str`\n\nparams, expected value: `{}`, type: `dict`\n\nseparator, expected value: `'='`, type: `str`\n\ncommand_option, expected value: `'--check-certificate'`, type: `str`\n\ntrue_value, expected value: `'false'`, type: `str`\n\nfalse_value, expected value: `'true'`, type: `str`\n\n",
    "8": "## A GitHub issue for this bug\n\nThe issue's title:\n```text\nError when using external_downloader = curl without explicitly specifying continuedl\n```\n\nThe issue's detailed description:\n```text\nIn CurlFD, this line\n\ncmd += self._bool_option('--continue-at', 'continuedl', '-', '0')\nwill fail since continuedl value is None, unless it is explicitly specified in the options.\n```\n\n",
    "9": "Following these steps:\n1. Analyze the buggy function and its relationship with test code, corresponding error message, the runtime input/output values, the expected input/output values, the GitHub issue.\n2. Identify potential error locations within the buggy function.\n3. Explain the cause of the bug using the buggy function, the failing test, the corresponding error message, the runtime input/output variable values, the expected input/output variable values, the GitHub Issue information.\n4. Suggest a strategy for fixing the bug.\n5. Given the buggy function below, provide a corrected version. The corrected version should pass the failing test, satisfy the expected input/output values, resolve the issue posted in GitHub.\n"
}