{
    "1": "    def match(command, settings):\n        return 'EDITOR' in os.environ and _search(command.stderr)\n    \n",
    "2": "",
    "3": "# file name: /Volumes/SSD2T/bgp_envs/repos/thefuck_30/thefuck/rules/fix_file.py\n\n# relative function's signature in this file\ndef _search(stderr):\n    # ... omitted code ...\n    pass\n\n",
    "4": "# A test function for the buggy function\n```python\n# file name: /Volumes/SSD2T/bgp_envs/repos/thefuck_30/tests/rules/test_fix_file.py\n\n@pytest.mark.parametrize('test', tests)\ndef test_not_file(mocker, monkeypatch, test):\n    mocker.patch('os.path.isfile', return_value=False)\n    monkeypatch.setenv('EDITOR', 'dummy_editor')\n\n    assert not match(Command(stderr=test[4]), None)\n```\n\n## Error message from test function\n```text\nmocker = <pytest_mock.plugin.MockFixture object at 0x10a1a6e10>\nmonkeypatch = <_pytest.monkeypatch.MonkeyPatch object at 0x10a1a6d10>\ntest = ('gcc a.c', 'a.c', 3, 1, \"\\na.c: In function 'main':\\na.c:3:1: error: expected expression before '}' token\\n }\\n  ^\\n\")\n\n    @pytest.mark.parametrize('test', tests)\n    def test_not_file(mocker, monkeypatch, test):\n        mocker.patch('os.path.isfile', return_value=False)\n        monkeypatch.setenv('EDITOR', 'dummy_editor')\n    \n>       assert not match(Command(stderr=test[4]), None)\nE       assert not <re.Match object; span=(26, 32), match='a.c:3:'>\nE        +  where <re.Match object; span=(26, 32), match='a.c:3:'> = match(Command(script='', stdout='', stderr=\"\\na.c: In function 'main':\\na.c:3:1: error: expected expression before '}' token\\n }\\n  ^\\n\"), None)\nE        +    where Command(script='', stdout='', stderr=\"\\na.c: In function 'main':\\na.c:3:1: error: expected expression before '}' token\\n }\\n  ^\\n\") = Command(stderr=\"\\na.c: In function 'main':\\na.c:3:1: error: expected expression before '}' token\\n }\\n  ^\\n\")\n\ntests/rules/test_fix_file.py:181: AssertionError\n\n```\n# A test function for the buggy function\n```python\n# file name: /Volumes/SSD2T/bgp_envs/repos/thefuck_30/tests/rules/test_fix_file.py\n\n@pytest.mark.parametrize('test', tests)\ndef test_not_file(mocker, monkeypatch, test):\n    mocker.patch('os.path.isfile', return_value=False)\n    monkeypatch.setenv('EDITOR', 'dummy_editor')\n\n    assert not match(Command(stderr=test[4]), None)\n```\n\n## Error message from test function\n```text\nmocker = <pytest_mock.plugin.MockFixture object at 0x10a245790>\nmonkeypatch = <_pytest.monkeypatch.MonkeyPatch object at 0x10a245ed0>\ntest = ('clang a.c', 'a.c', 3, 1, '\\na.c:3:1: error: expected expression\\n}\\n^\\n')\n\n    @pytest.mark.parametrize('test', tests)\n    def test_not_file(mocker, monkeypatch, test):\n        mocker.patch('os.path.isfile', return_value=False)\n        monkeypatch.setenv('EDITOR', 'dummy_editor')\n    \n>       assert not match(Command(stderr=test[4]), None)\nE       AssertionError: assert not <re.Match object; span=(1, 7), match='a.c:3:'>\nE        +  where <re.Match object; span=(1, 7), match='a.c:3:'> = match(Command(script='', stdout='', stderr='\\na.c:3:1: error: expected expression\\n}\\n^\\n'), None)\nE        +    where Command(script='', stdout='', stderr='\\na.c:3:1: error: expected expression\\n}\\n^\\n') = Command(stderr='\\na.c:3:1: error: expected expression\\n}\\n^\\n')\n\ntests/rules/test_fix_file.py:181: AssertionError\n\n```\n# A test function for the buggy function\n```python\n# file name: /Volumes/SSD2T/bgp_envs/repos/thefuck_30/tests/rules/test_fix_file.py\n\n@pytest.mark.parametrize('test', tests)\ndef test_not_file(mocker, monkeypatch, test):\n    mocker.patch('os.path.isfile', return_value=False)\n    monkeypatch.setenv('EDITOR', 'dummy_editor')\n\n    assert not match(Command(stderr=test[4]), None)\n```\n\n## Error message from test function\n```text\nmocker = <pytest_mock.plugin.MockFixture object at 0x10a263f90>\nmonkeypatch = <_pytest.monkeypatch.MonkeyPatch object at 0x10a263690>\ntest = ('perl a.pl', 'a.pl', 3, None, '\\nsyntax error at a.pl line 3, at EOF\\nExecution of a.pl aborted due to compilation errors.\\n')\n\n    @pytest.mark.parametrize('test', tests)\n    def test_not_file(mocker, monkeypatch, test):\n        mocker.patch('os.path.isfile', return_value=False)\n        monkeypatch.setenv('EDITOR', 'dummy_editor')\n    \n>       assert not match(Command(stderr=test[4]), None)\nE       AssertionError: assert not <re.Match object; span=(14, 28), match='at a.pl line 3'>\nE        +  where <re.Match object; span=(14, 28), match='at a.pl line 3'> = match(Command(script='', stdout='', stderr='\\nsyntax error at a.pl line 3, at EOF\\nExecution of a.pl aborted due to compilation errors.\\n'), None)\nE        +    where Command(script='', stdout='', stderr='\\nsyntax error at a.pl line 3, at EOF\\nExecution of a.pl aborted due to compilation errors.\\n') = Command(stderr='\\nsyntax error at a.pl line 3, at EOF\\nExecution of a.pl aborted due to compilation errors.\\n')\n\ntests/rules/test_fix_file.py:181: AssertionError\n\n```\n# A test function for the buggy function\n```python\n# file name: /Volumes/SSD2T/bgp_envs/repos/thefuck_30/tests/rules/test_fix_file.py\n\n@pytest.mark.parametrize('test', tests)\ndef test_not_file(mocker, monkeypatch, test):\n    mocker.patch('os.path.isfile', return_value=False)\n    monkeypatch.setenv('EDITOR', 'dummy_editor')\n\n    assert not match(Command(stderr=test[4]), None)\n```\n\n## Error message from test function\n```text\nmocker = <pytest_mock.plugin.MockFixture object at 0x10a2acc10>\nmonkeypatch = <_pytest.monkeypatch.MonkeyPatch object at 0x10a2ac850>\ntest = ('perl a.pl', 'a.pl', 2, None, '\\nSearch pattern not terminated at a.pl line 2.\\n')\n\n    @pytest.mark.parametrize('test', tests)\n    def test_not_file(mocker, monkeypatch, test):\n        mocker.patch('os.path.isfile', return_value=False)\n        monkeypatch.setenv('EDITOR', 'dummy_editor')\n    \n>       assert not match(Command(stderr=test[4]), None)\nE       AssertionError: assert not <re.Match object; span=(31, 45), match='at a.pl line 2'>\nE        +  where <re.Match object; span=(31, 45), match='at a.pl line 2'> = match(Command(script='', stdout='', stderr='\\nSearch pattern not terminated at a.pl line 2.\\n'), None)\nE        +    where Command(script='', stdout='', stderr='\\nSearch pattern not terminated at a.pl line 2.\\n') = Command(stderr='\\nSearch pattern not terminated at a.pl line 2.\\n')\n\ntests/rules/test_fix_file.py:181: AssertionError\n\n```\n# A test function for the buggy function\n```python\n# file name: /Volumes/SSD2T/bgp_envs/repos/thefuck_30/tests/rules/test_fix_file.py\n\n@pytest.mark.parametrize('test', tests)\ndef test_not_file(mocker, monkeypatch, test):\n    mocker.patch('os.path.isfile', return_value=False)\n    monkeypatch.setenv('EDITOR', 'dummy_editor')\n\n    assert not match(Command(stderr=test[4]), None)\n```\n\n## Error message from test function\n```text\nmocker = <pytest_mock.plugin.MockFixture object at 0x10a290ad0>\nmonkeypatch = <_pytest.monkeypatch.MonkeyPatch object at 0x10a2909d0>\ntest = ('sh a.sh', 'a.sh', 2, None, '\\na.sh: line 2: foo: command not found\\n')\n\n    @pytest.mark.parametrize('test', tests)\n    def test_not_file(mocker, monkeypatch, test):\n        mocker.patch('os.path.isfile', return_value=False)\n        monkeypatch.setenv('EDITOR', 'dummy_editor')\n    \n>       assert not match(Command(stderr=test[4]), None)\nE       AssertionError: assert not <re.Match object; span=(1, 15), match='a.sh: line 2: '>\nE        +  where <re.Match object; span=(1, 15), match='a.sh: line 2: '> = match(Command(script='', stdout='', stderr='\\na.sh: line 2: foo: command not found\\n'), None)\nE        +    where Command(script='', stdout='', stderr='\\na.sh: line 2: foo: command not found\\n') = Command(stderr='\\na.sh: line 2: foo: command not found\\n')\n\ntests/rules/test_fix_file.py:181: AssertionError\n\n```\n# A test function for the buggy function\n```python\n# file name: /Volumes/SSD2T/bgp_envs/repos/thefuck_30/tests/rules/test_fix_file.py\n\n@pytest.mark.parametrize('test', tests)\ndef test_not_file(mocker, monkeypatch, test):\n    mocker.patch('os.path.isfile', return_value=False)\n    monkeypatch.setenv('EDITOR', 'dummy_editor')\n\n    assert not match(Command(stderr=test[4]), None)\n```\n\n## Error message from test function\n```text\nmocker = <pytest_mock.plugin.MockFixture object at 0x10a2abb10>\nmonkeypatch = <_pytest.monkeypatch.MonkeyPatch object at 0x10a2aba50>\ntest = ('zsh a.sh', 'a.sh', 2, None, '\\na.sh:2: command not found: foo\\n')\n\n    @pytest.mark.parametrize('test', tests)\n    def test_not_file(mocker, monkeypatch, test):\n        mocker.patch('os.path.isfile', return_value=False)\n        monkeypatch.setenv('EDITOR', 'dummy_editor')\n    \n>       assert not match(Command(stderr=test[4]), None)\nE       AssertionError: assert not <re.Match object; span=(1, 8), match='a.sh:2:'>\nE        +  where <re.Match object; span=(1, 8), match='a.sh:2:'> = match(Command(script='', stdout='', stderr='\\na.sh:2: command not found: foo\\n'), None)\nE        +    where Command(script='', stdout='', stderr='\\na.sh:2: command not found: foo\\n') = Command(stderr='\\na.sh:2: command not found: foo\\n')\n\ntests/rules/test_fix_file.py:181: AssertionError\n\n```\n# A test function for the buggy function\n```python\n# file name: /Volumes/SSD2T/bgp_envs/repos/thefuck_30/tests/rules/test_fix_file.py\n\n@pytest.mark.parametrize('test', tests)\ndef test_not_file(mocker, monkeypatch, test):\n    mocker.patch('os.path.isfile', return_value=False)\n    monkeypatch.setenv('EDITOR', 'dummy_editor')\n\n    assert not match(Command(stderr=test[4]), None)\n```\n\n## Error message from test function\n```text\nmocker = <pytest_mock.plugin.MockFixture object at 0x10a295f50>\nmonkeypatch = <_pytest.monkeypatch.MonkeyPatch object at 0x10a295ad0>\ntest = ('bash a.sh', 'a.sh', 2, None, '\\na.sh: line 2: foo: command not found\\n')\n\n    @pytest.mark.parametrize('test', tests)\n    def test_not_file(mocker, monkeypatch, test):\n        mocker.patch('os.path.isfile', return_value=False)\n        monkeypatch.setenv('EDITOR', 'dummy_editor')\n    \n>       assert not match(Command(stderr=test[4]), None)\nE       AssertionError: assert not <re.Match object; span=(1, 15), match='a.sh: line 2: '>\nE        +  where <re.Match object; span=(1, 15), match='a.sh: line 2: '> = match(Command(script='', stdout='', stderr='\\na.sh: line 2: foo: command not found\\n'), None)\nE        +    where Command(script='', stdout='', stderr='\\na.sh: line 2: foo: command not found\\n') = Command(stderr='\\na.sh: line 2: foo: command not found\\n')\n\ntests/rules/test_fix_file.py:181: AssertionError\n\n```\n# A test function for the buggy function\n```python\n# file name: /Volumes/SSD2T/bgp_envs/repos/thefuck_30/tests/rules/test_fix_file.py\n\n@pytest.mark.parametrize('test', tests)\ndef test_not_file(mocker, monkeypatch, test):\n    mocker.patch('os.path.isfile', return_value=False)\n    monkeypatch.setenv('EDITOR', 'dummy_editor')\n\n    assert not match(Command(stderr=test[4]), None)\n```\n\n## Error message from test function\n```text\nmocker = <pytest_mock.plugin.MockFixture object at 0x10a2a8450>\nmonkeypatch = <_pytest.monkeypatch.MonkeyPatch object at 0x10a2a87d0>\ntest = ('rustc a.rs', 'a.rs', 2, 5, '\\na.rs:2:5: 2:6 error: unexpected token: `+`\\na.rs:2     +\\n           ^\\n')\n\n    @pytest.mark.parametrize('test', tests)\n    def test_not_file(mocker, monkeypatch, test):\n        mocker.patch('os.path.isfile', return_value=False)\n        monkeypatch.setenv('EDITOR', 'dummy_editor')\n    \n>       assert not match(Command(stderr=test[4]), None)\nE       AssertionError: assert not <re.Match object; span=(1, 8), match='a.rs:2:'>\nE        +  where <re.Match object; span=(1, 8), match='a.rs:2:'> = match(Command(script='', stdout='', stderr='\\na.rs:2:5: 2:6 error: unexpected token: `+`\\na.rs:2     +\\n           ^\\n'), None)\nE        +    where Command(script='', stdout='', stderr='\\na.rs:2:5: 2:6 error: unexpected token: `+`\\na.rs:2     +\\n           ^\\n') = Command(stderr='\\na.rs:2:5: 2:6 error: unexpected token: `+`\\na.rs:2     +\\n           ^\\n')\n\ntests/rules/test_fix_file.py:181: AssertionError\n\n```\n# A test function for the buggy function\n```python\n# file name: /Volumes/SSD2T/bgp_envs/repos/thefuck_30/tests/rules/test_fix_file.py\n\n@pytest.mark.parametrize('test', tests)\ndef test_not_file(mocker, monkeypatch, test):\n    mocker.patch('os.path.isfile', return_value=False)\n    monkeypatch.setenv('EDITOR', 'dummy_editor')\n\n    assert not match(Command(stderr=test[4]), None)\n```\n\n## Error message from test function\n```text\nmocker = <pytest_mock.plugin.MockFixture object at 0x10a2e5e50>\nmonkeypatch = <_pytest.monkeypatch.MonkeyPatch object at 0x10a2e5c10>\ntest = ('cargo build', 'src/lib.rs', 3, 5, '\\n   Compiling test v0.1.0 (file:///tmp/fix-error/test)\\n   src/lib.rs:3:5: 3:6 e...s:3     +\\n                    ^\\nCould not compile `test`.\\n\\nTo learn more, run the command again with --verbose.\\n')\n\n    @pytest.mark.parametrize('test', tests)\n    def test_not_file(mocker, monkeypatch, test):\n        mocker.patch('os.path.isfile', return_value=False)\n        monkeypatch.setenv('EDITOR', 'dummy_editor')\n    \n>       assert not match(Command(stderr=test[4]), None)\nE       AssertionError: assert not <re.Match object; span=(55, 72), match='   src/lib.rs:3:5'>\nE        +  where <re.Match object; span=(55, 72), match='   src/lib.rs:3:5'> = match(Command(script='', stdout='', stderr='\\n   Compiling test v0.1.0 (file:///tmp/fix-error/test)\\n   src/lib.rs:3:5: 3:6 ...s:3     +\\n                    ^\\nCould not compile `test`.\\n\\nTo learn more, run the command again with --verbose.\\n'), None)\nE        +    where Command(script='', stdout='', stderr='\\n   Compiling test v0.1.0 (file:///tmp/fix-error/test)\\n   src/lib.rs:3:5: 3:6 ...s:3     +\\n                    ^\\nCould not compile `test`.\\n\\nTo learn more, run the command again with --verbose.\\n') = Command(stderr='\\n   Compiling test v0.1.0 (file:///tmp/fix-error/test)\\n   src/lib.rs:3:5: 3:6 error: unexpected token: `+`\\n   src/...rs:3     +\\n                    ^\\nCould not compile `test`.\\n\\nTo learn more, run the command again with --verbose.\\n')\n\ntests/rules/test_fix_file.py:181: AssertionError\n\n```\n# A test function for the buggy function\n```python\n# file name: /Volumes/SSD2T/bgp_envs/repos/thefuck_30/tests/rules/test_fix_file.py\n\n@pytest.mark.parametrize('test', tests)\ndef test_not_file(mocker, monkeypatch, test):\n    mocker.patch('os.path.isfile', return_value=False)\n    monkeypatch.setenv('EDITOR', 'dummy_editor')\n\n    assert not match(Command(stderr=test[4]), None)\n```\n\n## Error message from test function\n```text\nmocker = <pytest_mock.plugin.MockFixture object at 0x10a2ef710>\nmonkeypatch = <_pytest.monkeypatch.MonkeyPatch object at 0x10a2efe10>\ntest = ('python a.py', 'a.py', 2, None, '\\n  File \"a.py\", line 2\\n      +\\n          ^\\nSyntaxError: invalid syntax\\n')\n\n    @pytest.mark.parametrize('test', tests)\n    def test_not_file(mocker, monkeypatch, test):\n        mocker.patch('os.path.isfile', return_value=False)\n        monkeypatch.setenv('EDITOR', 'dummy_editor')\n    \n>       assert not match(Command(stderr=test[4]), None)\nE       assert not <re.Match object; span=(1, 22), match='  File \"a.py\", line 2'>\nE        +  where <re.Match object; span=(1, 22), match='  File \"a.py\", line 2'> = match(Command(script='', stdout='', stderr='\\n  File \"a.py\", line 2\\n      +\\n          ^\\nSyntaxError: invalid syntax\\n'), None)\nE        +    where Command(script='', stdout='', stderr='\\n  File \"a.py\", line 2\\n      +\\n          ^\\nSyntaxError: invalid syntax\\n') = Command(stderr='\\n  File \"a.py\", line 2\\n      +\\n          ^\\nSyntaxError: invalid syntax\\n')\n\ntests/rules/test_fix_file.py:181: AssertionError\n\n```\n# A test function for the buggy function\n```python\n# file name: /Volumes/SSD2T/bgp_envs/repos/thefuck_30/tests/rules/test_fix_file.py\n\n@pytest.mark.parametrize('test', tests)\ndef test_not_file(mocker, monkeypatch, test):\n    mocker.patch('os.path.isfile', return_value=False)\n    monkeypatch.setenv('EDITOR', 'dummy_editor')\n\n    assert not match(Command(stderr=test[4]), None)\n```\n\n## Error message from test function\n```text\nmocker = <pytest_mock.plugin.MockFixture object at 0x10a2ec290>\nmonkeypatch = <_pytest.monkeypatch.MonkeyPatch object at 0x10a2ec850>\ntest = ('python a.py', 'a.py', 8, None, '\\nTraceback (most recent call last):\\n  File \"a.py\", line 8, in <module>\\n    match(...(\"first argument must be string or compiled pattern\")\\nTypeError: first argument must be string or compiled pattern\\n')\n\n    @pytest.mark.parametrize('test', tests)\n    def test_not_file(mocker, monkeypatch, test):\n        mocker.patch('os.path.isfile', return_value=False)\n        monkeypatch.setenv('EDITOR', 'dummy_editor')\n    \n>       assert not match(Command(stderr=test[4]), None)\nE       assert not <re.Match object; span=(36, 57), match='  File \"a.py\", line 8'>\nE        +  where <re.Match object; span=(36, 57), match='  File \"a.py\", line 8'> = match(Command(script='', stdout='', stderr='\\nTraceback (most recent call last):\\n  File \"a.py\", line 8, in <module>\\n    ma...(\"first argument must be string or compiled pattern\")\\nTypeError: first argument must be string or compiled pattern\\n'), None)\nE        +    where Command(script='', stdout='', stderr='\\nTraceback (most recent call last):\\n  File \"a.py\", line 8, in <module>\\n    ma...(\"first argument must be string or compiled pattern\")\\nTypeError: first argument must be string or compiled pattern\\n') = Command(stderr='\\nTraceback (most recent call last):\\n  File \"a.py\", line 8, in <module>\\n    match(\"foo\")\\n  File \"a.py\", line 5, in...r(\"first argument must be string or compiled pattern\")\\nTypeError: first argument must be string or compiled pattern\\n')\n\ntests/rules/test_fix_file.py:181: AssertionError\n\n```\n# A test function for the buggy function\n```python\n# file name: /Volumes/SSD2T/bgp_envs/repos/thefuck_30/tests/rules/test_fix_file.py\n\n@pytest.mark.parametrize('test', tests)\ndef test_not_file(mocker, monkeypatch, test):\n    mocker.patch('os.path.isfile', return_value=False)\n    monkeypatch.setenv('EDITOR', 'dummy_editor')\n\n    assert not match(Command(stderr=test[4]), None)\n```\n\n## Error message from test function\n```text\nmocker = <pytest_mock.plugin.MockFixture object at 0x10a2ef050>\nmonkeypatch = <_pytest.monkeypatch.MonkeyPatch object at 0x10a2ef1d0>\ntest = ('ruby a.rb', 'a.rb', 3, None, '\\na.rb:3: syntax error, unexpected keyword_end\\n')\n\n    @pytest.mark.parametrize('test', tests)\n    def test_not_file(mocker, monkeypatch, test):\n        mocker.patch('os.path.isfile', return_value=False)\n        monkeypatch.setenv('EDITOR', 'dummy_editor')\n    \n>       assert not match(Command(stderr=test[4]), None)\nE       AssertionError: assert not <re.Match object; span=(1, 8), match='a.rb:3:'>\nE        +  where <re.Match object; span=(1, 8), match='a.rb:3:'> = match(Command(script='', stdout='', stderr='\\na.rb:3: syntax error, unexpected keyword_end\\n'), None)\nE        +    where Command(script='', stdout='', stderr='\\na.rb:3: syntax error, unexpected keyword_end\\n') = Command(stderr='\\na.rb:3: syntax error, unexpected keyword_end\\n')\n\ntests/rules/test_fix_file.py:181: AssertionError\n\n```\n# A test function for the buggy function\n```python\n# file name: /Volumes/SSD2T/bgp_envs/repos/thefuck_30/tests/rules/test_fix_file.py\n\n@pytest.mark.parametrize('test', tests)\ndef test_not_file(mocker, monkeypatch, test):\n    mocker.patch('os.path.isfile', return_value=False)\n    monkeypatch.setenv('EDITOR', 'dummy_editor')\n\n    assert not match(Command(stderr=test[4]), None)\n```\n\n## Error message from test function\n```text\nmocker = <pytest_mock.plugin.MockFixture object at 0x10a2a5f50>\nmonkeypatch = <_pytest.monkeypatch.MonkeyPatch object at 0x10a2a8610>\ntest = ('lua a.lua', 'a.lua', 2, None, \"\\nlua: a.lua:2: unexpected symbol near '+'\\n\")\n\n    @pytest.mark.parametrize('test', tests)\n    def test_not_file(mocker, monkeypatch, test):\n        mocker.patch('os.path.isfile', return_value=False)\n        monkeypatch.setenv('EDITOR', 'dummy_editor')\n    \n>       assert not match(Command(stderr=test[4]), None)\nE       assert not <re.Match object; span=(1, 14), match='lua: a.lua:2:'>\nE        +  where <re.Match object; span=(1, 14), match='lua: a.lua:2:'> = match(Command(script='', stdout='', stderr=\"\\nlua: a.lua:2: unexpected symbol near '+'\\n\"), None)\nE        +    where Command(script='', stdout='', stderr=\"\\nlua: a.lua:2: unexpected symbol near '+'\\n\") = Command(stderr=\"\\nlua: a.lua:2: unexpected symbol near '+'\\n\")\n\ntests/rules/test_fix_file.py:181: AssertionError\n\n```\n# A test function for the buggy function\n```python\n# file name: /Volumes/SSD2T/bgp_envs/repos/thefuck_30/tests/rules/test_fix_file.py\n\n@pytest.mark.parametrize('test', tests)\ndef test_not_file(mocker, monkeypatch, test):\n    mocker.patch('os.path.isfile', return_value=False)\n    monkeypatch.setenv('EDITOR', 'dummy_editor')\n\n    assert not match(Command(stderr=test[4]), None)\n```\n\n## Error message from test function\n```text\nmocker = <pytest_mock.plugin.MockFixture object at 0x10a2ab750>\nmonkeypatch = <_pytest.monkeypatch.MonkeyPatch object at 0x10a2ab710>\ntest = ('fish a.sh', '/tmp/fix-error/a.sh', 2, None, \"\\nfish: Unknown command 'foo'\\n/tmp/fix-error/a.sh (line 2): foo\\n                              ^\\n\")\n\n    @pytest.mark.parametrize('test', tests)\n    def test_not_file(mocker, monkeypatch, test):\n        mocker.patch('os.path.isfile', return_value=False)\n        monkeypatch.setenv('EDITOR', 'dummy_editor')\n    \n>       assert not match(Command(stderr=test[4]), None)\nE       assert not <re.Match object; span=(29, 58), match='/tmp/fix-error/a.sh (line 2):'>\nE        +  where <re.Match object; span=(29, 58), match='/tmp/fix-error/a.sh (line 2):'> = match(Command(script='', stdout='', stderr=\"\\nfish: Unknown command 'foo'\\n/tmp/fix-error/a.sh (line 2): foo\\n                              ^\\n\"), None)\nE        +    where Command(script='', stdout='', stderr=\"\\nfish: Unknown command 'foo'\\n/tmp/fix-error/a.sh (line 2): foo\\n                              ^\\n\") = Command(stderr=\"\\nfish: Unknown command 'foo'\\n/tmp/fix-error/a.sh (line 2): foo\\n                              ^\\n\")\n\ntests/rules/test_fix_file.py:181: AssertionError\n\n```\n# A test function for the buggy function\n```python\n# file name: /Volumes/SSD2T/bgp_envs/repos/thefuck_30/tests/rules/test_fix_file.py\n\n@pytest.mark.parametrize('test', tests)\ndef test_not_file(mocker, monkeypatch, test):\n    mocker.patch('os.path.isfile', return_value=False)\n    monkeypatch.setenv('EDITOR', 'dummy_editor')\n\n    assert not match(Command(stderr=test[4]), None)\n```\n\n## Error message from test function\n```text\nmocker = <pytest_mock.plugin.MockFixture object at 0x10a2ef090>\nmonkeypatch = <_pytest.monkeypatch.MonkeyPatch object at 0x10a2ef410>\ntest = ('./a', './a', 2, None, '\\nawk: ./a:2: BEGIN { print \"Hello, world!\" + }\\nawk: ./a:2:                                 ^ syntax error\\n')\n\n    @pytest.mark.parametrize('test', tests)\n    def test_not_file(mocker, monkeypatch, test):\n        mocker.patch('os.path.isfile', return_value=False)\n        monkeypatch.setenv('EDITOR', 'dummy_editor')\n    \n>       assert not match(Command(stderr=test[4]), None)\nE       assert not <re.Match object; span=(1, 12), match='awk: ./a:2:'>\nE        +  where <re.Match object; span=(1, 12), match='awk: ./a:2:'> = match(Command(script='', stdout='', stderr='\\nawk: ./a:2: BEGIN { print \"Hello, world!\" + }\\nawk: ./a:2:                                 ^ syntax error\\n'), None)\nE        +    where Command(script='', stdout='', stderr='\\nawk: ./a:2: BEGIN { print \"Hello, world!\" + }\\nawk: ./a:2:                                 ^ syntax error\\n') = Command(stderr='\\nawk: ./a:2: BEGIN { print \"Hello, world!\" + }\\nawk: ./a:2:                                 ^ syntax error\\n')\n\ntests/rules/test_fix_file.py:181: AssertionError\n\n```\n# A test function for the buggy function\n```python\n# file name: /Volumes/SSD2T/bgp_envs/repos/thefuck_30/tests/rules/test_fix_file.py\n\n@pytest.mark.parametrize('test', tests)\ndef test_not_file(mocker, monkeypatch, test):\n    mocker.patch('os.path.isfile', return_value=False)\n    monkeypatch.setenv('EDITOR', 'dummy_editor')\n\n    assert not match(Command(stderr=test[4]), None)\n```\n\n## Error message from test function\n```text\nmocker = <pytest_mock.plugin.MockFixture object at 0x10a26b790>\nmonkeypatch = <_pytest.monkeypatch.MonkeyPatch object at 0x10a26bc10>\ntest = ('llc a.ll', 'a.ll', 1, None, '\\nllc: a.ll:1:1: error: expected top-level entity\\n+\\n^\\n')\n\n    @pytest.mark.parametrize('test', tests)\n    def test_not_file(mocker, monkeypatch, test):\n        mocker.patch('os.path.isfile', return_value=False)\n        monkeypatch.setenv('EDITOR', 'dummy_editor')\n    \n>       assert not match(Command(stderr=test[4]), None)\nE       AssertionError: assert not <re.Match object; span=(1, 15), match='llc: a.ll:1:1:'>\nE        +  where <re.Match object; span=(1, 15), match='llc: a.ll:1:1:'> = match(Command(script='', stdout='', stderr='\\nllc: a.ll:1:1: error: expected top-level entity\\n+\\n^\\n'), None)\nE        +    where Command(script='', stdout='', stderr='\\nllc: a.ll:1:1: error: expected top-level entity\\n+\\n^\\n') = Command(stderr='\\nllc: a.ll:1:1: error: expected top-level entity\\n+\\n^\\n')\n\ntests/rules/test_fix_file.py:181: AssertionError\n\n```\n# A test function for the buggy function\n```python\n# file name: /Volumes/SSD2T/bgp_envs/repos/thefuck_30/tests/rules/test_fix_file.py\n\n@pytest.mark.parametrize('test', tests)\ndef test_not_file(mocker, monkeypatch, test):\n    mocker.patch('os.path.isfile', return_value=False)\n    monkeypatch.setenv('EDITOR', 'dummy_editor')\n\n    assert not match(Command(stderr=test[4]), None)\n```\n\n## Error message from test function\n```text\nmocker = <pytest_mock.plugin.MockFixture object at 0x10a2a8d90>\nmonkeypatch = <_pytest.monkeypatch.MonkeyPatch object at 0x10a2a8810>\ntest = ('go build a.go', 'a.go', 1, None, \"\\ncan't load package:\\na.go:1:1: expected 'package', found '+'\\n\")\n\n    @pytest.mark.parametrize('test', tests)\n    def test_not_file(mocker, monkeypatch, test):\n        mocker.patch('os.path.isfile', return_value=False)\n        monkeypatch.setenv('EDITOR', 'dummy_editor')\n    \n>       assert not match(Command(stderr=test[4]), None)\nE       assert not <re.Match object; span=(21, 28), match='a.go:1:'>\nE        +  where <re.Match object; span=(21, 28), match='a.go:1:'> = match(Command(script='', stdout='', stderr=\"\\ncan't load package:\\na.go:1:1: expected 'package', found '+'\\n\"), None)\nE        +    where Command(script='', stdout='', stderr=\"\\ncan't load package:\\na.go:1:1: expected 'package', found '+'\\n\") = Command(stderr=\"\\ncan't load package:\\na.go:1:1: expected 'package', found '+'\\n\")\n\ntests/rules/test_fix_file.py:181: AssertionError\n\n```\n# A test function for the buggy function\n```python\n# file name: /Volumes/SSD2T/bgp_envs/repos/thefuck_30/tests/rules/test_fix_file.py\n\n@pytest.mark.parametrize('test', tests)\ndef test_not_file(mocker, monkeypatch, test):\n    mocker.patch('os.path.isfile', return_value=False)\n    monkeypatch.setenv('EDITOR', 'dummy_editor')\n\n    assert not match(Command(stderr=test[4]), None)\n```\n\n## Error message from test function\n```text\nmocker = <pytest_mock.plugin.MockFixture object at 0x10a263f90>\nmonkeypatch = <_pytest.monkeypatch.MonkeyPatch object at 0x10a2631d0>\ntest = ('make', 'Makefile', 2, None, \"\\nbidule\\nmake: bidule: Command not found\\nMakefile:2: recipe for target 'target' failed\\nmake: *** [target] Error 127\\n\")\n\n    @pytest.mark.parametrize('test', tests)\n    def test_not_file(mocker, monkeypatch, test):\n        mocker.patch('os.path.isfile', return_value=False)\n        monkeypatch.setenv('EDITOR', 'dummy_editor')\n    \n>       assert not match(Command(stderr=test[4]), None)\nE       assert not <re.Match object; span=(40, 51), match='Makefile:2:'>\nE        +  where <re.Match object; span=(40, 51), match='Makefile:2:'> = match(Command(script='', stdout='', stderr=\"\\nbidule\\nmake: bidule: Command not found\\nMakefile:2: recipe for target 'target' failed\\nmake: *** [target] Error 127\\n\"), None)\nE        +    where Command(script='', stdout='', stderr=\"\\nbidule\\nmake: bidule: Command not found\\nMakefile:2: recipe for target 'target' failed\\nmake: *** [target] Error 127\\n\") = Command(stderr=\"\\nbidule\\nmake: bidule: Command not found\\nMakefile:2: recipe for target 'target' failed\\nmake: *** [target] Error 127\\n\")\n\ntests/rules/test_fix_file.py:181: AssertionError\n\n```\n# A test function for the buggy function\n```python\n# file name: /Volumes/SSD2T/bgp_envs/repos/thefuck_30/tests/rules/test_fix_file.py\n\n@pytest.mark.parametrize('test', tests)\ndef test_not_file(mocker, monkeypatch, test):\n    mocker.patch('os.path.isfile', return_value=False)\n    monkeypatch.setenv('EDITOR', 'dummy_editor')\n\n    assert not match(Command(stderr=test[4]), None)\n```\n\n## Error message from test function\n```text\nmocker = <pytest_mock.plugin.MockFixture object at 0x10a2c2590>\nmonkeypatch = <_pytest.monkeypatch.MonkeyPatch object at 0x10a2c2690>\ntest = ('git st', '/home/martin/.config/git/config', 1, None, '\\nfatal: bad config file line 1 in /home/martin/.config/git/config\\n')\n\n    @pytest.mark.parametrize('test', tests)\n    def test_not_file(mocker, monkeypatch, test):\n        mocker.patch('os.path.isfile', return_value=False)\n        monkeypatch.setenv('EDITOR', 'dummy_editor')\n    \n>       assert not match(Command(stderr=test[4]), None)\nE       AssertionError: assert not <re.Match object; span=(1, 65), match='fatal: bad config file line 1 in /home/martin/.co>\nE        +  where <re.Match object; span=(1, 65), match='fatal: bad config file line 1 in /home/martin/.co> = match(Command(script='', stdout='', stderr='\\nfatal: bad config file line 1 in /home/martin/.config/git/config\\n'), None)\nE        +    where Command(script='', stdout='', stderr='\\nfatal: bad config file line 1 in /home/martin/.config/git/config\\n') = Command(stderr='\\nfatal: bad config file line 1 in /home/martin/.config/git/config\\n')\n\ntests/rules/test_fix_file.py:181: AssertionError\n\n```\n# A test function for the buggy function\n```python\n# file name: /Volumes/SSD2T/bgp_envs/repos/thefuck_30/tests/rules/test_fix_file.py\n\n@pytest.mark.parametrize('test', tests)\ndef test_not_file(mocker, monkeypatch, test):\n    mocker.patch('os.path.isfile', return_value=False)\n    monkeypatch.setenv('EDITOR', 'dummy_editor')\n\n    assert not match(Command(stderr=test[4]), None)\n```\n\n## Error message from test function\n```text\nmocker = <pytest_mock.plugin.MockFixture object at 0x10a2ddd10>\nmonkeypatch = <_pytest.monkeypatch.MonkeyPatch object at 0x10a2dda90>\ntest = ('node fuck.js asdf qwer', '/Users/pablo/Workspace/barebones/fuck.js', '2', 5, '\\n/Users/pablo/Workspace/barebones/fuc...s:310:12)\\n    at Function.Module.runMain (module.js:501:10)\\n    at startup (node.js:129:16)\\n    at node.js:814:3\\n')\n\n    @pytest.mark.parametrize('test', tests)\n    def test_not_file(mocker, monkeypatch, test):\n        mocker.patch('os.path.isfile', return_value=False)\n        monkeypatch.setenv('EDITOR', 'dummy_editor')\n    \n>       assert not match(Command(stderr=test[4]), None)\nE       AssertionError: assert not <re.Match object; span=(140, 191), match='    at /Users/pablo/Workspace/barebones/fuck.js:2>\nE        +  where <re.Match object; span=(140, 191), match='    at /Users/pablo/Workspace/barebones/fuck.js:2> = match(Command(script='', stdout='', stderr='\\n/Users/pablo/Workspace/barebones/fuck.js:2\\nconole.log(arg);  // this should r...s:310:12)\\n    at Function.Module.runMain (module.js:501:10)\\n    at startup (node.js:129:16)\\n    at node.js:814:3\\n'), None)\nE        +    where Command(script='', stdout='', stderr='\\n/Users/pablo/Workspace/barebones/fuck.js:2\\nconole.log(arg);  // this should r...s:310:12)\\n    at Function.Module.runMain (module.js:501:10)\\n    at startup (node.js:129:16)\\n    at node.js:814:3\\n') = Command(stderr='\\n/Users/pablo/Workspace/barebones/fuck.js:2\\nconole.log(arg);  // this should read console.log(arg);\\n^\\nReferenceEr...js:310:12)\\n    at Function.Module.runMain (module.js:501:10)\\n    at startup (node.js:129:16)\\n    at node.js:814:3\\n')\n\ntests/rules/test_fix_file.py:181: AssertionError\n\n```\n",
    "5": "# Variable runtime value and type inside buggy function\n## Buggy case 1\n### input parameter runtime value and type for buggy function\ncommand.stderr, value: `\"\\na.c: In function 'main':\\na.c:3:1: error: expected expression before '}' token\\n }\\n  ^\\n\"`, type: `str`\n\ncommand, value: `Command(script='', stdout='', stderr=\"\\na.c: In function 'main':\\na.c:3:1: error: expected expression before '}' token\\n }\\n  ^\\n\")`, type: `Command`\n\n### variable runtime value and type before buggy function return\nm, value: `<re.Match object; span=(26, 32), match='a.c:3:'>`, type: `Match`\n\n## Buggy case 2\n### input parameter runtime value and type for buggy function\ncommand.stderr, value: `'\\na.c:3:1: error: expected expression\\n}\\n^\\n'`, type: `str`\n\ncommand, value: `Command(script='', stdout='', stderr='\\na.c:3:1: error: expected expression\\n}\\n^\\n')`, type: `Command`\n\n### variable runtime value and type before buggy function return\nm, value: `<re.Match object; span=(1, 7), match='a.c:3:'>`, type: `Match`\n\n## Buggy case 3\n### input parameter runtime value and type for buggy function\ncommand.stderr, value: `'\\nsyntax error at a.pl line 3, at EOF\\nExecution of a.pl aborted due to compilation errors.\\n'`, type: `str`\n\ncommand, value: `Command(script='', stdout='', stderr='\\nsyntax error at a.pl line 3, at EOF\\nExecution of a.pl aborted due to compilation errors.\\n')`, type: `Command`\n\n### variable runtime value and type before buggy function return\nm, value: `<re.Match object; span=(14, 28), match='at a.pl line 3'>`, type: `Match`\n\n## Buggy case 4\n### input parameter runtime value and type for buggy function\ncommand.stderr, value: `'\\nSearch pattern not terminated at a.pl line 2.\\n'`, type: `str`\n\ncommand, value: `Command(script='', stdout='', stderr='\\nSearch pattern not terminated at a.pl line 2.\\n')`, type: `Command`\n\n### variable runtime value and type before buggy function return\nm, value: `<re.Match object; span=(31, 45), match='at a.pl line 2'>`, type: `Match`\n\n## Buggy case 5\n### input parameter runtime value and type for buggy function\ncommand.stderr, value: `'\\na.sh: line 2: foo: command not found\\n'`, type: `str`\n\ncommand, value: `Command(script='', stdout='', stderr='\\na.sh: line 2: foo: command not found\\n')`, type: `Command`\n\n### variable runtime value and type before buggy function return\nm, value: `<re.Match object; span=(1, 15), match='a.sh: line 2: '>`, type: `Match`\n\n## Buggy case 6\n### input parameter runtime value and type for buggy function\ncommand.stderr, value: `'\\na.sh:2: command not found: foo\\n'`, type: `str`\n\ncommand, value: `Command(script='', stdout='', stderr='\\na.sh:2: command not found: foo\\n')`, type: `Command`\n\n### variable runtime value and type before buggy function return\nm, value: `<re.Match object; span=(1, 8), match='a.sh:2:'>`, type: `Match`\n\n## Buggy case 7\n### input parameter runtime value and type for buggy function\ncommand.stderr, value: `'\\na.rs:2:5: 2:6 error: unexpected token: `+`\\na.rs:2     +\\n           ^\\n'`, type: `str`\n\ncommand, value: `Command(script='', stdout='', stderr='\\na.rs:2:5: 2:6 error: unexpected token: `+`\\na.rs:2     +\\n           ^\\n')`, type: `Command`\n\n### variable runtime value and type before buggy function return\nm, value: `<re.Match object; span=(1, 8), match='a.rs:2:'>`, type: `Match`\n\n## Buggy case 8\n### input parameter runtime value and type for buggy function\ncommand.stderr, value: `'\\n   Compiling test v0.1.0 (file:///tmp/fix-error/test)\\n   src/lib.rs:3:5: 3:6 error: unexpected token: `+`\\n   src/lib.rs:3     +\\n                    ^\\nCould not compile `test`.\\n\\nTo learn more, run the command again with --verbose.\\n'`, type: `str`\n\ncommand, value: `Command(script='', stdout='', stderr='\\n   Compiling test v0.1.0 (file:///tmp/fix-error/test)\\n   src/lib.rs:3:5: 3:6 error: unexpected token: `+`\\n   src/lib.rs:3     +\\n                    ^\\nCould not compile `test`.\\n\\nTo learn more, run the command again with --verbose.\\n')`, type: `Command`\n\n### variable runtime value and type before buggy function return\nm, value: `<re.Match object; span=(55, 72), match='   src/lib.rs:3:5'>`, type: `Match`\n\n## Buggy case 9\n### input parameter runtime value and type for buggy function\ncommand.stderr, value: `'\\n  File \"a.py\", line 2\\n      +\\n          ^\\nSyntaxError: invalid syntax\\n'`, type: `str`\n\ncommand, value: `Command(script='', stdout='', stderr='\\n  File \"a.py\", line 2\\n      +\\n          ^\\nSyntaxError: invalid syntax\\n')`, type: `Command`\n\n### variable runtime value and type before buggy function return\nm, value: `<re.Match object; span=(1, 22), match='  File \"a.py\", line 2'>`, type: `Match`\n\n## Buggy case 10\n### input parameter runtime value and type for buggy function\ncommand.stderr, value: `'\\nTraceback (most recent call last):\\n  File \"a.py\", line 8, in <module>\\n    match(\"foo\")\\n  File \"a.py\", line 5, in match\\n    m = re.search(None, command)\\n  File \"/usr/lib/python3.4/re.py\", line 170, in search\\n    return _compile(pattern, flags).search(string)\\n  File \"/usr/lib/python3.4/re.py\", line 293, in _compile\\n    raise TypeError(\"first argument must be string or compiled pattern\")\\nTypeError: first argument must be string or compiled pattern\\n'`, type: `str`\n\ncommand, value: `array of shape 3`, type: `Command`\n\n### variable runtime value and type before buggy function return\nm, value: `<re.Match object; span=(36, 57), match='  File \"a.py\", line 8'>`, type: `Match`\n\n## Buggy case 11\n### input parameter runtime value and type for buggy function\ncommand.stderr, value: `'\\na.rb:3: syntax error, unexpected keyword_end\\n'`, type: `str`\n\ncommand, value: `Command(script='', stdout='', stderr='\\na.rb:3: syntax error, unexpected keyword_end\\n')`, type: `Command`\n\n### variable runtime value and type before buggy function return\nm, value: `<re.Match object; span=(1, 8), match='a.rb:3:'>`, type: `Match`\n\n## Buggy case 12\n### input parameter runtime value and type for buggy function\ncommand.stderr, value: `\"\\nlua: a.lua:2: unexpected symbol near '+'\\n\"`, type: `str`\n\ncommand, value: `Command(script='', stdout='', stderr=\"\\nlua: a.lua:2: unexpected symbol near '+'\\n\")`, type: `Command`\n\n### variable runtime value and type before buggy function return\nm, value: `<re.Match object; span=(1, 14), match='lua: a.lua:2:'>`, type: `Match`\n\n## Buggy case 13\n### input parameter runtime value and type for buggy function\ncommand.stderr, value: `\"\\nfish: Unknown command 'foo'\\n/tmp/fix-error/a.sh (line 2): foo\\n                              ^\\n\"`, type: `str`\n\ncommand, value: `Command(script='', stdout='', stderr=\"\\nfish: Unknown command 'foo'\\n/tmp/fix-error/a.sh (line 2): foo\\n                              ^\\n\")`, type: `Command`\n\n### variable runtime value and type before buggy function return\nm, value: `<re.Match object; span=(29, 58), match='/tmp/fix-error/a.sh (line 2):'>`, type: `Match`\n\n## Buggy case 14\n### input parameter runtime value and type for buggy function\ncommand.stderr, value: `'\\nawk: ./a:2: BEGIN { print \"Hello, world!\" + }\\nawk: ./a:2:                                 ^ syntax error\\n'`, type: `str`\n\ncommand, value: `Command(script='', stdout='', stderr='\\nawk: ./a:2: BEGIN { print \"Hello, world!\" + }\\nawk: ./a:2:                                 ^ syntax error\\n')`, type: `Command`\n\n### variable runtime value and type before buggy function return\nm, value: `<re.Match object; span=(1, 12), match='awk: ./a:2:'>`, type: `Match`\n\n## Buggy case 15\n### input parameter runtime value and type for buggy function\ncommand.stderr, value: `'\\nllc: a.ll:1:1: error: expected top-level entity\\n+\\n^\\n'`, type: `str`\n\ncommand, value: `Command(script='', stdout='', stderr='\\nllc: a.ll:1:1: error: expected top-level entity\\n+\\n^\\n')`, type: `Command`\n\n### variable runtime value and type before buggy function return\nm, value: `<re.Match object; span=(1, 15), match='llc: a.ll:1:1:'>`, type: `Match`\n\n## Buggy case 16\n### input parameter runtime value and type for buggy function\ncommand.stderr, value: `\"\\ncan't load package:\\na.go:1:1: expected 'package', found '+'\\n\"`, type: `str`\n\ncommand, value: `Command(script='', stdout='', stderr=\"\\ncan't load package:\\na.go:1:1: expected 'package', found '+'\\n\")`, type: `Command`\n\n### variable runtime value and type before buggy function return\nm, value: `<re.Match object; span=(21, 28), match='a.go:1:'>`, type: `Match`\n\n## Buggy case 17\n### input parameter runtime value and type for buggy function\ncommand.stderr, value: `\"\\nbidule\\nmake: bidule: Command not found\\nMakefile:2: recipe for target 'target' failed\\nmake: *** [target] Error 127\\n\"`, type: `str`\n\ncommand, value: `Command(script='', stdout='', stderr=\"\\nbidule\\nmake: bidule: Command not found\\nMakefile:2: recipe for target 'target' failed\\nmake: *** [target] Error 127\\n\")`, type: `Command`\n\n### variable runtime value and type before buggy function return\nm, value: `<re.Match object; span=(40, 51), match='Makefile:2:'>`, type: `Match`\n\n## Buggy case 18\n### input parameter runtime value and type for buggy function\ncommand.stderr, value: `'\\nfatal: bad config file line 1 in /home/martin/.config/git/config\\n'`, type: `str`\n\ncommand, value: `Command(script='', stdout='', stderr='\\nfatal: bad config file line 1 in /home/martin/.config/git/config\\n')`, type: `Command`\n\n### variable runtime value and type before buggy function return\nm, value: `<re.Match object; span=(1, 65), match='fatal: bad config file line 1 in /home/martin/.co>`, type: `Match`\n\n## Buggy case 19\n### input parameter runtime value and type for buggy function\ncommand.stderr, value: `array of shape 583`, type: `str`\n\ncommand, value: `array of shape 3`, type: `Command`\n\n### variable runtime value and type before buggy function return\nm, value: `<re.Match object; span=(140, 191), match='    at /Users/pablo/Workspace/barebones/fuck.js:2>`, type: `Match`\n\n\n\n# Expected variable value and type in tests\n## Expected case 1\n### Input parameter value and type\ncommand.stderr, value: `\"\\na.c: In function 'main':\\na.c:3:1: error: expected expression before '}' token\\n }\\n  ^\\n\"`, type: `str`\n\ncommand, value: `Command(script='', stdout='', stderr=\"\\na.c: In function 'main':\\na.c:3:1: error: expected expression before '}' token\\n }\\n  ^\\n\")`, type: `Command`\n\n## Expected case 2\n### Input parameter value and type\ncommand.stderr, value: `'\\na.c:3:1: error: expected expression\\n}\\n^\\n'`, type: `str`\n\ncommand, value: `Command(script='', stdout='', stderr='\\na.c:3:1: error: expected expression\\n}\\n^\\n')`, type: `Command`\n\n## Expected case 3\n### Input parameter value and type\ncommand.stderr, value: `'\\nsyntax error at a.pl line 3, at EOF\\nExecution of a.pl aborted due to compilation errors.\\n'`, type: `str`\n\ncommand, value: `Command(script='', stdout='', stderr='\\nsyntax error at a.pl line 3, at EOF\\nExecution of a.pl aborted due to compilation errors.\\n')`, type: `Command`\n\n## Expected case 4\n### Input parameter value and type\ncommand.stderr, value: `'\\nSearch pattern not terminated at a.pl line 2.\\n'`, type: `str`\n\ncommand, value: `Command(script='', stdout='', stderr='\\nSearch pattern not terminated at a.pl line 2.\\n')`, type: `Command`\n\n## Expected case 5\n### Input parameter value and type\ncommand.stderr, value: `'\\na.sh: line 2: foo: command not found\\n'`, type: `str`\n\ncommand, value: `Command(script='', stdout='', stderr='\\na.sh: line 2: foo: command not found\\n')`, type: `Command`\n\n## Expected case 6\n### Input parameter value and type\ncommand.stderr, value: `'\\na.sh:2: command not found: foo\\n'`, type: `str`\n\ncommand, value: `Command(script='', stdout='', stderr='\\na.sh:2: command not found: foo\\n')`, type: `Command`\n\n## Expected case 7\n### Input parameter value and type\ncommand.stderr, value: `'\\na.rs:2:5: 2:6 error: unexpected token: `+`\\na.rs:2     +\\n           ^\\n'`, type: `str`\n\ncommand, value: `Command(script='', stdout='', stderr='\\na.rs:2:5: 2:6 error: unexpected token: `+`\\na.rs:2     +\\n           ^\\n')`, type: `Command`\n\n## Expected case 8\n### Input parameter value and type\ncommand.stderr, value: `'\\n   Compiling test v0.1.0 (file:///tmp/fix-error/test)\\n   src/lib.rs:3:5: 3:6 error: unexpected token: `+`\\n   src/lib.rs:3     +\\n                    ^\\nCould not compile `test`.\\n\\nTo learn more, run the command again with --verbose.\\n'`, type: `str`\n\ncommand, value: `Command(script='', stdout='', stderr='\\n   Compiling test v0.1.0 (file:///tmp/fix-error/test)\\n   src/lib.rs:3:5: 3:6 error: unexpected token: `+`\\n   src/lib.rs:3     +\\n                    ^\\nCould not compile `test`.\\n\\nTo learn more, run the command again with --verbose.\\n')`, type: `Command`\n\n## Expected case 9\n### Input parameter value and type\ncommand.stderr, value: `'\\n  File \"a.py\", line 2\\n      +\\n          ^\\nSyntaxError: invalid syntax\\n'`, type: `str`\n\ncommand, value: `Command(script='', stdout='', stderr='\\n  File \"a.py\", line 2\\n      +\\n          ^\\nSyntaxError: invalid syntax\\n')`, type: `Command`\n\n## Expected case 10\n### Input parameter value and type\ncommand.stderr, value: `'\\nTraceback (most recent call last):\\n  File \"a.py\", line 8, in <module>\\n    match(\"foo\")\\n  File \"a.py\", line 5, in match\\n    m = re.search(None, command)\\n  File \"/usr/lib/python3.4/re.py\", line 170, in search\\n    return _compile(pattern, flags).search(string)\\n  File \"/usr/lib/python3.4/re.py\", line 293, in _compile\\n    raise TypeError(\"first argument must be string or compiled pattern\")\\nTypeError: first argument must be string or compiled pattern\\n'`, type: `str`\n\ncommand, value: `array of shape 3`, type: `Command`\n\n## Expected case 11\n### Input parameter value and type\ncommand.stderr, value: `'\\na.rb:3: syntax error, unexpected keyword_end\\n'`, type: `str`\n\ncommand, value: `Command(script='', stdout='', stderr='\\na.rb:3: syntax error, unexpected keyword_end\\n')`, type: `Command`\n\n## Expected case 12\n### Input parameter value and type\ncommand.stderr, value: `\"\\nlua: a.lua:2: unexpected symbol near '+'\\n\"`, type: `str`\n\ncommand, value: `Command(script='', stdout='', stderr=\"\\nlua: a.lua:2: unexpected symbol near '+'\\n\")`, type: `Command`\n\n## Expected case 13\n### Input parameter value and type\ncommand.stderr, value: `\"\\nfish: Unknown command 'foo'\\n/tmp/fix-error/a.sh (line 2): foo\\n                              ^\\n\"`, type: `str`\n\ncommand, value: `Command(script='', stdout='', stderr=\"\\nfish: Unknown command 'foo'\\n/tmp/fix-error/a.sh (line 2): foo\\n                              ^\\n\")`, type: `Command`\n\n## Expected case 14\n### Input parameter value and type\ncommand.stderr, value: `'\\nawk: ./a:2: BEGIN { print \"Hello, world!\" + }\\nawk: ./a:2:                                 ^ syntax error\\n'`, type: `str`\n\ncommand, value: `Command(script='', stdout='', stderr='\\nawk: ./a:2: BEGIN { print \"Hello, world!\" + }\\nawk: ./a:2:                                 ^ syntax error\\n')`, type: `Command`\n\n## Expected case 15\n### Input parameter value and type\ncommand.stderr, value: `'\\nllc: a.ll:1:1: error: expected top-level entity\\n+\\n^\\n'`, type: `str`\n\ncommand, value: `Command(script='', stdout='', stderr='\\nllc: a.ll:1:1: error: expected top-level entity\\n+\\n^\\n')`, type: `Command`\n\n## Expected case 16\n### Input parameter value and type\ncommand.stderr, value: `\"\\ncan't load package:\\na.go:1:1: expected 'package', found '+'\\n\"`, type: `str`\n\ncommand, value: `Command(script='', stdout='', stderr=\"\\ncan't load package:\\na.go:1:1: expected 'package', found '+'\\n\")`, type: `Command`\n\n## Expected case 17\n### Input parameter value and type\ncommand.stderr, value: `\"\\nbidule\\nmake: bidule: Command not found\\nMakefile:2: recipe for target 'target' failed\\nmake: *** [target] Error 127\\n\"`, type: `str`\n\ncommand, value: `Command(script='', stdout='', stderr=\"\\nbidule\\nmake: bidule: Command not found\\nMakefile:2: recipe for target 'target' failed\\nmake: *** [target] Error 127\\n\")`, type: `Command`\n\n## Expected case 18\n### Input parameter value and type\ncommand.stderr, value: `'\\nfatal: bad config file line 1 in /home/martin/.config/git/config\\n'`, type: `str`\n\ncommand, value: `Command(script='', stdout='', stderr='\\nfatal: bad config file line 1 in /home/martin/.config/git/config\\n')`, type: `Command`\n\n## Expected case 19\n### Input parameter value and type\ncommand.stderr, value: `array of shape 583`, type: `str`\n\ncommand, value: `array of shape 3`, type: `Command`\n\n\n\n",
    "6": "",
    "7": "# Instructions\n\n1. Analyze the test case and its relationship with the error message, if applicable.\n2. Identify the potential error location within the problematic function.\n3. Explain the reasons behind the occurrence of the bug.\n4. Suggest possible approaches for fixing the bug.\n5. Present the corrected code for the problematic function."
}