{
    "1": "    def update(self, **kwargs):\n        \"\"\"Returns new settings with new values from `kwargs`.\"\"\"\n        conf = dict(self)\n        conf.update(kwargs)\n        return Settings(conf)\n    \n",
    "2": "# class declaration containing the buggy function\nclass Settings(dict):\n    # ... omitted code ...\n\n\n    # signature of a relative function in this class\n    def update(self, **kwargs):\n        # ... omitted code ...\n        pass\n\n",
    "3": "# file name: /Volumes/SSD2T/bgp_envs/repos/thefuck_29/thefuck/types.py\n\n# relative function's signature in this file\ndef update(self, **kwargs):\n    # ... omitted code ...\n    pass\n\n",
    "4": "# A test function for the buggy function\n```python\n# file name: /Volumes/SSD2T/bgp_envs/repos/thefuck_29/tests/test_types.py\n\ndef test_update_settings():\n    settings = Settings({'key': 'val'})\n    new_settings = settings.update(key='new-val', unset='unset-value')\n    assert new_settings.key == 'val'\n    assert new_settings.unset == 'unset-value'\n    assert settings.key == 'val'\n```\n\n## Error message from test function\n```text\ndef test_update_settings():\n        settings = Settings({'key': 'val'})\n        new_settings = settings.update(key='new-val', unset='unset-value')\n>       assert new_settings.key == 'val'\nE       AssertionError: assert 'new-val' == 'val'\nE         - new-val\nE         + val\n\ntests/test_types.py:15: AssertionError\n\n```\n# A test function for the buggy function\n```python\n# file name: /Volumes/SSD2T/bgp_envs/repos/thefuck_29/tests/test_utils.py\n\n@pytest.mark.parametrize('override, old, new', [\n    ({'key': 'val'}, {}, {'key': 'val'}),\n    ({'key': 'new-val'}, {'key': 'val'}, {'key': 'val'}),\n    ({'key': 'new-val', 'unset': 'unset'}, {'key': 'val'}, {'key': 'val', 'unset': 'unset'})])\ndef test_wrap_settings(override, old, new):\n    fn = lambda _, settings: settings\n    assert wrap_settings(override)(fn)(None, Settings(old)) == new\n```\n\n## Error message from test function\n```text\noverride = {'key': 'new-val'}, old = {'key': 'val'}, new = {'key': 'val'}\n\n    @pytest.mark.parametrize('override, old, new', [\n        ({'key': 'val'}, {}, {'key': 'val'}),\n        ({'key': 'new-val'}, {'key': 'val'}, {'key': 'val'}),\n        ({'key': 'new-val', 'unset': 'unset'}, {'key': 'val'}, {'key': 'val', 'unset': 'unset'})])\n    def test_wrap_settings(override, old, new):\n        fn = lambda _, settings: settings\n>       assert wrap_settings(override)(fn)(None, Settings(old)) == new\nE       AssertionError: assert {'key': 'new-val'} == {'key': 'val'}\nE         Differing items:\nE         {'key': 'new-val'} != {'key': 'val'}\nE         Full diff:\nE         - {'key': 'new-val'}\nE         ?          ----\nE         + {'key': 'val'}\n\ntests/test_utils.py:16: AssertionError\n\n```\n# A test function for the buggy function\n```python\n# file name: /Volumes/SSD2T/bgp_envs/repos/thefuck_29/tests/test_utils.py\n\n@pytest.mark.parametrize('override, old, new', [\n    ({'key': 'val'}, {}, {'key': 'val'}),\n    ({'key': 'new-val'}, {'key': 'val'}, {'key': 'val'}),\n    ({'key': 'new-val', 'unset': 'unset'}, {'key': 'val'}, {'key': 'val', 'unset': 'unset'})])\ndef test_wrap_settings(override, old, new):\n    fn = lambda _, settings: settings\n    assert wrap_settings(override)(fn)(None, Settings(old)) == new\n```\n\n## Error message from test function\n```text\noverride = {'key': 'new-val', 'unset': 'unset'}, old = {'key': 'val'}\nnew = {'key': 'val', 'unset': 'unset'}\n\n    @pytest.mark.parametrize('override, old, new', [\n        ({'key': 'val'}, {}, {'key': 'val'}),\n        ({'key': 'new-val'}, {'key': 'val'}, {'key': 'val'}),\n        ({'key': 'new-val', 'unset': 'unset'}, {'key': 'val'}, {'key': 'val', 'unset': 'unset'})])\n    def test_wrap_settings(override, old, new):\n        fn = lambda _, settings: settings\n>       assert wrap_settings(override)(fn)(None, Settings(old)) == new\nE       AssertionError: assert {'key': 'new-...set': 'unset'} == {'key': 'val',...set': 'unset'}\nE         Common items:\nE         {'unset': 'unset'}\nE         Differing items:\nE         {'key': 'new-val'} != {'key': 'val'}\nE         Full diff:\nE         - {'key': 'new-val', 'unset': 'unset'}\nE         ?          ----\nE         + {'key': 'val', 'unset': 'unset'}\n\ntests/test_utils.py:16: AssertionError\n\n```\n",
    "5": "# Variable runtime value and type inside buggy function\n## Buggy case 1\n### input parameter runtime value and type for buggy function\nkwargs, value: `{'key': 'new-val', 'unset': 'unset-value'}`, type: `dict`\n\nself, value: `{'key': 'val'}`, type: `Settings`\n\n### variable runtime value and type before buggy function return\nconf, value: `{'key': 'val', 'unset': 'unset-value'}`, type: `dict`\n\n## Buggy case 2\n### input parameter runtime value and type for buggy function\nkwargs, value: `{'key': 'val'}`, type: `dict`\n\nself, value: `{}`, type: `Settings`\n\n### variable runtime value and type before buggy function return\nconf, value: `{'key': 'val'}`, type: `dict`\n\n## Buggy case 3\n### input parameter runtime value and type for buggy function\nkwargs, value: `{'key': 'new-val'}`, type: `dict`\n\nself, value: `{'key': 'val'}`, type: `Settings`\n\n### variable runtime value and type before buggy function return\nconf, value: `{'key': 'val'}`, type: `dict`\n\n## Buggy case 4\n### input parameter runtime value and type for buggy function\nkwargs, value: `{'key': 'new-val', 'unset': 'unset'}`, type: `dict`\n\nself, value: `{'key': 'val'}`, type: `Settings`\n\n### variable runtime value and type before buggy function return\nconf, value: `{'key': 'val', 'unset': 'unset'}`, type: `dict`\n\n\n\n# Expected variable value and type in tests\n## Expected case 1\n### Input parameter value and type\nself, value: `{'key': 'val'}`, type: `Settings`\n\nkwargs, value: `{'key': 'new-val', 'unset': 'unset-value'}`, type: `dict`\n\n### Expected variable value and type before function return\nconf, expected value: `{'key': 'new-val', 'unset': 'unset-value'}`, type: `dict`\n\n## Expected case 2\n### Input parameter value and type\nself, value: `{}`, type: `Settings`\n\nkwargs, value: `{'key': 'val'}`, type: `dict`\n\n### Expected variable value and type before function return\nconf, expected value: `{'key': 'val'}`, type: `dict`\n\n## Expected case 3\n### Input parameter value and type\nself, value: `{'key': 'val'}`, type: `Settings`\n\nkwargs, value: `{'key': 'new-val'}`, type: `dict`\n\n### Expected variable value and type before function return\nconf, expected value: `{'key': 'new-val'}`, type: `dict`\n\n## Expected case 4\n### Input parameter value and type\nself, value: `{'key': 'val'}`, type: `Settings`\n\nkwargs, value: `{'key': 'new-val', 'unset': 'unset'}`, type: `dict`\n\n### Expected variable value and type before function return\nconf, expected value: `{'key': 'new-val', 'unset': 'unset'}`, type: `dict`\n\n\n\n",
    "6": "",
    "7": "# Instructions\n\n1. Analyze the test case and its relationship with the error message, if applicable.\n2. Identify the potential error location within the problematic function.\n3. Explain the reasons behind the occurrence of the bug.\n4. Suggest possible approaches for fixing the bug.\n5. Present the corrected code for the problematic function."
}