{
    "1": "Assume that the following list of imports are available in the current environment, so you don't need to import them when generating a fix.\n```python\nfrom ansible.module_utils._text import to_native, to_text\n```\n\n# The source code of the buggy function\n```python\n# The relative path of the buggy file: lib/ansible/module_utils/common/validation.py\n\n# this is the buggy function you need to fix\ndef check_required_arguments(argument_spec, module_parameters):\n    \"\"\"Check all paramaters in argument_spec and return a list of parameters\n    that are required but not present in module_parameters\n\n    Raises TypeError if the check fails\n\n    :arg argument_spec: Argument spec dicitionary containing all parameters\n        and their specification\n    :arg module_paramaters: Dictionary of module parameters\n\n    :returns: Empty list or raises TypeError if the check fails.\n    \"\"\"\n\n    missing = []\n    if argument_spec is None:\n        return missing\n\n    for (k, v) in argument_spec.items():\n        required = v.get('required', False)\n        if required and k not in module_parameters:\n            missing.append(k)\n\n    if missing:\n        msg = \"missing required arguments: %s\" % \", \".join(missing)\n        raise TypeError(to_native(msg))\n\n    return missing\n\n```",
    "2": "",
    "3": "",
    "4": "# A failing test function for the buggy function\n```python\n# The relative path of the failing test file: test/units/module_utils/common/validation/test_check_required_arguments.py\n\ndef test_check_required_arguments_missing_multiple(arguments_terms_multiple):\n    params = {\n        'apples': 'woohoo',\n    }\n    expected = \"missing required arguments: bar, foo\"\n\n    with pytest.raises(TypeError) as e:\n        check_required_arguments(arguments_terms_multiple, params)\n\n    assert to_native(e.value) == expected\n```\n\n\n",
    "5": "## The error message from the failing test\n```text\narguments_terms_multiple = {'bar': {'required': True}, 'foo': {'required': True}, 'tomato': {'irrelevant': 72}}\n\n    def test_check_required_arguments_missing_multiple(arguments_terms_multiple):\n        params = {\n            'apples': 'woohoo',\n        }\n        expected = \"missing required arguments: bar, foo\"\n    \n        with pytest.raises(TypeError) as e:\n            check_required_arguments(arguments_terms_multiple, params)\n    \n>       assert to_native(e.value) == expected\nE       AssertionError: assert 'missing required arguments: foo, bar' == 'missing required arguments: bar, foo'\nE         - missing required arguments: bar, foo\nE         ?                                -----\nE         + missing required arguments: foo, bar\nE         ?                             +++++\n\ntest/units/module_utils/common/validation/test_check_required_arguments.py:73: AssertionError\n\n```\n",
    "6": "",
    "7": "",
    "8": "# A GitHub issue for this bug\n\nThe issue's title:\n```text\nWrite unit tests for validation methods\n```\n\nThe issue's detailed description:\n```text\nSUMMARY\nThe argument spec validation methods were moved out of basic.py in Ansible 2.8 to make them available for user outside of AnsibleModule. I got several of the unit tests written but not all of them. I'm mainly documenting this here so we can work on them during PyCon 2019 sprints.\n\n check_mutually_exclusive()\n check_required_one_of()\n check_required_together()\n check_required_by()\n check_required_arguments()\n check_required_if()\n fail_on_missing_params()\nISSUE TYPE\nFeature Idea\nCOMPONENT NAME\nlib/ansible/module_utils/common/validation.py\n\nADDITIONAL INFORMATION\nThere may be a bug in check _type_int() that needs fixing and updating the test. If an bool it returns a bool. This is because Python considers True and False integer_types. It seems wrong to me that check_type_int(False) returns False. This has been the behaviour of this method for quite some time, so changing this could have negative effects.\n```\n\n",
    "9": "Your output should follow these steps:\n1. Analyze the buggy function and its relationship with the test code, corresponding error message, the github issue.\n2. Identify a potential error location within the buggy function.\n3. Elucidate the bug's cause using:\n   (a) The buggy function, \n   (b) The failing test, \n   (c) The corresponding error message, \n   (d) The GitHub Issue information\n\n4. Suggest approaches for fixing the bug.\n5. Present the corrected code for the buggy function such that it satisfied the following:\n   (a) the program passes the failing test, \n   (b) successfully resolves the issue posted in GitHub\n\n",
    "1.3.3": "Assume that the following list of imports are available in the current environment, so you don't need to import them when generating a fix.\n```python\nfrom ansible.module_utils._text import to_native, to_text\n```\n\n",
    "source_code_body": "# this is the buggy function you need to fix\ndef check_required_arguments(argument_spec, module_parameters):\n    \"\"\"Check all paramaters in argument_spec and return a list of parameters\n    that are required but not present in module_parameters\n\n    Raises TypeError if the check fails\n\n    :arg argument_spec: Argument spec dicitionary containing all parameters\n        and their specification\n    :arg module_paramaters: Dictionary of module parameters\n\n    :returns: Empty list or raises TypeError if the check fails.\n    \"\"\"\n\n    missing = []\n    if argument_spec is None:\n        return missing\n\n    for (k, v) in argument_spec.items():\n        required = v.get('required', False)\n        if required and k not in module_parameters:\n            missing.append(k)\n\n    if missing:\n        msg = \"missing required arguments: %s\" % \", \".join(missing)\n        raise TypeError(to_native(msg))\n\n    return missing\n\n"
}