{
    "1": "Assume that the following list of imports are available in the current environment, so you don't need to import them when generating a fix.\n```python\nimport os\n```\n\n# The source code of the buggy function\n```python\n# The relative path of the buggy file: lib/ansible/plugins/lookup/env.py\n\n\n\n    # this is the buggy function you need to fix\n    def run(self, terms, variables, **kwargs):\n    \n        ret = []\n        for term in terms:\n            var = term.split()[0]\n            ret.append(os.getenv(var, ''))\n    \n        return ret\n    \n```",
    "2": "# The declaration of the class containing the buggy function\nclass LookupModule(LookupBase):\n\n\n\n",
    "3": "",
    "4": "# A failing test function for the buggy function\n```python\n# The relative path of the failing test file: test/units/plugins/lookup/test_env.py\n\n@pytest.mark.parametrize('env_var,exp_value', [\n    ('foo', 'bar'),\n    ('equation', 'a=b*100')\n])\ndef test_env_var_value(monkeypatch, env_var, exp_value):\n    monkeypatch.setattr('ansible.utils.py3compat.environ.get', lambda x, y: exp_value)\n\n    env_lookup = lookup_loader.get('env')\n    retval = env_lookup.run([env_var], None)\n    assert retval == [exp_value]\n```\n\n\n# A failing test function for the buggy function\n```python\n# The relative path of the failing test file: test/units/plugins/lookup/test_env.py\n\n@pytest.mark.parametrize('env_var,exp_value', [\n    ('foo', 'bar'),\n    ('equation', 'a=b*100')\n])\ndef test_env_var_value(monkeypatch, env_var, exp_value):\n    monkeypatch.setattr('ansible.utils.py3compat.environ.get', lambda x, y: exp_value)\n\n    env_lookup = lookup_loader.get('env')\n    retval = env_lookup.run([env_var], None)\n    assert retval == [exp_value]\n```\n\n\n# A failing test function for the buggy function\n```python\n# The relative path of the failing test file: test/units/plugins/lookup/test_env.py\n\n@pytest.mark.parametrize('env_var,exp_value', [\n    ('simple_var', 'alpha-\u03b2-gamma'),\n    ('the_var', '\u00e3n\u02c8si\u03b2le')\n])\ndef test_utf8_env_var_value(monkeypatch, env_var, exp_value):\n    monkeypatch.setattr('ansible.utils.py3compat.environ.get', lambda x, y: exp_value)\n\n    env_lookup = lookup_loader.get('env')\n    retval = env_lookup.run([env_var], None)\n    assert retval == [exp_value]\n```\n\n\n# A failing test function for the buggy function\n```python\n# The relative path of the failing test file: test/units/plugins/lookup/test_env.py\n\n@pytest.mark.parametrize('env_var,exp_value', [\n    ('simple_var', 'alpha-\u03b2-gamma'),\n    ('the_var', '\u00e3n\u02c8si\u03b2le')\n])\ndef test_utf8_env_var_value(monkeypatch, env_var, exp_value):\n    monkeypatch.setattr('ansible.utils.py3compat.environ.get', lambda x, y: exp_value)\n\n    env_lookup = lookup_loader.get('env')\n    retval = env_lookup.run([env_var], None)\n    assert retval == [exp_value]\n```\n\n\n",
    "5": "## The error message from the failing test\n```text\nmonkeypatch = <_pytest.monkeypatch.MonkeyPatch object at 0x7fe830bb2ad0>\nenv_var = 'foo', exp_value = 'bar'\n\n    @pytest.mark.parametrize('env_var,exp_value', [\n        ('foo', 'bar'),\n        ('equation', 'a=b*100')\n    ])\n    def test_env_var_value(monkeypatch, env_var, exp_value):\n        monkeypatch.setattr('ansible.utils.py3compat.environ.get', lambda x, y: exp_value)\n    \n        env_lookup = lookup_loader.get('env')\n        retval = env_lookup.run([env_var], None)\n>       assert retval == [exp_value]\nE       AssertionError: assert [''] == ['bar']\nE         At index 0 diff: '' != 'bar'\nE         Full diff:\nE         - ['bar']\nE         + ['']\n\ntest/units/plugins/lookup/test_env.py:23: AssertionError\n\n```\n## The error message from the failing test\n```text\nmonkeypatch = <_pytest.monkeypatch.MonkeyPatch object at 0x7fe82fa37050>\nenv_var = 'equation', exp_value = 'a=b*100'\n\n    @pytest.mark.parametrize('env_var,exp_value', [\n        ('foo', 'bar'),\n        ('equation', 'a=b*100')\n    ])\n    def test_env_var_value(monkeypatch, env_var, exp_value):\n        monkeypatch.setattr('ansible.utils.py3compat.environ.get', lambda x, y: exp_value)\n    \n        env_lookup = lookup_loader.get('env')\n        retval = env_lookup.run([env_var], None)\n>       assert retval == [exp_value]\nE       AssertionError: assert [''] == ['a=b*100']\nE         At index 0 diff: '' != 'a=b*100'\nE         Full diff:\nE         - ['a=b*100']\nE         + ['']\n\ntest/units/plugins/lookup/test_env.py:23: AssertionError\n\n```\n## The error message from the failing test\n```text\nmonkeypatch = <_pytest.monkeypatch.MonkeyPatch object at 0x7fe82f9ce790>\nenv_var = 'simple_var', exp_value = 'alpha-\u03b2-gamma'\n\n    @pytest.mark.parametrize('env_var,exp_value', [\n        ('simple_var', 'alpha-\u03b2-gamma'),\n        ('the_var', '\u00e3n\u02c8si\u03b2le')\n    ])\n    def test_utf8_env_var_value(monkeypatch, env_var, exp_value):\n        monkeypatch.setattr('ansible.utils.py3compat.environ.get', lambda x, y: exp_value)\n    \n        env_lookup = lookup_loader.get('env')\n        retval = env_lookup.run([env_var], None)\n>       assert retval == [exp_value]\nE       AssertionError: assert [''] == ['alpha-\u03b2-gamma']\nE         At index 0 diff: '' != 'alpha-\u03b2-gamma'\nE         Full diff:\nE         - ['alpha-\u03b2-gamma']\nE         + ['']\n\ntest/units/plugins/lookup/test_env.py:35: AssertionError\n\n```\n## The error message from the failing test\n```text\nmonkeypatch = <_pytest.monkeypatch.MonkeyPatch object at 0x7fe82f9e3810>\nenv_var = 'the_var', exp_value = '\u00e3n\u02c8si\u03b2le'\n\n    @pytest.mark.parametrize('env_var,exp_value', [\n        ('simple_var', 'alpha-\u03b2-gamma'),\n        ('the_var', '\u00e3n\u02c8si\u03b2le')\n    ])\n    def test_utf8_env_var_value(monkeypatch, env_var, exp_value):\n        monkeypatch.setattr('ansible.utils.py3compat.environ.get', lambda x, y: exp_value)\n    \n        env_lookup = lookup_loader.get('env')\n        retval = env_lookup.run([env_var], None)\n>       assert retval == [exp_value]\nE       AssertionError: assert [''] == ['\u00e3n\u02c8si\u03b2le']\nE         At index 0 diff: '' != '\u00e3n\u02c8si\u03b2le'\nE         Full diff:\nE         - ['\u00e3n\u02c8si\u03b2le']\nE         + ['']\n\ntest/units/plugins/lookup/test_env.py:35: AssertionError\n\n```\n",
    "6": "# Runtime values and types of variables inside the buggy function\nEach case below includes input parameter values and types, and the values and types of relevant variables at the function's return, derived from executing failing tests. If an input parameter is not reflected in the output, it is assumed to remain unchanged. Note that some of these values at the function's return might be incorrect. Analyze these cases to identify why the tests are failing to effectively fix the bug.\n\n## Case 1\n### Runtime values and types of the input parameters of the buggy function\nterms, value: `['foo']`, type: `list`\n\n### Runtime values and types of variables right before the buggy function's return\nret, value: `['bar']`, type: `list`\n\nterm, value: `'foo'`, type: `str`\n\nvar, value: `'foo'`, type: `str`\n\n## Case 2\n### Runtime values and types of the input parameters of the buggy function\nterms, value: `['equation']`, type: `list`\n\n### Runtime values and types of variables right before the buggy function's return\nret, value: `['a=b*100']`, type: `list`\n\nterm, value: `'equation'`, type: `str`\n\nvar, value: `'equation'`, type: `str`\n\n## Case 3\n### Runtime values and types of the input parameters of the buggy function\nterms, value: `['simple_var']`, type: `list`\n\n### Runtime values and types of variables right before the buggy function's return\nret, value: `['alpha-\u03b2-gamma']`, type: `list`\n\nterm, value: `'simple_var'`, type: `str`\n\nvar, value: `'simple_var'`, type: `str`\n\n## Case 4\n### Runtime values and types of the input parameters of the buggy function\nterms, value: `['the_var']`, type: `list`\n\n### Runtime values and types of variables right before the buggy function's return\nret, value: `['\u00e3n\u02c8si\u03b2le']`, type: `list`\n\nterm, value: `'the_var'`, type: `str`\n\nvar, value: `'the_var'`, type: `str`\n\n",
    "7": "# Expected values and types of variables during the failing test execution\nEach case below includes input parameter values and types, and the expected values and types of relevant variables at the function's return. If an input parameter is not reflected in the output, it is assumed to remain unchanged. A corrected function must satisfy all these cases.\n\n## Expected case 1\n### Input parameter values and types\n### The values and types of buggy function's parameters\nterms, value: `['foo']`, type: `list`\n\n### Expected values and types of variables right before the buggy function's return\nret, expected value: `['']`, type: `list`\n\nterm, expected value: `'foo'`, type: `str`\n\nvar, expected value: `'foo'`, type: `str`\n\n## Expected case 2\n### Input parameter values and types\n### The values and types of buggy function's parameters\nterms, value: `['equation']`, type: `list`\n\n### Expected values and types of variables right before the buggy function's return\nret, expected value: `['']`, type: `list`\n\nterm, expected value: `'equation'`, type: `str`\n\nvar, expected value: `'equation'`, type: `str`\n\n## Expected case 3\n### Input parameter values and types\n### The values and types of buggy function's parameters\nterms, value: `['simple_var']`, type: `list`\n\n### Expected values and types of variables right before the buggy function's return\nret, expected value: `['']`, type: `list`\n\nterm, expected value: `'simple_var'`, type: `str`\n\nvar, expected value: `'simple_var'`, type: `str`\n\n## Expected case 4\n### Input parameter values and types\n### The values and types of buggy function's parameters\nterms, value: `['the_var']`, type: `list`\n\n### Expected values and types of variables right before the buggy function's return\nret, expected value: `['']`, type: `list`\n\nterm, expected value: `'the_var'`, type: `str`\n\nvar, expected value: `'the_var'`, type: `str`\n\n",
    "8": "# A GitHub issue for this bug\n\nThe issue's title:\n```text\nenv lookup plugin error with utf8 chars in the variable value\n```\n\nThe issue's detailed description:\n```text\nSUMMARY\nThe env lookup plugin fails with an error when the environment variable value contains an UTF8 character.\nThe problem exists since Ansible 2.9 and only with Python 2.7\n\nISSUE TYPE\nBug Report\nCOMPONENT NAME\nenv lookup plugin\n\nANSIBLE VERSION\nansible 2.9.1\n  config file = /etc/ansible/ansible.cfg\n  configured module search path = [u'/home/admin/.ansible/plugins/modules', u'/usr/share/ansible/plugins/modules']\n  ansible python module location = /usr/lib/python2.7/dist-packages/ansible\n  executable location = /usr/bin/ansible\n  python version = 2.7.15+ (default, Oct  7 2019, 17:39:04) [GCC 7.4.0]\nCONFIGURATION\n\nOS / ENVIRONMENT\nUbuntu 18.04.3 LTS\nSTEPS TO REPRODUCE\nTESTENVVAR=\u00e9\u00e1\u00fa\u0151\u00fa\u00f6\u00fc\u00f3 ansible all -i localhost, -m debug -a msg=\"{{ lookup('env','TESTENVVAR') }}\"\nEXPECTED RESULTS\nlocalhost | SUCCESS => {\n    \"msg\": \"\u00e9\u00e1\u00fa\u0151\u00fa\u00f6\u00fc\u00f3\"\n}\nACTUAL RESULTS\nlocalhost | FAILED! => {\n    \"msg\": \"the field 'args' has an invalid value ({u'msg': u\\\"{{ lookup('env','TESTENVVAR') }}\\\"}), and could not be converted to an dict.The error was: 'ascii' codec can't decode byte 0xc3 in position 0: ordinal not in range(128)\"\n}\n```\n\n",
    "9": "1. Analyze the buggy function and its relationship with the buggy class, test code, corresponding error message, the actual input/output variable information, the expected input/output variable information, the github issue.\n2. Identify a potential error location within the buggy function.\n3. Elucidate the bug's cause using:\n   (a) The buggy function, \n   (b) The buggy class docs, \n   (c) The failing test, \n   (d) The corresponding error message, \n   (e) The actual input/output variable values, \n   (f) The expected input/output variable values, \n   (g) The GitHub Issue information\n\n4. Suggest approaches for fixing the bug.\n5. Present the corrected code for the buggy function such that it satisfied the following:\n   (a) the program passes the failing test, \n   (b) the function satisfies the expected input/output variable information provided, \n   (c) successfully resolves the issue posted in GitHub\n\n",
    "1.3.3": "Assume that the following list of imports are available in the current environment, so you don't need to import them when generating a fix.\n```python\nimport os\n```\n\n",
    "source_code_section": "# The source code of the buggy function\n```python\n# The relative path of the buggy file: lib/ansible/plugins/lookup/env.py\n\n\n\n    # this is the buggy function you need to fix\n    def run(self, terms, variables, **kwargs):\n    \n        ret = []\n        for term in terms:\n            var = term.split()[0]\n            ret.append(os.getenv(var, ''))\n    \n        return ret\n    \n```"
}