{
    "1": "# The source code of the buggy function\n```python\n# The relative path of the buggy file: pandas/plotting/_matplotlib/core.py\n\n\n\n    # this is the buggy function you need to fix\n    def _decorate_ticks(self, ax, name, ticklabels, start_edge, end_edge):\n        ax.set_xlim((start_edge, end_edge))\n        ax.set_xticks(self.tick_pos)\n        ax.set_xticklabels(ticklabels)\n        if name is not None and self.use_index:\n            ax.set_xlabel(name)\n    \n```",
    "2": "# The declaration of the class containing the buggy function\nclass BarPlot(MPLPlot):\n\n\n\n",
    "3": "",
    "4": "# A failing test function for the buggy function\n```python\n# The relative path of the failing test file: pandas/tests/plotting/test_series.py\n\n    def test_xtick_barPlot(self):\n        # GH28172\n        s = pd.Series(range(10), index=[\"P{i:02d}\".format(i=i) for i in range(10)])\n        ax = s.plot.bar(xticks=range(0, 11, 2))\n        exp = np.array(list(range(0, 11, 2)))\n        tm.assert_numpy_array_equal(exp, ax.get_xticks())\n```\n\n\n",
    "5": "## The error message from the failing test\n```text\nself = <pandas.tests.plotting.test_series.TestSeriesPlots object at 0x7f7609d4bac0>\n\n    def test_xtick_barPlot(self):\n        # GH28172\n        s = pd.Series(range(10), index=[\"P{i:02d}\".format(i=i) for i in range(10)])\n        ax = s.plot.bar(xticks=range(0, 11, 2))\n        exp = np.array(list(range(0, 11, 2)))\n>       tm.assert_numpy_array_equal(exp, ax.get_xticks())\n\npandas/tests/plotting/test_series.py:879: \n_ _ _ _ _ _ _ _ _ _ _ _ _ _ _ _ _ _ _ _ _ _ _ _ _ _ _ _ _ _ _ _ _ _ _ _ _ _ _ _ \n\nleft = array([ 0,  2,  4,  6,  8, 10])\nright = array([0, 1, 2, 3, 4, 5, 6, 7, 8, 9]), err_msg = None\n\n    def _raise(left, right, err_msg):\n        if err_msg is None:\n            if left.shape != right.shape:\n>               raise_assert_detail(\n                    obj,\n                    \"{obj} shapes are different\".format(obj=obj),\n                    left.shape,\n                    right.shape,\n                )\nE               AssertionError: numpy array are different\nE               \nE               numpy array shapes are different\nE               [left]:  (6,)\nE               [right]: (10,)\n\npandas/util/testing.py:988: AssertionError\n\n```\n",
    "6": "# Runtime value and type of variables inside the buggy function\nEach case below includes input parameter value and type, and the value and type of relevant variables at the function's return, derived from executing failing tests. If an input parameter is not reflected in the output, it is assumed to remain unchanged. Note that some of these values at the function's return might be incorrect. Analyze these cases to identify why the tests are failing to effectively fix the bug.\n\n## Case 1\n### Runtime value and type of the input parameters of the buggy function\nstart_edge, value: `-0.5`, type: `float64`\n\nend_edge, value: `9.5`, type: `float64`\n\nself.xticks, value: `range(0, 11, 2)`, type: `range`\n\nself.tick_pos, value: `array([0, 1, 2, 3, 4, 5, 6, 7, 8, 9])`, type: `ndarray`\n\nticklabels, value: `['P00', 'P01', 'P02', 'P03', 'P04', 'P05', 'P06', 'P07', 'P08', 'P09']`, type: `list`\n\nself.use_index, value: `True`, type: `bool`\n\n",
    "7": "# Expected value and type of variables during the failing test execution\nEach case below includes input parameter value and type, and the expected value and type of relevant variables at the function's return. If an input parameter is not reflected in the output, it is assumed to remain unchanged. A corrected function must satisfy all these cases.\n\n## Expected case 1\n### Input parameter value and type\nstart_edge, value: `-0.5`, type: `float64`\n\nend_edge, value: `9.5`, type: `float64`\n\nself.tick_pos, value: `array([0, 1, 2, 3, 4, 5, 6, 7, 8, 9])`, type: `ndarray`\n\nticklabels, value: `['P00', 'P01', 'P02', 'P03', 'P04', 'P05', 'P06', 'P07', 'P08', 'P09']`, type: `list`\n\nself.use_index, value: `True`, type: `bool`\n\n",
    "8": "# A GitHub issue title for this bug\n```text\nunable to set xticks within bar() plotting function\n```\n\n## The GitHub issue's detailed description\n```text\nCode Sample, a copy-pastable example if possible\nIn the code below:\n\npd.Series(range(10), index=range(10)).plot.bar(xticks=range(0, 11, 2))\nxticks argument has no effect. However, there's no such problem in line() plot.\n\nExpected Output\nOutput plot is expected to have xticks defined by xticks argument, e.g. in the example above it should be set to [0, 2, 4, 6, 8, 10].\n```\n\n",
    "9": "1. Analyze the buggy function and it's relationship with the buggy class, test code, corresponding error message, the actual input/output variable information, the expected input/output variable information, the github issue.\n2. Identify the potential error location within the problematic function.\n3. Elucidate the bug's cause using:\n   (a). The buggy function\n   (b). The buggy class docs\n   (c). The failing test\n   (d). The corresponding error message\n   (e). Discrepancies between actual input/output variable value\n   (f). Discrepancies between expected input/output variable value\n   (g). The GitHub Issue information\n\n4. Suggest possible approaches for fixing the bug.\n5. Present the corrected code for the problematic function such that it satisfied the following:\n   (a). Passes the failing test\n   (b). Satisfies the expected input/output variable information provided\n   (c). Successfully resolves the issue posted in GitHub\n\n",
    "1.3.3": "",
    "source_code_section": "# The source code of the buggy function\n```python\n# The relative path of the buggy file: pandas/plotting/_matplotlib/core.py\n\n\n\n    # this is the buggy function you need to fix\n    def _decorate_ticks(self, ax, name, ticklabels, start_edge, end_edge):\n        ax.set_xlim((start_edge, end_edge))\n        ax.set_xticks(self.tick_pos)\n        ax.set_xticklabels(ticklabels)\n        if name is not None and self.use_index:\n            ax.set_xlabel(name)\n    \n```"
}