{
    "1": "Assume that the following list of imports are available in the current environment, so you don't need to import them when generating a fix.\n```python\nimport os\n```\n\n# The source code of the buggy function\n```python\n# The relative path of the buggy file: thefuck/rules/fix_file.py\n\n# this is the buggy function you need to fix\ndef match(command, settings):\n    return 'EDITOR' in os.environ and _search(command.stderr)\n\n```",
    "2": "",
    "3": "# This function from the same file, but not the same class, is called by the buggy function\ndef _search(stderr):\n    # Please ignore the body of this function\n\n",
    "4": "# A failing test function for the buggy function\n```python\n# The relative path of the failing test file: tests/rules/test_fix_file.py\n\n@pytest.mark.parametrize('test', tests)\ndef test_not_file(mocker, monkeypatch, test):\n    mocker.patch('os.path.isfile', return_value=False)\n    monkeypatch.setenv('EDITOR', 'dummy_editor')\n\n    assert not match(Command(stderr=test[4]), None)\n```\n\n\n# A failing test function for the buggy function\n```python\n# The relative path of the failing test file: tests/rules/test_fix_file.py\n\n@pytest.mark.parametrize('test', tests)\ndef test_not_file(mocker, monkeypatch, test):\n    mocker.patch('os.path.isfile', return_value=False)\n    monkeypatch.setenv('EDITOR', 'dummy_editor')\n\n    assert not match(Command(stderr=test[4]), None)\n```\n\n\n# A failing test function for the buggy function\n```python\n# The relative path of the failing test file: tests/rules/test_fix_file.py\n\n@pytest.mark.parametrize('test', tests)\ndef test_not_file(mocker, monkeypatch, test):\n    mocker.patch('os.path.isfile', return_value=False)\n    monkeypatch.setenv('EDITOR', 'dummy_editor')\n\n    assert not match(Command(stderr=test[4]), None)\n```\n\n\n# A failing test function for the buggy function\n```python\n# The relative path of the failing test file: tests/rules/test_fix_file.py\n\n@pytest.mark.parametrize('test', tests)\ndef test_not_file(mocker, monkeypatch, test):\n    mocker.patch('os.path.isfile', return_value=False)\n    monkeypatch.setenv('EDITOR', 'dummy_editor')\n\n    assert not match(Command(stderr=test[4]), None)\n```\n\n\n# A failing test function for the buggy function\n```python\n# The relative path of the failing test file: tests/rules/test_fix_file.py\n\n@pytest.mark.parametrize('test', tests)\ndef test_not_file(mocker, monkeypatch, test):\n    mocker.patch('os.path.isfile', return_value=False)\n    monkeypatch.setenv('EDITOR', 'dummy_editor')\n\n    assert not match(Command(stderr=test[4]), None)\n```\n\n\n# A failing test function for the buggy function\n```python\n# The relative path of the failing test file: tests/rules/test_fix_file.py\n\n@pytest.mark.parametrize('test', tests)\ndef test_not_file(mocker, monkeypatch, test):\n    mocker.patch('os.path.isfile', return_value=False)\n    monkeypatch.setenv('EDITOR', 'dummy_editor')\n\n    assert not match(Command(stderr=test[4]), None)\n```\n\n\n# A failing test function for the buggy function\n```python\n# The relative path of the failing test file: tests/rules/test_fix_file.py\n\n@pytest.mark.parametrize('test', tests)\ndef test_not_file(mocker, monkeypatch, test):\n    mocker.patch('os.path.isfile', return_value=False)\n    monkeypatch.setenv('EDITOR', 'dummy_editor')\n\n    assert not match(Command(stderr=test[4]), None)\n```\n\n\n# A failing test function for the buggy function\n```python\n# The relative path of the failing test file: tests/rules/test_fix_file.py\n\n@pytest.mark.parametrize('test', tests)\ndef test_not_file(mocker, monkeypatch, test):\n    mocker.patch('os.path.isfile', return_value=False)\n    monkeypatch.setenv('EDITOR', 'dummy_editor')\n\n    assert not match(Command(stderr=test[4]), None)\n```\n\n\n# A failing test function for the buggy function\n```python\n# The relative path of the failing test file: tests/rules/test_fix_file.py\n\n@pytest.mark.parametrize('test', tests)\ndef test_not_file(mocker, monkeypatch, test):\n    mocker.patch('os.path.isfile', return_value=False)\n    monkeypatch.setenv('EDITOR', 'dummy_editor')\n\n    assert not match(Command(stderr=test[4]), None)\n```\n\n\n# A failing test function for the buggy function\n```python\n# The relative path of the failing test file: tests/rules/test_fix_file.py\n\n@pytest.mark.parametrize('test', tests)\ndef test_not_file(mocker, monkeypatch, test):\n    mocker.patch('os.path.isfile', return_value=False)\n    monkeypatch.setenv('EDITOR', 'dummy_editor')\n\n    assert not match(Command(stderr=test[4]), None)\n```\n\n\n# A failing test function for the buggy function\n```python\n# The relative path of the failing test file: tests/rules/test_fix_file.py\n\n@pytest.mark.parametrize('test', tests)\ndef test_not_file(mocker, monkeypatch, test):\n    mocker.patch('os.path.isfile', return_value=False)\n    monkeypatch.setenv('EDITOR', 'dummy_editor')\n\n    assert not match(Command(stderr=test[4]), None)\n```\n\n\n# A failing test function for the buggy function\n```python\n# The relative path of the failing test file: tests/rules/test_fix_file.py\n\n@pytest.mark.parametrize('test', tests)\ndef test_not_file(mocker, monkeypatch, test):\n    mocker.patch('os.path.isfile', return_value=False)\n    monkeypatch.setenv('EDITOR', 'dummy_editor')\n\n    assert not match(Command(stderr=test[4]), None)\n```\n\n\n# A failing test function for the buggy function\n```python\n# The relative path of the failing test file: tests/rules/test_fix_file.py\n\n@pytest.mark.parametrize('test', tests)\ndef test_not_file(mocker, monkeypatch, test):\n    mocker.patch('os.path.isfile', return_value=False)\n    monkeypatch.setenv('EDITOR', 'dummy_editor')\n\n    assert not match(Command(stderr=test[4]), None)\n```\n\n\n# A failing test function for the buggy function\n```python\n# The relative path of the failing test file: tests/rules/test_fix_file.py\n\n@pytest.mark.parametrize('test', tests)\ndef test_not_file(mocker, monkeypatch, test):\n    mocker.patch('os.path.isfile', return_value=False)\n    monkeypatch.setenv('EDITOR', 'dummy_editor')\n\n    assert not match(Command(stderr=test[4]), None)\n```\n\n\n# A failing test function for the buggy function\n```python\n# The relative path of the failing test file: tests/rules/test_fix_file.py\n\n@pytest.mark.parametrize('test', tests)\ndef test_not_file(mocker, monkeypatch, test):\n    mocker.patch('os.path.isfile', return_value=False)\n    monkeypatch.setenv('EDITOR', 'dummy_editor')\n\n    assert not match(Command(stderr=test[4]), None)\n```\n\n\n# A failing test function for the buggy function\n```python\n# The relative path of the failing test file: tests/rules/test_fix_file.py\n\n@pytest.mark.parametrize('test', tests)\ndef test_not_file(mocker, monkeypatch, test):\n    mocker.patch('os.path.isfile', return_value=False)\n    monkeypatch.setenv('EDITOR', 'dummy_editor')\n\n    assert not match(Command(stderr=test[4]), None)\n```\n\n\n# A failing test function for the buggy function\n```python\n# The relative path of the failing test file: tests/rules/test_fix_file.py\n\n@pytest.mark.parametrize('test', tests)\ndef test_not_file(mocker, monkeypatch, test):\n    mocker.patch('os.path.isfile', return_value=False)\n    monkeypatch.setenv('EDITOR', 'dummy_editor')\n\n    assert not match(Command(stderr=test[4]), None)\n```\n\n\n# A failing test function for the buggy function\n```python\n# The relative path of the failing test file: tests/rules/test_fix_file.py\n\n@pytest.mark.parametrize('test', tests)\ndef test_not_file(mocker, monkeypatch, test):\n    mocker.patch('os.path.isfile', return_value=False)\n    monkeypatch.setenv('EDITOR', 'dummy_editor')\n\n    assert not match(Command(stderr=test[4]), None)\n```\n\n\n# A failing test function for the buggy function\n```python\n# The relative path of the failing test file: tests/rules/test_fix_file.py\n\n@pytest.mark.parametrize('test', tests)\ndef test_not_file(mocker, monkeypatch, test):\n    mocker.patch('os.path.isfile', return_value=False)\n    monkeypatch.setenv('EDITOR', 'dummy_editor')\n\n    assert not match(Command(stderr=test[4]), None)\n```\n\n\n# A failing test function for the buggy function\n```python\n# The relative path of the failing test file: tests/rules/test_fix_file.py\n\n@pytest.mark.parametrize('test', tests)\ndef test_not_file(mocker, monkeypatch, test):\n    mocker.patch('os.path.isfile', return_value=False)\n    monkeypatch.setenv('EDITOR', 'dummy_editor')\n\n    assert not match(Command(stderr=test[4]), None)\n```\n\n\n",
    "5": "## The error message from the failing test\n```text\nmocker = <pytest_mock.plugin.MockFixture object at 0x7f1226318190>\nmonkeypatch = <_pytest.monkeypatch.MonkeyPatch object at 0x7f1226318050>\ntest = ('gcc a.c', 'a.c', 3, 1, \"\\na.c: In function 'main':\\na.c:3:1: error: expected expression before '}' token\\n }\\n  ^\\n\")\n\n    @pytest.mark.parametrize('test', tests)\n    def test_not_file(mocker, monkeypatch, test):\n        mocker.patch('os.path.isfile', return_value=False)\n        monkeypatch.setenv('EDITOR', 'dummy_editor')\n    \n>       assert not match(Command(stderr=test[4]), None)\nE       assert not <re.Match object; span=(26, 32), match='a.c:3:'>\nE        +  where <re.Match object; span=(26, 32), match='a.c:3:'> = match(Command(script='', stdout='', stderr=\"\\na.c: In function 'main':\\na.c:3:1: error: expected expression before '}' token\\n }\\n  ^\\n\"), None)\nE        +    where Command(script='', stdout='', stderr=\"\\na.c: In function 'main':\\na.c:3:1: error: expected expression before '}' token\\n }\\n  ^\\n\") = Command(stderr=\"\\na.c: In function 'main':\\na.c:3:1: error: expected expression before '}' token\\n }\\n  ^\\n\")\n\ntests/rules/test_fix_file.py:181: AssertionError\n\n```\n## The error message from the failing test\n```text\nmocker = <pytest_mock.plugin.MockFixture object at 0x7f1226225f10>\nmonkeypatch = <_pytest.monkeypatch.MonkeyPatch object at 0x7f1226225f50>\ntest = ('clang a.c', 'a.c', 3, 1, '\\na.c:3:1: error: expected expression\\n}\\n^\\n')\n\n    @pytest.mark.parametrize('test', tests)\n    def test_not_file(mocker, monkeypatch, test):\n        mocker.patch('os.path.isfile', return_value=False)\n        monkeypatch.setenv('EDITOR', 'dummy_editor')\n    \n>       assert not match(Command(stderr=test[4]), None)\nE       AssertionError: assert not <re.Match object; span=(1, 7), match='a.c:3:'>\nE        +  where <re.Match object; span=(1, 7), match='a.c:3:'> = match(Command(script='', stdout='', stderr='\\na.c:3:1: error: expected expression\\n}\\n^\\n'), None)\nE        +    where Command(script='', stdout='', stderr='\\na.c:3:1: error: expected expression\\n}\\n^\\n') = Command(stderr='\\na.c:3:1: error: expected expression\\n}\\n^\\n')\n\ntests/rules/test_fix_file.py:181: AssertionError\n\n```\n## The error message from the failing test\n```text\nmocker = <pytest_mock.plugin.MockFixture object at 0x7f1226238b10>\nmonkeypatch = <_pytest.monkeypatch.MonkeyPatch object at 0x7f12262383d0>\ntest = ('perl a.pl', 'a.pl', 3, None, '\\nsyntax error at a.pl line 3, at EOF\\nExecution of a.pl aborted due to compilation errors.\\n')\n\n    @pytest.mark.parametrize('test', tests)\n    def test_not_file(mocker, monkeypatch, test):\n        mocker.patch('os.path.isfile', return_value=False)\n        monkeypatch.setenv('EDITOR', 'dummy_editor')\n    \n>       assert not match(Command(stderr=test[4]), None)\nE       AssertionError: assert not <re.Match object; span=(14, 28), match='at a.pl line 3'>\nE        +  where <re.Match object; span=(14, 28), match='at a.pl line 3'> = match(Command(script='', stdout='', stderr='\\nsyntax error at a.pl line 3, at EOF\\nExecution of a.pl aborted due to compilation errors.\\n'), None)\nE        +    where Command(script='', stdout='', stderr='\\nsyntax error at a.pl line 3, at EOF\\nExecution of a.pl aborted due to compilation errors.\\n') = Command(stderr='\\nsyntax error at a.pl line 3, at EOF\\nExecution of a.pl aborted due to compilation errors.\\n')\n\ntests/rules/test_fix_file.py:181: AssertionError\n\n```\n## The error message from the failing test\n```text\nmocker = <pytest_mock.plugin.MockFixture object at 0x7f1226215e50>\nmonkeypatch = <_pytest.monkeypatch.MonkeyPatch object at 0x7f12262154d0>\ntest = ('perl a.pl', 'a.pl', 2, None, '\\nSearch pattern not terminated at a.pl line 2.\\n')\n\n    @pytest.mark.parametrize('test', tests)\n    def test_not_file(mocker, monkeypatch, test):\n        mocker.patch('os.path.isfile', return_value=False)\n        monkeypatch.setenv('EDITOR', 'dummy_editor')\n    \n>       assert not match(Command(stderr=test[4]), None)\nE       AssertionError: assert not <re.Match object; span=(31, 45), match='at a.pl line 2'>\nE        +  where <re.Match object; span=(31, 45), match='at a.pl line 2'> = match(Command(script='', stdout='', stderr='\\nSearch pattern not terminated at a.pl line 2.\\n'), None)\nE        +    where Command(script='', stdout='', stderr='\\nSearch pattern not terminated at a.pl line 2.\\n') = Command(stderr='\\nSearch pattern not terminated at a.pl line 2.\\n')\n\ntests/rules/test_fix_file.py:181: AssertionError\n\n```\n## The error message from the failing test\n```text\nmocker = <pytest_mock.plugin.MockFixture object at 0x7f12261e9f90>\nmonkeypatch = <_pytest.monkeypatch.MonkeyPatch object at 0x7f12261e9e10>\ntest = ('sh a.sh', 'a.sh', 2, None, '\\na.sh: line 2: foo: command not found\\n')\n\n    @pytest.mark.parametrize('test', tests)\n    def test_not_file(mocker, monkeypatch, test):\n        mocker.patch('os.path.isfile', return_value=False)\n        monkeypatch.setenv('EDITOR', 'dummy_editor')\n    \n>       assert not match(Command(stderr=test[4]), None)\nE       AssertionError: assert not <re.Match object; span=(1, 15), match='a.sh: line 2: '>\nE        +  where <re.Match object; span=(1, 15), match='a.sh: line 2: '> = match(Command(script='', stdout='', stderr='\\na.sh: line 2: foo: command not found\\n'), None)\nE        +    where Command(script='', stdout='', stderr='\\na.sh: line 2: foo: command not found\\n') = Command(stderr='\\na.sh: line 2: foo: command not found\\n')\n\ntests/rules/test_fix_file.py:181: AssertionError\n\n```\n## The error message from the failing test\n```text\nmocker = <pytest_mock.plugin.MockFixture object at 0x7f122621ad50>\nmonkeypatch = <_pytest.monkeypatch.MonkeyPatch object at 0x7f122621ac90>\ntest = ('zsh a.sh', 'a.sh', 2, None, '\\na.sh:2: command not found: foo\\n')\n\n    @pytest.mark.parametrize('test', tests)\n    def test_not_file(mocker, monkeypatch, test):\n        mocker.patch('os.path.isfile', return_value=False)\n        monkeypatch.setenv('EDITOR', 'dummy_editor')\n    \n>       assert not match(Command(stderr=test[4]), None)\nE       AssertionError: assert not <re.Match object; span=(1, 8), match='a.sh:2:'>\nE        +  where <re.Match object; span=(1, 8), match='a.sh:2:'> = match(Command(script='', stdout='', stderr='\\na.sh:2: command not found: foo\\n'), None)\nE        +    where Command(script='', stdout='', stderr='\\na.sh:2: command not found: foo\\n') = Command(stderr='\\na.sh:2: command not found: foo\\n')\n\ntests/rules/test_fix_file.py:181: AssertionError\n\n```\n## The error message from the failing test\n```text\nmocker = <pytest_mock.plugin.MockFixture object at 0x7f12261f0b90>\nmonkeypatch = <_pytest.monkeypatch.MonkeyPatch object at 0x7f12261f08d0>\ntest = ('bash a.sh', 'a.sh', 2, None, '\\na.sh: line 2: foo: command not found\\n')\n\n    @pytest.mark.parametrize('test', tests)\n    def test_not_file(mocker, monkeypatch, test):\n        mocker.patch('os.path.isfile', return_value=False)\n        monkeypatch.setenv('EDITOR', 'dummy_editor')\n    \n>       assert not match(Command(stderr=test[4]), None)\nE       AssertionError: assert not <re.Match object; span=(1, 15), match='a.sh: line 2: '>\nE        +  where <re.Match object; span=(1, 15), match='a.sh: line 2: '> = match(Command(script='', stdout='', stderr='\\na.sh: line 2: foo: command not found\\n'), None)\nE        +    where Command(script='', stdout='', stderr='\\na.sh: line 2: foo: command not found\\n') = Command(stderr='\\na.sh: line 2: foo: command not found\\n')\n\ntests/rules/test_fix_file.py:181: AssertionError\n\n```\n## The error message from the failing test\n```text\nmocker = <pytest_mock.plugin.MockFixture object at 0x7f1226207e10>\nmonkeypatch = <_pytest.monkeypatch.MonkeyPatch object at 0x7f1226207c10>\ntest = ('rustc a.rs', 'a.rs', 2, 5, '\\na.rs:2:5: 2:6 error: unexpected token: `+`\\na.rs:2     +\\n           ^\\n')\n\n    @pytest.mark.parametrize('test', tests)\n    def test_not_file(mocker, monkeypatch, test):\n        mocker.patch('os.path.isfile', return_value=False)\n        monkeypatch.setenv('EDITOR', 'dummy_editor')\n    \n>       assert not match(Command(stderr=test[4]), None)\nE       AssertionError: assert not <re.Match object; span=(1, 8), match='a.rs:2:'>\nE        +  where <re.Match object; span=(1, 8), match='a.rs:2:'> = match(Command(script='', stdout='', stderr='\\na.rs:2:5: 2:6 error: unexpected token: `+`\\na.rs:2     +\\n           ^\\n'), None)\nE        +    where Command(script='', stdout='', stderr='\\na.rs:2:5: 2:6 error: unexpected token: `+`\\na.rs:2     +\\n           ^\\n') = Command(stderr='\\na.rs:2:5: 2:6 error: unexpected token: `+`\\na.rs:2     +\\n           ^\\n')\n\ntests/rules/test_fix_file.py:181: AssertionError\n\n```\n## The error message from the failing test\n```text\nmocker = <pytest_mock.plugin.MockFixture object at 0x7f1226214e90>\nmonkeypatch = <_pytest.monkeypatch.MonkeyPatch object at 0x7f1226214cd0>\ntest = ('cargo build', 'src/lib.rs', 3, 5, '\\n   Compiling test v0.1.0 (file:///tmp/fix-error/test)\\n   src/lib.rs:3:5: 3:6 e...s:3     +\\n                    ^\\nCould not compile `test`.\\n\\nTo learn more, run the command again with --verbose.\\n')\n\n    @pytest.mark.parametrize('test', tests)\n    def test_not_file(mocker, monkeypatch, test):\n        mocker.patch('os.path.isfile', return_value=False)\n        monkeypatch.setenv('EDITOR', 'dummy_editor')\n    \n>       assert not match(Command(stderr=test[4]), None)\nE       AssertionError: assert not <re.Match object; span=(55, 72), match='   src/lib.rs:3:5'>\nE        +  where <re.Match object; span=(55, 72), match='   src/lib.rs:3:5'> = match(Command(script='', stdout='', stderr='\\n   Compiling test v0.1.0 (file:///tmp/fix-error/test)\\n   src/lib.rs:3:5: 3:6 ...s:3     +\\n                    ^\\nCould not compile `test`.\\n\\nTo learn more, run the command again with --verbose.\\n'), None)\nE        +    where Command(script='', stdout='', stderr='\\n   Compiling test v0.1.0 (file:///tmp/fix-error/test)\\n   src/lib.rs:3:5: 3:6 ...s:3     +\\n                    ^\\nCould not compile `test`.\\n\\nTo learn more, run the command again with --verbose.\\n') = Command(stderr='\\n   Compiling test v0.1.0 (file:///tmp/fix-error/test)\\n   src/lib.rs:3:5: 3:6 error: unexpected token: `+`\\n   src/...rs:3     +\\n                    ^\\nCould not compile `test`.\\n\\nTo learn more, run the command again with --verbose.\\n')\n\ntests/rules/test_fix_file.py:181: AssertionError\n\n```\n## The error message from the failing test\n```text\nmocker = <pytest_mock.plugin.MockFixture object at 0x7f12261ccd90>\nmonkeypatch = <_pytest.monkeypatch.MonkeyPatch object at 0x7f12261ccc50>\ntest = ('python a.py', 'a.py', 2, None, '\\n  File \"a.py\", line 2\\n      +\\n          ^\\nSyntaxError: invalid syntax\\n')\n\n    @pytest.mark.parametrize('test', tests)\n    def test_not_file(mocker, monkeypatch, test):\n        mocker.patch('os.path.isfile', return_value=False)\n        monkeypatch.setenv('EDITOR', 'dummy_editor')\n    \n>       assert not match(Command(stderr=test[4]), None)\nE       assert not <re.Match object; span=(1, 22), match='  File \"a.py\", line 2'>\nE        +  where <re.Match object; span=(1, 22), match='  File \"a.py\", line 2'> = match(Command(script='', stdout='', stderr='\\n  File \"a.py\", line 2\\n      +\\n          ^\\nSyntaxError: invalid syntax\\n'), None)\nE        +    where Command(script='', stdout='', stderr='\\n  File \"a.py\", line 2\\n      +\\n          ^\\nSyntaxError: invalid syntax\\n') = Command(stderr='\\n  File \"a.py\", line 2\\n      +\\n          ^\\nSyntaxError: invalid syntax\\n')\n\ntests/rules/test_fix_file.py:181: AssertionError\n\n```\n## The error message from the failing test\n```text\nmocker = <pytest_mock.plugin.MockFixture object at 0x7f1226212cd0>\nmonkeypatch = <_pytest.monkeypatch.MonkeyPatch object at 0x7f1226212850>\ntest = ('python a.py', 'a.py', 8, None, '\\nTraceback (most recent call last):\\n  File \"a.py\", line 8, in <module>\\n    match(...(\"first argument must be string or compiled pattern\")\\nTypeError: first argument must be string or compiled pattern\\n')\n\n    @pytest.mark.parametrize('test', tests)\n    def test_not_file(mocker, monkeypatch, test):\n        mocker.patch('os.path.isfile', return_value=False)\n        monkeypatch.setenv('EDITOR', 'dummy_editor')\n    \n>       assert not match(Command(stderr=test[4]), None)\nE       assert not <re.Match object; span=(36, 57), match='  File \"a.py\", line 8'>\nE        +  where <re.Match object; span=(36, 57), match='  File \"a.py\", line 8'> = match(Command(script='', stdout='', stderr='\\nTraceback (most recent call last):\\n  File \"a.py\", line 8, in <module>\\n    ma...(\"first argument must be string or compiled pattern\")\\nTypeError: first argument must be string or compiled pattern\\n'), None)\nE        +    where Command(script='', stdout='', stderr='\\nTraceback (most recent call last):\\n  File \"a.py\", line 8, in <module>\\n    ma...(\"first argument must be string or compiled pattern\")\\nTypeError: first argument must be string or compiled pattern\\n') = Command(stderr='\\nTraceback (most recent call last):\\n  File \"a.py\", line 8, in <module>\\n    match(\"foo\")\\n  File \"a.py\", line 5, in...r(\"first argument must be string or compiled pattern\")\\nTypeError: first argument must be string or compiled pattern\\n')\n\ntests/rules/test_fix_file.py:181: AssertionError\n\n```\n## The error message from the failing test\n```text\nmocker = <pytest_mock.plugin.MockFixture object at 0x7f122621a090>\nmonkeypatch = <_pytest.monkeypatch.MonkeyPatch object at 0x7f122621a1d0>\ntest = ('ruby a.rb', 'a.rb', 3, None, '\\na.rb:3: syntax error, unexpected keyword_end\\n')\n\n    @pytest.mark.parametrize('test', tests)\n    def test_not_file(mocker, monkeypatch, test):\n        mocker.patch('os.path.isfile', return_value=False)\n        monkeypatch.setenv('EDITOR', 'dummy_editor')\n    \n>       assert not match(Command(stderr=test[4]), None)\nE       AssertionError: assert not <re.Match object; span=(1, 8), match='a.rb:3:'>\nE        +  where <re.Match object; span=(1, 8), match='a.rb:3:'> = match(Command(script='', stdout='', stderr='\\na.rb:3: syntax error, unexpected keyword_end\\n'), None)\nE        +    where Command(script='', stdout='', stderr='\\na.rb:3: syntax error, unexpected keyword_end\\n') = Command(stderr='\\na.rb:3: syntax error, unexpected keyword_end\\n')\n\ntests/rules/test_fix_file.py:181: AssertionError\n\n```\n## The error message from the failing test\n```text\nmocker = <pytest_mock.plugin.MockFixture object at 0x7f1226214150>\nmonkeypatch = <_pytest.monkeypatch.MonkeyPatch object at 0x7f1226214210>\ntest = ('lua a.lua', 'a.lua', 2, None, \"\\nlua: a.lua:2: unexpected symbol near '+'\\n\")\n\n    @pytest.mark.parametrize('test', tests)\n    def test_not_file(mocker, monkeypatch, test):\n        mocker.patch('os.path.isfile', return_value=False)\n        monkeypatch.setenv('EDITOR', 'dummy_editor')\n    \n>       assert not match(Command(stderr=test[4]), None)\nE       assert not <re.Match object; span=(1, 14), match='lua: a.lua:2:'>\nE        +  where <re.Match object; span=(1, 14), match='lua: a.lua:2:'> = match(Command(script='', stdout='', stderr=\"\\nlua: a.lua:2: unexpected symbol near '+'\\n\"), None)\nE        +    where Command(script='', stdout='', stderr=\"\\nlua: a.lua:2: unexpected symbol near '+'\\n\") = Command(stderr=\"\\nlua: a.lua:2: unexpected symbol near '+'\\n\")\n\ntests/rules/test_fix_file.py:181: AssertionError\n\n```\n## The error message from the failing test\n```text\nmocker = <pytest_mock.plugin.MockFixture object at 0x7f1226230f10>\nmonkeypatch = <_pytest.monkeypatch.MonkeyPatch object at 0x7f1226230850>\ntest = ('fish a.sh', '/tmp/fix-error/a.sh', 2, None, \"\\nfish: Unknown command 'foo'\\n/tmp/fix-error/a.sh (line 2): foo\\n                              ^\\n\")\n\n    @pytest.mark.parametrize('test', tests)\n    def test_not_file(mocker, monkeypatch, test):\n        mocker.patch('os.path.isfile', return_value=False)\n        monkeypatch.setenv('EDITOR', 'dummy_editor')\n    \n>       assert not match(Command(stderr=test[4]), None)\nE       assert not <re.Match object; span=(29, 58), match='/tmp/fix-error/a.sh (line 2):'>\nE        +  where <re.Match object; span=(29, 58), match='/tmp/fix-error/a.sh (line 2):'> = match(Command(script='', stdout='', stderr=\"\\nfish: Unknown command 'foo'\\n/tmp/fix-error/a.sh (line 2): foo\\n                              ^\\n\"), None)\nE        +    where Command(script='', stdout='', stderr=\"\\nfish: Unknown command 'foo'\\n/tmp/fix-error/a.sh (line 2): foo\\n                              ^\\n\") = Command(stderr=\"\\nfish: Unknown command 'foo'\\n/tmp/fix-error/a.sh (line 2): foo\\n                              ^\\n\")\n\ntests/rules/test_fix_file.py:181: AssertionError\n\n```\n## The error message from the failing test\n```text\nmocker = <pytest_mock.plugin.MockFixture object at 0x7f1226215f50>\nmonkeypatch = <_pytest.monkeypatch.MonkeyPatch object at 0x7f1226215150>\ntest = ('./a', './a', 2, None, '\\nawk: ./a:2: BEGIN { print \"Hello, world!\" + }\\nawk: ./a:2:                                 ^ syntax error\\n')\n\n    @pytest.mark.parametrize('test', tests)\n    def test_not_file(mocker, monkeypatch, test):\n        mocker.patch('os.path.isfile', return_value=False)\n        monkeypatch.setenv('EDITOR', 'dummy_editor')\n    \n>       assert not match(Command(stderr=test[4]), None)\nE       assert not <re.Match object; span=(1, 12), match='awk: ./a:2:'>\nE        +  where <re.Match object; span=(1, 12), match='awk: ./a:2:'> = match(Command(script='', stdout='', stderr='\\nawk: ./a:2: BEGIN { print \"Hello, world!\" + }\\nawk: ./a:2:                                 ^ syntax error\\n'), None)\nE        +    where Command(script='', stdout='', stderr='\\nawk: ./a:2: BEGIN { print \"Hello, world!\" + }\\nawk: ./a:2:                                 ^ syntax error\\n') = Command(stderr='\\nawk: ./a:2: BEGIN { print \"Hello, world!\" + }\\nawk: ./a:2:                                 ^ syntax error\\n')\n\ntests/rules/test_fix_file.py:181: AssertionError\n\n```\n## The error message from the failing test\n```text\nmocker = <pytest_mock.plugin.MockFixture object at 0x7f1226238150>\nmonkeypatch = <_pytest.monkeypatch.MonkeyPatch object at 0x7f1226238250>\ntest = ('llc a.ll', 'a.ll', 1, None, '\\nllc: a.ll:1:1: error: expected top-level entity\\n+\\n^\\n')\n\n    @pytest.mark.parametrize('test', tests)\n    def test_not_file(mocker, monkeypatch, test):\n        mocker.patch('os.path.isfile', return_value=False)\n        monkeypatch.setenv('EDITOR', 'dummy_editor')\n    \n>       assert not match(Command(stderr=test[4]), None)\nE       AssertionError: assert not <re.Match object; span=(1, 15), match='llc: a.ll:1:1:'>\nE        +  where <re.Match object; span=(1, 15), match='llc: a.ll:1:1:'> = match(Command(script='', stdout='', stderr='\\nllc: a.ll:1:1: error: expected top-level entity\\n+\\n^\\n'), None)\nE        +    where Command(script='', stdout='', stderr='\\nllc: a.ll:1:1: error: expected top-level entity\\n+\\n^\\n') = Command(stderr='\\nllc: a.ll:1:1: error: expected top-level entity\\n+\\n^\\n')\n\ntests/rules/test_fix_file.py:181: AssertionError\n\n```\n## The error message from the failing test\n```text\nmocker = <pytest_mock.plugin.MockFixture object at 0x7f12261d7d10>\nmonkeypatch = <_pytest.monkeypatch.MonkeyPatch object at 0x7f12261d7bd0>\ntest = ('go build a.go', 'a.go', 1, None, \"\\ncan't load package:\\na.go:1:1: expected 'package', found '+'\\n\")\n\n    @pytest.mark.parametrize('test', tests)\n    def test_not_file(mocker, monkeypatch, test):\n        mocker.patch('os.path.isfile', return_value=False)\n        monkeypatch.setenv('EDITOR', 'dummy_editor')\n    \n>       assert not match(Command(stderr=test[4]), None)\nE       assert not <re.Match object; span=(21, 28), match='a.go:1:'>\nE        +  where <re.Match object; span=(21, 28), match='a.go:1:'> = match(Command(script='', stdout='', stderr=\"\\ncan't load package:\\na.go:1:1: expected 'package', found '+'\\n\"), None)\nE        +    where Command(script='', stdout='', stderr=\"\\ncan't load package:\\na.go:1:1: expected 'package', found '+'\\n\") = Command(stderr=\"\\ncan't load package:\\na.go:1:1: expected 'package', found '+'\\n\")\n\ntests/rules/test_fix_file.py:181: AssertionError\n\n```\n## The error message from the failing test\n```text\nmocker = <pytest_mock.plugin.MockFixture object at 0x7f12261c4e50>\nmonkeypatch = <_pytest.monkeypatch.MonkeyPatch object at 0x7f12261c4b90>\ntest = ('make', 'Makefile', 2, None, \"\\nbidule\\nmake: bidule: Command not found\\nMakefile:2: recipe for target 'target' failed\\nmake: *** [target] Error 127\\n\")\n\n    @pytest.mark.parametrize('test', tests)\n    def test_not_file(mocker, monkeypatch, test):\n        mocker.patch('os.path.isfile', return_value=False)\n        monkeypatch.setenv('EDITOR', 'dummy_editor')\n    \n>       assert not match(Command(stderr=test[4]), None)\nE       assert not <re.Match object; span=(40, 51), match='Makefile:2:'>\nE        +  where <re.Match object; span=(40, 51), match='Makefile:2:'> = match(Command(script='', stdout='', stderr=\"\\nbidule\\nmake: bidule: Command not found\\nMakefile:2: recipe for target 'target' failed\\nmake: *** [target] Error 127\\n\"), None)\nE        +    where Command(script='', stdout='', stderr=\"\\nbidule\\nmake: bidule: Command not found\\nMakefile:2: recipe for target 'target' failed\\nmake: *** [target] Error 127\\n\") = Command(stderr=\"\\nbidule\\nmake: bidule: Command not found\\nMakefile:2: recipe for target 'target' failed\\nmake: *** [target] Error 127\\n\")\n\ntests/rules/test_fix_file.py:181: AssertionError\n\n```\n## The error message from the failing test\n```text\nmocker = <pytest_mock.plugin.MockFixture object at 0x7f12261cda50>\nmonkeypatch = <_pytest.monkeypatch.MonkeyPatch object at 0x7f12261cdb90>\ntest = ('git st', '/home/martin/.config/git/config', 1, None, '\\nfatal: bad config file line 1 in /home/martin/.config/git/config\\n')\n\n    @pytest.mark.parametrize('test', tests)\n    def test_not_file(mocker, monkeypatch, test):\n        mocker.patch('os.path.isfile', return_value=False)\n        monkeypatch.setenv('EDITOR', 'dummy_editor')\n    \n>       assert not match(Command(stderr=test[4]), None)\nE       AssertionError: assert not <re.Match object; span=(1, 65), match='fatal: bad config file line 1 in /home/martin/.co>\nE        +  where <re.Match object; span=(1, 65), match='fatal: bad config file line 1 in /home/martin/.co> = match(Command(script='', stdout='', stderr='\\nfatal: bad config file line 1 in /home/martin/.config/git/config\\n'), None)\nE        +    where Command(script='', stdout='', stderr='\\nfatal: bad config file line 1 in /home/martin/.config/git/config\\n') = Command(stderr='\\nfatal: bad config file line 1 in /home/martin/.config/git/config\\n')\n\ntests/rules/test_fix_file.py:181: AssertionError\n\n```\n## The error message from the failing test\n```text\nmocker = <pytest_mock.plugin.MockFixture object at 0x7f12261ae550>\nmonkeypatch = <_pytest.monkeypatch.MonkeyPatch object at 0x7f12261ae610>\ntest = ('node fuck.js asdf qwer', '/Users/pablo/Workspace/barebones/fuck.js', '2', 5, '\\n/Users/pablo/Workspace/barebones/fuc...s:310:12)\\n    at Function.Module.runMain (module.js:501:10)\\n    at startup (node.js:129:16)\\n    at node.js:814:3\\n')\n\n    @pytest.mark.parametrize('test', tests)\n    def test_not_file(mocker, monkeypatch, test):\n        mocker.patch('os.path.isfile', return_value=False)\n        monkeypatch.setenv('EDITOR', 'dummy_editor')\n    \n>       assert not match(Command(stderr=test[4]), None)\nE       AssertionError: assert not <re.Match object; span=(140, 191), match='    at /Users/pablo/Workspace/barebones/fuck.js:2>\nE        +  where <re.Match object; span=(140, 191), match='    at /Users/pablo/Workspace/barebones/fuck.js:2> = match(Command(script='', stdout='', stderr='\\n/Users/pablo/Workspace/barebones/fuck.js:2\\nconole.log(arg);  // this should r...s:310:12)\\n    at Function.Module.runMain (module.js:501:10)\\n    at startup (node.js:129:16)\\n    at node.js:814:3\\n'), None)\nE        +    where Command(script='', stdout='', stderr='\\n/Users/pablo/Workspace/barebones/fuck.js:2\\nconole.log(arg);  // this should r...s:310:12)\\n    at Function.Module.runMain (module.js:501:10)\\n    at startup (node.js:129:16)\\n    at node.js:814:3\\n') = Command(stderr='\\n/Users/pablo/Workspace/barebones/fuck.js:2\\nconole.log(arg);  // this should read console.log(arg);\\n^\\nReferenceEr...js:310:12)\\n    at Function.Module.runMain (module.js:501:10)\\n    at startup (node.js:129:16)\\n    at node.js:814:3\\n')\n\ntests/rules/test_fix_file.py:181: AssertionError\n\n```\n",
    "6": "# Runtime value and type of variables inside the buggy function\nEach case below includes input parameter value and type, and the value and type of relevant variables at the function's return, derived from executing failing tests. If an input parameter is not reflected in the output, it is assumed to remain unchanged. Note that some of these values at the function's return might be incorrect. Analyze these cases to identify why the tests are failing to effectively fix the bug.\n\n## Case 1\n### Runtime value and type of the input parameters of the buggy function\ncommand.stderr, value: `\"\\na.c: In function 'main':\\na.c:3:1: error: expected expression before '}' token\\n }\\n  ^\\n\"`, type: `str`\n\ncommand, value: `Command(script='', stdout='', stderr=\"\\na.c: In function 'main':\\na.c:3:1: error: expected expression before '}' token\\n }\\n  ^\\n\")`, type: `Command`\n\n### Runtime value and type of variables right before the buggy function's return\nm, value: `<re.Match object; span=(26, 32), match='a.c:3:'>`, type: `Match`\n\n## Case 2\n### Runtime value and type of the input parameters of the buggy function\ncommand.stderr, value: `'\\na.c:3:1: error: expected expression\\n}\\n^\\n'`, type: `str`\n\ncommand, value: `Command(script='', stdout='', stderr='\\na.c:3:1: error: expected expression\\n}\\n^\\n')`, type: `Command`\n\n### Runtime value and type of variables right before the buggy function's return\nm, value: `<re.Match object; span=(1, 7), match='a.c:3:'>`, type: `Match`\n\n## Case 3\n### Runtime value and type of the input parameters of the buggy function\ncommand.stderr, value: `'\\nsyntax error at a.pl line 3, at EOF\\nExecution of a.pl aborted due to compilation errors.\\n'`, type: `str`\n\ncommand, value: `Command(script='', stdout='', stderr='\\nsyntax error at a.pl line 3, at EOF\\nExecution of a.pl aborted due to compilation errors.\\n')`, type: `Command`\n\n### Runtime value and type of variables right before the buggy function's return\nm, value: `<re.Match object; span=(14, 28), match='at a.pl line 3'>`, type: `Match`\n\n## Case 4\n### Runtime value and type of the input parameters of the buggy function\ncommand.stderr, value: `'\\nSearch pattern not terminated at a.pl line 2.\\n'`, type: `str`\n\ncommand, value: `Command(script='', stdout='', stderr='\\nSearch pattern not terminated at a.pl line 2.\\n')`, type: `Command`\n\n### Runtime value and type of variables right before the buggy function's return\nm, value: `<re.Match object; span=(31, 45), match='at a.pl line 2'>`, type: `Match`\n\n## Case 5\n### Runtime value and type of the input parameters of the buggy function\ncommand.stderr, value: `'\\na.sh: line 2: foo: command not found\\n'`, type: `str`\n\ncommand, value: `Command(script='', stdout='', stderr='\\na.sh: line 2: foo: command not found\\n')`, type: `Command`\n\n### Runtime value and type of variables right before the buggy function's return\nm, value: `<re.Match object; span=(1, 15), match='a.sh: line 2: '>`, type: `Match`\n\n## Case 6\n### Runtime value and type of the input parameters of the buggy function\ncommand.stderr, value: `'\\na.sh:2: command not found: foo\\n'`, type: `str`\n\ncommand, value: `Command(script='', stdout='', stderr='\\na.sh:2: command not found: foo\\n')`, type: `Command`\n\n### Runtime value and type of variables right before the buggy function's return\nm, value: `<re.Match object; span=(1, 8), match='a.sh:2:'>`, type: `Match`\n\n## Case 7\n### Runtime value and type of the input parameters of the buggy function\ncommand.stderr, value: `'\\na.rs:2:5: 2:6 error: unexpected token: `+`\\na.rs:2     +\\n           ^\\n'`, type: `str`\n\ncommand, value: `Command(script='', stdout='', stderr='\\na.rs:2:5: 2:6 error: unexpected token: `+`\\na.rs:2     +\\n           ^\\n')`, type: `Command`\n\n### Runtime value and type of variables right before the buggy function's return\nm, value: `<re.Match object; span=(1, 8), match='a.rs:2:'>`, type: `Match`\n\n## Case 8\n### Runtime value and type of the input parameters of the buggy function\ncommand.stderr, value: `'\\n   Compiling test v0.1.0 (file:///tmp/fix-error/test)\\n   src/lib.rs:3:5: 3:6 error: unexpected token: `+`\\n   src/lib.rs:3     +\\n                    ^\\nCould not compile `test`.\\n\\nTo learn more, run the command again with --verbose.\\n'`, type: `str`\n\ncommand, value: `Command(script='', stdout='', stderr='\\n   Compiling test v0.1.0 (file:///tmp/fix-error/test)\\n   src/lib.rs:3:5: 3:6 error: unexpected token: `+`\\n   src/lib.rs:3     +\\n                    ^\\nCould not compile `test`.\\n\\nTo learn more, run the command again with --verbose.\\n')`, type: `Command`\n\n### Runtime value and type of variables right before the buggy function's return\nm, value: `<re.Match object; span=(55, 72), match='   src/lib.rs:3:5'>`, type: `Match`\n\n## Case 9\n### Runtime value and type of the input parameters of the buggy function\ncommand.stderr, value: `'\\n  File \"a.py\", line 2\\n      +\\n          ^\\nSyntaxError: invalid syntax\\n'`, type: `str`\n\ncommand, value: `Command(script='', stdout='', stderr='\\n  File \"a.py\", line 2\\n      +\\n          ^\\nSyntaxError: invalid syntax\\n')`, type: `Command`\n\n### Runtime value and type of variables right before the buggy function's return\nm, value: `<re.Match object; span=(1, 22), match='  File \"a.py\", line 2'>`, type: `Match`\n\n## Case 10\n### Runtime value and type of the input parameters of the buggy function\ncommand.stderr, value: `'\\nTraceback (most recent call last):\\n  File \"a.py\", line 8, in <module>\\n    match(\"foo\")\\n  File \"a.py\", line 5, in match\\n    m = re.search(None, command)\\n  File \"/usr/lib/python3.4/re.py\", line 170, in search\\n    return _compile(pattern, flags).search(string)\\n  File \"/usr/lib/python3.4/re.py\", line 293, in _compile\\n    raise TypeError(\"first argument must be string or compiled pattern\")\\nTypeError: first argument must be string or compiled pattern\\n'`, type: `str`\n\ncommand, value: `Command(script='', stdout='', stderr='\\nTraceback (most recent call last) ... (\"first argument must be string or compiled pattern\")\\nTypeError: first argument must be string or compiled pattern\\n')`, shape: `3`, type: `Command`\n\n### Runtime value and type of variables right before the buggy function's return\nm, value: `<re.Match object; span=(36, 57), match='  File \"a.py\", line 8'>`, type: `Match`\n\n## Case 11\n### Runtime value and type of the input parameters of the buggy function\ncommand.stderr, value: `'\\na.rb:3: syntax error, unexpected keyword_end\\n'`, type: `str`\n\ncommand, value: `Command(script='', stdout='', stderr='\\na.rb:3: syntax error, unexpected keyword_end\\n')`, type: `Command`\n\n### Runtime value and type of variables right before the buggy function's return\nm, value: `<re.Match object; span=(1, 8), match='a.rb:3:'>`, type: `Match`\n\n## Case 12\n### Runtime value and type of the input parameters of the buggy function\ncommand.stderr, value: `\"\\nlua: a.lua:2: unexpected symbol near '+'\\n\"`, type: `str`\n\ncommand, value: `Command(script='', stdout='', stderr=\"\\nlua: a.lua:2: unexpected symbol near '+'\\n\")`, type: `Command`\n\n### Runtime value and type of variables right before the buggy function's return\nm, value: `<re.Match object; span=(1, 14), match='lua: a.lua:2:'>`, type: `Match`\n\n## Case 13\n### Runtime value and type of the input parameters of the buggy function\ncommand.stderr, value: `\"\\nfish: Unknown command 'foo'\\n/tmp/fix-error/a.sh (line 2): foo\\n                              ^\\n\"`, type: `str`\n\ncommand, value: `Command(script='', stdout='', stderr=\"\\nfish: Unknown command 'foo'\\n/tmp/fix-error/a.sh (line 2): foo\\n                              ^\\n\")`, type: `Command`\n\n### Runtime value and type of variables right before the buggy function's return\nm, value: `<re.Match object; span=(29, 58), match='/tmp/fix-error/a.sh (line 2):'>`, type: `Match`\n\n## Case 14\n### Runtime value and type of the input parameters of the buggy function\ncommand.stderr, value: `'\\nawk: ./a:2: BEGIN { print \"Hello, world!\" + }\\nawk: ./a:2:                                 ^ syntax error\\n'`, type: `str`\n\ncommand, value: `Command(script='', stdout='', stderr='\\nawk: ./a:2: BEGIN { print \"Hello, world!\" + }\\nawk: ./a:2:                                 ^ syntax error\\n')`, type: `Command`\n\n### Runtime value and type of variables right before the buggy function's return\nm, value: `<re.Match object; span=(1, 12), match='awk: ./a:2:'>`, type: `Match`\n\n## Case 15\n### Runtime value and type of the input parameters of the buggy function\ncommand.stderr, value: `'\\nllc: a.ll:1:1: error: expected top-level entity\\n+\\n^\\n'`, type: `str`\n\ncommand, value: `Command(script='', stdout='', stderr='\\nllc: a.ll:1:1: error: expected top-level entity\\n+\\n^\\n')`, type: `Command`\n\n### Runtime value and type of variables right before the buggy function's return\nm, value: `<re.Match object; span=(1, 15), match='llc: a.ll:1:1:'>`, type: `Match`\n\n## Case 16\n### Runtime value and type of the input parameters of the buggy function\ncommand.stderr, value: `\"\\ncan't load package:\\na.go:1:1: expected 'package', found '+'\\n\"`, type: `str`\n\ncommand, value: `Command(script='', stdout='', stderr=\"\\ncan't load package:\\na.go:1:1: expected 'package', found '+'\\n\")`, type: `Command`\n\n### Runtime value and type of variables right before the buggy function's return\nm, value: `<re.Match object; span=(21, 28), match='a.go:1:'>`, type: `Match`\n\n## Case 17\n### Runtime value and type of the input parameters of the buggy function\ncommand.stderr, value: `\"\\nbidule\\nmake: bidule: Command not found\\nMakefile:2: recipe for target 'target' failed\\nmake: *** [target] Error 127\\n\"`, type: `str`\n\ncommand, value: `Command(script='', stdout='', stderr=\"\\nbidule\\nmake: bidule: Command not found\\nMakefile:2: recipe for target 'target' failed\\nmake: *** [target] Error 127\\n\")`, type: `Command`\n\n### Runtime value and type of variables right before the buggy function's return\nm, value: `<re.Match object; span=(40, 51), match='Makefile:2:'>`, type: `Match`\n\n## Case 18\n### Runtime value and type of the input parameters of the buggy function\ncommand.stderr, value: `'\\nfatal: bad config file line 1 in /home/martin/.config/git/config\\n'`, type: `str`\n\ncommand, value: `Command(script='', stdout='', stderr='\\nfatal: bad config file line 1 in /home/martin/.config/git/config\\n')`, type: `Command`\n\n### Runtime value and type of variables right before the buggy function's return\nm, value: `<re.Match object; span=(1, 65), match='fatal: bad config file line 1 in /home/martin/.co>`, type: `Match`\n\n## Case 19\n### Runtime value and type of the input parameters of the buggy function\ncommand.stderr, value: `'\\n/Users/pablo/Workspace/barebones/fuck.js:2\\nconole.log(arg) ... (node.js:129:16)\\n    at node.js:814:3\\n'`, shape: `583`, type: `str`\n\ncommand, value: `Command(script='', stdout='', stderr='\\n/Users/pablo/Workspace/barebones/fuck.js:2\\nconole.log(arg) ... (node.js:129:16)\\n    at node.js:814:3\\n')`, shape: `3`, type: `Command`\n\n### Runtime value and type of variables right before the buggy function's return\nm, value: `<re.Match object; span=(140, 191), match='    at /Users/pablo/Workspace/barebones/fuck.js:2>`, type: `Match`\n\n",
    "7": "# Expected value and type of variables during the failing test execution\nEach case below includes input parameter value and type, and the expected value and type of relevant variables at the function's return. If an input parameter is not reflected in the output, it is assumed to remain unchanged. A corrected function must satisfy all these cases.\n\n## Expected case 1\n### Input parameter value and type\ncommand.stderr, value: `\"\\na.c: In function 'main':\\na.c:3:1: error: expected expression before '}' token\\n }\\n  ^\\n\"`, type: `str`\n\ncommand, value: `Command(script='', stdout='', stderr=\"\\na.c: In function 'main':\\na.c:3:1: error: expected expression before '}' token\\n }\\n  ^\\n\")`, type: `Command`\n\n## Expected case 2\n### Input parameter value and type\ncommand.stderr, value: `'\\na.c:3:1: error: expected expression\\n}\\n^\\n'`, type: `str`\n\ncommand, value: `Command(script='', stdout='', stderr='\\na.c:3:1: error: expected expression\\n}\\n^\\n')`, type: `Command`\n\n## Expected case 3\n### Input parameter value and type\ncommand.stderr, value: `'\\nsyntax error at a.pl line 3, at EOF\\nExecution of a.pl aborted due to compilation errors.\\n'`, type: `str`\n\ncommand, value: `Command(script='', stdout='', stderr='\\nsyntax error at a.pl line 3, at EOF\\nExecution of a.pl aborted due to compilation errors.\\n')`, type: `Command`\n\n## Expected case 4\n### Input parameter value and type\ncommand.stderr, value: `'\\nSearch pattern not terminated at a.pl line 2.\\n'`, type: `str`\n\ncommand, value: `Command(script='', stdout='', stderr='\\nSearch pattern not terminated at a.pl line 2.\\n')`, type: `Command`\n\n## Expected case 5\n### Input parameter value and type\ncommand.stderr, value: `'\\na.sh: line 2: foo: command not found\\n'`, type: `str`\n\ncommand, value: `Command(script='', stdout='', stderr='\\na.sh: line 2: foo: command not found\\n')`, type: `Command`\n\n## Expected case 6\n### Input parameter value and type\ncommand.stderr, value: `'\\na.sh:2: command not found: foo\\n'`, type: `str`\n\ncommand, value: `Command(script='', stdout='', stderr='\\na.sh:2: command not found: foo\\n')`, type: `Command`\n\n## Expected case 7\n### Input parameter value and type\ncommand.stderr, value: `'\\na.rs:2:5: 2:6 error: unexpected token: `+`\\na.rs:2     +\\n           ^\\n'`, type: `str`\n\ncommand, value: `Command(script='', stdout='', stderr='\\na.rs:2:5: 2:6 error: unexpected token: `+`\\na.rs:2     +\\n           ^\\n')`, type: `Command`\n\n## Expected case 8\n### Input parameter value and type\ncommand.stderr, value: `'\\n   Compiling test v0.1.0 (file:///tmp/fix-error/test)\\n   src/lib.rs:3:5: 3:6 error: unexpected token: `+`\\n   src/lib.rs:3     +\\n                    ^\\nCould not compile `test`.\\n\\nTo learn more, run the command again with --verbose.\\n'`, type: `str`\n\ncommand, value: `Command(script='', stdout='', stderr='\\n   Compiling test v0.1.0 (file:///tmp/fix-error/test)\\n   src/lib.rs:3:5: 3:6 error: unexpected token: `+`\\n   src/lib.rs:3     +\\n                    ^\\nCould not compile `test`.\\n\\nTo learn more, run the command again with --verbose.\\n')`, type: `Command`\n\n## Expected case 9\n### Input parameter value and type\ncommand.stderr, value: `'\\n  File \"a.py\", line 2\\n      +\\n          ^\\nSyntaxError: invalid syntax\\n'`, type: `str`\n\ncommand, value: `Command(script='', stdout='', stderr='\\n  File \"a.py\", line 2\\n      +\\n          ^\\nSyntaxError: invalid syntax\\n')`, type: `Command`\n\n## Expected case 10\n### Input parameter value and type\ncommand.stderr, value: `'\\nTraceback (most recent call last):\\n  File \"a.py\", line 8, in <module>\\n    match(\"foo\")\\n  File \"a.py\", line 5, in match\\n    m = re.search(None, command)\\n  File \"/usr/lib/python3.4/re.py\", line 170, in search\\n    return _compile(pattern, flags).search(string)\\n  File \"/usr/lib/python3.4/re.py\", line 293, in _compile\\n    raise TypeError(\"first argument must be string or compiled pattern\")\\nTypeError: first argument must be string or compiled pattern\\n'`, type: `str`\n\ncommand, value: `Command(script='', stdout='', stderr='\\nTraceback (most recent call last) ... (\"first argument must be string or compiled pattern\")\\nTypeError: first argument must be string or compiled pattern\\n')`, shape: `3`, type: `Command`\n\n## Expected case 11\n### Input parameter value and type\ncommand.stderr, value: `'\\na.rb:3: syntax error, unexpected keyword_end\\n'`, type: `str`\n\ncommand, value: `Command(script='', stdout='', stderr='\\na.rb:3: syntax error, unexpected keyword_end\\n')`, type: `Command`\n\n## Expected case 12\n### Input parameter value and type\ncommand.stderr, value: `\"\\nlua: a.lua:2: unexpected symbol near '+'\\n\"`, type: `str`\n\ncommand, value: `Command(script='', stdout='', stderr=\"\\nlua: a.lua:2: unexpected symbol near '+'\\n\")`, type: `Command`\n\n## Expected case 13\n### Input parameter value and type\ncommand.stderr, value: `\"\\nfish: Unknown command 'foo'\\n/tmp/fix-error/a.sh (line 2): foo\\n                              ^\\n\"`, type: `str`\n\ncommand, value: `Command(script='', stdout='', stderr=\"\\nfish: Unknown command 'foo'\\n/tmp/fix-error/a.sh (line 2): foo\\n                              ^\\n\")`, type: `Command`\n\n## Expected case 14\n### Input parameter value and type\ncommand.stderr, value: `'\\nawk: ./a:2: BEGIN { print \"Hello, world!\" + }\\nawk: ./a:2:                                 ^ syntax error\\n'`, type: `str`\n\ncommand, value: `Command(script='', stdout='', stderr='\\nawk: ./a:2: BEGIN { print \"Hello, world!\" + }\\nawk: ./a:2:                                 ^ syntax error\\n')`, type: `Command`\n\n## Expected case 15\n### Input parameter value and type\ncommand.stderr, value: `'\\nllc: a.ll:1:1: error: expected top-level entity\\n+\\n^\\n'`, type: `str`\n\ncommand, value: `Command(script='', stdout='', stderr='\\nllc: a.ll:1:1: error: expected top-level entity\\n+\\n^\\n')`, type: `Command`\n\n## Expected case 16\n### Input parameter value and type\ncommand.stderr, value: `\"\\ncan't load package:\\na.go:1:1: expected 'package', found '+'\\n\"`, type: `str`\n\ncommand, value: `Command(script='', stdout='', stderr=\"\\ncan't load package:\\na.go:1:1: expected 'package', found '+'\\n\")`, type: `Command`\n\n## Expected case 17\n### Input parameter value and type\ncommand.stderr, value: `\"\\nbidule\\nmake: bidule: Command not found\\nMakefile:2: recipe for target 'target' failed\\nmake: *** [target] Error 127\\n\"`, type: `str`\n\ncommand, value: `Command(script='', stdout='', stderr=\"\\nbidule\\nmake: bidule: Command not found\\nMakefile:2: recipe for target 'target' failed\\nmake: *** [target] Error 127\\n\")`, type: `Command`\n\n## Expected case 18\n### Input parameter value and type\ncommand.stderr, value: `'\\nfatal: bad config file line 1 in /home/martin/.config/git/config\\n'`, type: `str`\n\ncommand, value: `Command(script='', stdout='', stderr='\\nfatal: bad config file line 1 in /home/martin/.config/git/config\\n')`, type: `Command`\n\n## Expected case 19\n### Input parameter value and type\ncommand.stderr, value: `'\\n/Users/pablo/Workspace/barebones/fuck.js:2\\nconole.log(arg) ... (node.js:129:16)\\n    at node.js:814:3\\n'`, shape: `583`, type: `str`\n\ncommand, value: `Command(script='', stdout='', stderr='\\n/Users/pablo/Workspace/barebones/fuck.js:2\\nconole.log(arg) ... (node.js:129:16)\\n    at node.js:814:3\\n')`, shape: `3`, type: `Command`\n\n",
    "8": "",
    "9": "1. Analyze the buggy function and it's relationship with the related functions, test code, corresponding error message, the actual input/output variable information, the expected input/output variable information, .\n2. Identify the potential error location within the problematic function.\n3. Elucidate the bug's cause using:\n   (a). The buggy function\n   (b). The related functions\n   (c). The failing test\n   (d). The corresponding error message\n   (e). Discrepancies between actual input/output variable value\n   (f). Discrepancies between expected input/output variable value\n\n4. Suggest possible approaches for fixing the bug.\n5. Present the corrected code for the problematic function such that it satisfied the following:\n   (a). Passes the failing test\n   (b). Satisfies the expected input/output variable information provided\n\n",
    "1.3.3": "Assume that the following list of imports are available in the current environment, so you don't need to import them when generating a fix.\n```python\nimport os\n```\n\n",
    "source_code_section": "# The source code of the buggy function\n```python\n# The relative path of the buggy file: thefuck/rules/fix_file.py\n\n# this is the buggy function you need to fix\ndef match(command, settings):\n    return 'EDITOR' in os.environ and _search(command.stderr)\n\n```"
}