{
    "1": "Assume that the following list of imports are available in the current environment, so you don't need to import them when generating a fix.\n```python\nimport numpy as np\nfrom pandas.core.dtypes.common import ensure_int64, ensure_object, ensure_platform_int, is_categorical_dtype, is_datetime64_dtype, is_dict_like, is_dtype_equal, is_extension_array_dtype, is_integer_dtype, is_iterator, is_list_like, is_object_dtype, is_scalar, is_sequence, is_timedelta64_dtype, needs_i8_conversion\nfrom pandas.core.ops.common import unpack_zerodim_and_defer\n```\n\n## The source code of the buggy function\n```python\n# The relative path of the buggy file: pandas/core/arrays/categorical.py\n\n# this is the buggy function you need to fix\ndef _cat_compare_op(op):\n    opname = f\"__{op.__name__}__\"\n\n    @unpack_zerodim_and_defer(opname)\n    def func(self, other):\n        if is_list_like(other) and len(other) != len(self):\n            # TODO: Could this fail if the categories are listlike objects?\n            raise ValueError(\"Lengths must match.\")\n\n        if not self.ordered:\n            if opname in [\"__lt__\", \"__gt__\", \"__le__\", \"__ge__\"]:\n                raise TypeError(\n                    \"Unordered Categoricals can only compare equality or not\"\n                )\n        if isinstance(other, Categorical):\n            # Two Categoricals can only be be compared if the categories are\n            # the same (maybe up to ordering, depending on ordered)\n\n            msg = \"Categoricals can only be compared if 'categories' are the same.\"\n            if len(self.categories) != len(other.categories):\n                raise TypeError(msg + \" Categories are different lengths\")\n            elif self.ordered and not (self.categories == other.categories).all():\n                raise TypeError(msg)\n            elif not set(self.categories) == set(other.categories):\n                raise TypeError(msg)\n\n            if not (self.ordered == other.ordered):\n                raise TypeError(\n                    \"Categoricals can only be compared if 'ordered' is the same\"\n                )\n            if not self.ordered and not self.categories.equals(other.categories):\n                # both unordered and different order\n                other_codes = _get_codes_for_values(other, self.categories)\n            else:\n                other_codes = other._codes\n\n            f = getattr(self._codes, opname)\n            ret = f(other_codes)\n            mask = (self._codes == -1) | (other_codes == -1)\n            if mask.any():\n                # In other series, the leads to False, so do that here too\n                ret[mask] = False\n            return ret\n\n        if is_scalar(other):\n            if other in self.categories:\n                i = self.categories.get_loc(other)\n                ret = getattr(self._codes, opname)(i)\n\n                if opname not in {\"__eq__\", \"__ge__\", \"__gt__\"}:\n                    # check for NaN needed if we are not equal or larger\n                    mask = self._codes == -1\n                    ret[mask] = False\n                return ret\n            else:\n                if opname == \"__eq__\":\n                    return np.zeros(len(self), dtype=bool)\n                elif opname == \"__ne__\":\n                    return np.ones(len(self), dtype=bool)\n                else:\n                    raise TypeError(\n                        f\"Cannot compare a Categorical for op {opname} with a \"\n                        \"scalar, which is not a category.\"\n                    )\n        else:\n\n            # allow categorical vs object dtype array comparisons for equality\n            # these are only positional comparisons\n            if opname in [\"__eq__\", \"__ne__\"]:\n                return getattr(np.array(self), opname)(np.array(other))\n\n            raise TypeError(\n                f\"Cannot compare a Categorical for op {opname} with \"\n                f\"type {type(other)}.\\nIf you want to compare values, \"\n                \"use 'np.asarray(cat) <op> other'.\"\n            )\n\n    func.__name__ = opname\n\n    return func\n\n```",
    "2": "",
    "3": "# This function from the same file, but not the same class, is called by the buggy function\ndef _get_codes_for_values(values, categories):\n    # Please ignore the body of this function\n\n# This function from the same file, but not the same class, is called by the buggy function\ndef func(self, other):\n    # Please ignore the body of this function\n\n# This function from the same file, but not the same class, is called by the buggy function\ndef categories(self):\n    # Please ignore the body of this function\n\n# This function from the same file, but not the same class, is called by the buggy function\ndef categories(self, categories):\n    # Please ignore the body of this function\n\n# This function from the same file, but not the same class, is called by the buggy function\ndef ordered(self) -> Ordered:\n    # Please ignore the body of this function\n\n# This function from the same file, but not the same class, is called by the buggy function\ndef equals(self, other):\n    # Please ignore the body of this function\n\n",
    "4": "## A failing test function for the buggy function\n```python\n# The relative path of the failing test file: pandas/tests/extension/test_categorical.py\n\n    @pytest.mark.parametrize(\n        \"categories\",\n        [[\"a\", \"b\"], [0, 1], [pd.Timestamp(\"2019\"), pd.Timestamp(\"2020\")]],\n    )\n    def test_not_equal_with_na(self, categories):\n        # https://github.com/pandas-dev/pandas/issues/32276\n        c1 = Categorical.from_codes([-1, 0], categories=categories)\n        c2 = Categorical.from_codes([0, 1], categories=categories)\n\n        result = c1 != c2\n\n        assert result.all()\n```\n\n\n## A failing test function for the buggy function\n```python\n# The relative path of the failing test file: pandas/tests/extension/test_categorical.py\n\n    @pytest.mark.parametrize(\n        \"categories\",\n        [[\"a\", \"b\"], [0, 1], [pd.Timestamp(\"2019\"), pd.Timestamp(\"2020\")]],\n    )\n    def test_not_equal_with_na(self, categories):\n        # https://github.com/pandas-dev/pandas/issues/32276\n        c1 = Categorical.from_codes([-1, 0], categories=categories)\n        c2 = Categorical.from_codes([0, 1], categories=categories)\n\n        result = c1 != c2\n\n        assert result.all()\n```\n\n\n## A failing test function for the buggy function\n```python\n# The relative path of the failing test file: pandas/tests/extension/test_categorical.py\n\n    @pytest.mark.parametrize(\n        \"categories\",\n        [[\"a\", \"b\"], [0, 1], [pd.Timestamp(\"2019\"), pd.Timestamp(\"2020\")]],\n    )\n    def test_not_equal_with_na(self, categories):\n        # https://github.com/pandas-dev/pandas/issues/32276\n        c1 = Categorical.from_codes([-1, 0], categories=categories)\n        c2 = Categorical.from_codes([0, 1], categories=categories)\n\n        result = c1 != c2\n\n        assert result.all()\n```\n\n\n",
    "5": "### The error message from the failing test\n```text\nself = <pandas.tests.extension.test_categorical.TestComparisonOps object at 0x7f834b59e5b0>\ncategories = ['a', 'b']\n\n    @pytest.mark.parametrize(\n        \"categories\",\n        [[\"a\", \"b\"], [0, 1], [pd.Timestamp(\"2019\"), pd.Timestamp(\"2020\")]],\n    )\n    def test_not_equal_with_na(self, categories):\n        # https://github.com/pandas-dev/pandas/issues/32276\n        c1 = Categorical.from_codes([-1, 0], categories=categories)\n        c2 = Categorical.from_codes([0, 1], categories=categories)\n    \n        result = c1 != c2\n    \n>       assert result.all()\nE       assert False\nE        +  where False = <built-in method all of numpy.ndarray object at 0x7f834b4f8300>()\nE        +    where <built-in method all of numpy.ndarray object at 0x7f834b4f8300> = array([False,  True]).all\n\npandas/tests/extension/test_categorical.py:296: AssertionError\n\n```\n### The error message from the failing test\n```text\nself = <pandas.tests.extension.test_categorical.TestComparisonOps object at 0x7f834b4e0370>\ncategories = [0, 1]\n\n    @pytest.mark.parametrize(\n        \"categories\",\n        [[\"a\", \"b\"], [0, 1], [pd.Timestamp(\"2019\"), pd.Timestamp(\"2020\")]],\n    )\n    def test_not_equal_with_na(self, categories):\n        # https://github.com/pandas-dev/pandas/issues/32276\n        c1 = Categorical.from_codes([-1, 0], categories=categories)\n        c2 = Categorical.from_codes([0, 1], categories=categories)\n    \n        result = c1 != c2\n    \n>       assert result.all()\nE       assert False\nE        +  where False = <built-in method all of numpy.ndarray object at 0x7f83471e0760>()\nE        +    where <built-in method all of numpy.ndarray object at 0x7f83471e0760> = array([False,  True]).all\n\npandas/tests/extension/test_categorical.py:296: AssertionError\n\n```\n### The error message from the failing test\n```text\nself = <pandas.tests.extension.test_categorical.TestComparisonOps object at 0x7f834b4c03d0>\ncategories = [Timestamp('2019-01-01 00:00:00'), Timestamp('2020-01-01 00:00:00')]\n\n    @pytest.mark.parametrize(\n        \"categories\",\n        [[\"a\", \"b\"], [0, 1], [pd.Timestamp(\"2019\"), pd.Timestamp(\"2020\")]],\n    )\n    def test_not_equal_with_na(self, categories):\n        # https://github.com/pandas-dev/pandas/issues/32276\n        c1 = Categorical.from_codes([-1, 0], categories=categories)\n        c2 = Categorical.from_codes([0, 1], categories=categories)\n    \n        result = c1 != c2\n    \n>       assert result.all()\nE       assert False\nE        +  where False = <built-in method all of numpy.ndarray object at 0x7f83471f7b70>()\nE        +    where <built-in method all of numpy.ndarray object at 0x7f83471f7b70> = array([False,  True]).all\n\npandas/tests/extension/test_categorical.py:296: AssertionError\n\n```\n",
    "6": "## Runtime values and types of variables inside the buggy function\nEach case below includes input parameter values and types, and the values and types of relevant variables at the function's return, derived from executing failing tests. If an input parameter is not reflected in the output, it is assumed to remain unchanged. Note that some of these values at the function's return might be incorrect. Analyze these cases to identify why the tests are failing to effectively fix the bug.\n\n### Case 1\n#### Runtime values and types of the input parameters of the buggy function\nop.__name__, value: `'eq'`, type: `str`\n\nop, value: `<built-in function eq>`, type: `builtin_function_or_method`\n\n#### Runtime values and types of variables right before the buggy function's return\nopname, value: `'__eq__'`, type: `str`\n\nfunc.__name__, value: `'__eq__'`, type: `str`\n\n### Case 2\n#### Runtime values and types of the input parameters of the buggy function\nop.__name__, value: `'ne'`, type: `str`\n\nop, value: `<built-in function ne>`, type: `builtin_function_or_method`\n\n#### Runtime values and types of variables right before the buggy function's return\nopname, value: `'__ne__'`, type: `str`\n\nfunc.__name__, value: `'__ne__'`, type: `str`\n\n### Case 3\n#### Runtime values and types of the input parameters of the buggy function\nop.__name__, value: `'lt'`, type: `str`\n\nop, value: `<built-in function lt>`, type: `builtin_function_or_method`\n\n#### Runtime values and types of variables right before the buggy function's return\nopname, value: `'__lt__'`, type: `str`\n\nfunc.__name__, value: `'__lt__'`, type: `str`\n\n### Case 4\n#### Runtime values and types of the input parameters of the buggy function\nop.__name__, value: `'gt'`, type: `str`\n\nop, value: `<built-in function gt>`, type: `builtin_function_or_method`\n\n#### Runtime values and types of variables right before the buggy function's return\nopname, value: `'__gt__'`, type: `str`\n\nfunc.__name__, value: `'__gt__'`, type: `str`\n\n### Case 5\n#### Runtime values and types of the input parameters of the buggy function\nop.__name__, value: `'le'`, type: `str`\n\nop, value: `<built-in function le>`, type: `builtin_function_or_method`\n\n#### Runtime values and types of variables right before the buggy function's return\nopname, value: `'__le__'`, type: `str`\n\nfunc.__name__, value: `'__le__'`, type: `str`\n\n### Case 6\n#### Runtime values and types of the input parameters of the buggy function\nop.__name__, value: `'ge'`, type: `str`\n\nop, value: `<built-in function ge>`, type: `builtin_function_or_method`\n\n#### Runtime values and types of variables right before the buggy function's return\nopname, value: `'__ge__'`, type: `str`\n\nfunc.__name__, value: `'__ge__'`, type: `str`\n\n",
    "7": "## Expected values and types of variables during the failing test execution\nEach case below includes input parameter values and types, and the expected values and types of relevant variables at the function's return. If an input parameter is not reflected in the output, it is assumed to remain unchanged. A corrected function must satisfy all these cases.\n\n### Expected case 1\n#### The values and types of buggy function's parameters\nop.__name__, value: `'eq'`, type: `str`\n\nop, value: `<built-in function eq>`, type: `builtin_function_or_method`\n\n#### Expected values and types of variables right before the buggy function's return\nopname, expected value: `'__eq__'`, type: `str`\n\nfunc.__name__, expected value: `'__eq__'`, type: `str`\n\n### Expected case 2\n#### The values and types of buggy function's parameters\nop.__name__, value: `'ne'`, type: `str`\n\nop, value: `<built-in function ne>`, type: `builtin_function_or_method`\n\n#### Expected values and types of variables right before the buggy function's return\nopname, expected value: `'__ne__'`, type: `str`\n\nfunc.__name__, expected value: `'__ne__'`, type: `str`\n\n### Expected case 3\n#### The values and types of buggy function's parameters\nop.__name__, value: `'lt'`, type: `str`\n\nop, value: `<built-in function lt>`, type: `builtin_function_or_method`\n\n#### Expected values and types of variables right before the buggy function's return\nopname, expected value: `'__lt__'`, type: `str`\n\nfunc.__name__, expected value: `'__lt__'`, type: `str`\n\n### Expected case 4\n#### The values and types of buggy function's parameters\nop.__name__, value: `'gt'`, type: `str`\n\nop, value: `<built-in function gt>`, type: `builtin_function_or_method`\n\n#### Expected values and types of variables right before the buggy function's return\nopname, expected value: `'__gt__'`, type: `str`\n\nfunc.__name__, expected value: `'__gt__'`, type: `str`\n\n### Expected case 5\n#### The values and types of buggy function's parameters\nop.__name__, value: `'le'`, type: `str`\n\nop, value: `<built-in function le>`, type: `builtin_function_or_method`\n\n#### Expected values and types of variables right before the buggy function's return\nopname, expected value: `'__le__'`, type: `str`\n\nfunc.__name__, expected value: `'__le__'`, type: `str`\n\n### Expected case 6\n#### The values and types of buggy function's parameters\nop.__name__, value: `'ge'`, type: `str`\n\nop, value: `<built-in function ge>`, type: `builtin_function_or_method`\n\n#### Expected values and types of variables right before the buggy function's return\nopname, expected value: `'__ge__'`, type: `str`\n\nfunc.__name__, expected value: `'__ge__'`, type: `str`\n\n",
    "8": "## A GitHub issue for this bug\n\nThe issue's title:\n```text\nCategorical NaN behaviour different from a str\n```\n\nThe issue's detailed description:\n```text\nCode Sample\nSeries as category\ndf = pd.Series(['a','a','b','c']).astype('category')\nprint(df.shift(1))\nprint(df)\nprint(df.shift(1) != df)\n\nOUTPUT:\n\n0 NaN\n1 a\n2 a\n3 b\ndtype: category\nCategories (3, object): [a, b, c]\n0 a\n1 a\n2 b\n3 c\ndtype: category\nCategories (3, object): [a, b, c]\n0 False\n1 False\n2 True\n3 True\ndtype: bool\n\nSeries as str\ndf = pd.Series(['a','a','b','c']).astype('str')\nprint(df.shift(1))\nprint(df)\nprint(df.shift(1) != df)\n\nOUTPUT:\n\n0 NaN\n1 a\n2 a\n3 b\ndtype: object\n0 a\n1 a\n2 b\n3 c\ndtype: object\n0 True\n1 False\n2 True\n3 True\ndtype: bool\n\n#### Problem description\n\nThe behaviour of NaN in comparison operators is different for type category and str. See example code - the first element is NaN in both instances, but the second instance equates to false, and the first equates to true for a != operation. For a == operation for a category, the behavior is as expected.\n\n#### Expected Output\n\nI would expect both to have the same output.\n\n#### Output of ``pd.show_versions()``\n\n<details>\n\nINSTALLED VERSIONS\n------------------\ncommit           : None\npython           : 3.8.0.final.0\npython-bits      : 64\nOS               : Linux\nOS-release       : 3.10.0-1062.12.1.el7.x86_64\nmachine          : x86_64\nprocessor        : x86_64\nbyteorder        : little\nLC_ALL           : None\nLANG             : en_GB.UTF-8\nLOCALE           : en_GB.UTF-8\n\npandas           : 1.0.1\nnumpy            : 1.18.1\npytz             : 2019.3\ndateutil         : 2.8.1\npip              : 20.0.2\nsetuptools       : 41.4.0\nCython           : 0.29.15\npytest           : 5.3.5\nhypothesis       : None\nsphinx           : None\nblosc            : None\nfeather          : None\nxlsxwriter       : None\nlxml.etree       : None\nhtml5lib         : None\npymysql          : None\npsycopg2         : None\njinja2           : 2.11.1\nIPython          : 7.12.0\npandas_datareader: None\nbs4              : None\nbottleneck       : None\nfastparquet      : None\ngcsfs            : None\nlxml.etree       : None\nmatplotlib       : 3.1.3\nnumexpr          : 2.7.1\nodfpy            : None\nopenpyxl         : 3.0.3\npandas_gbq       : None\npyarrow          : None\npytables         : None\npytest           : 5.3.5\npyxlsb           : None\ns3fs             : None\nscipy            : 1.4.1\nsqlalchemy       : 1.3.13\ntables           : 3.6.1\ntabulate         : None\nxarray           : None\nxlrd             : None\nxlwt             : None\nxlsxwriter       : None\nnumba            : None\n\n</details>\n```\n\n",
    "9": "Your output should follow these steps:\n1. Analyze the buggy function and its relationship with the related functions, test code, corresponding error message, the actual input/output variable information, the expected input/output variable information, the github issue.\n2. Identify a potential error location within the buggy function.\n3. Elucidate the bug's cause using:\n   (a) The buggy function, \n   (b) The related functions, \n   (c) The failing test, \n   (d) The corresponding error message, \n   (e) The actual input/output variable values, \n   (f) The expected input/output variable values, \n   (g) The GitHub Issue information\n\n4. Suggest approaches for fixing the bug.\n5. Present the corrected code for the buggy function such that it satisfied the following:\n   (a) the program passes the failing test, \n   (b) the function satisfies the expected input/output variable information provided, \n   (c) successfully resolves the issue posted in GitHub\n\n",
    "1.3.3": "Assume that the following list of imports are available in the current environment, so you don't need to import them when generating a fix.\n```python\nimport numpy as np\nfrom pandas.core.dtypes.common import ensure_int64, ensure_object, ensure_platform_int, is_categorical_dtype, is_datetime64_dtype, is_dict_like, is_dtype_equal, is_extension_array_dtype, is_integer_dtype, is_iterator, is_list_like, is_object_dtype, is_scalar, is_sequence, is_timedelta64_dtype, needs_i8_conversion\nfrom pandas.core.ops.common import unpack_zerodim_and_defer\n```\n\n",
    "source_code_body": "# This function from the same file, but not the same class, is called by the buggy function\ndef _get_codes_for_values(values, categories):\n    # Please ignore the body of this function\n\n# This function from the same file, but not the same class, is called by the buggy function\ndef func(self, other):\n    # Please ignore the body of this function\n\n# This function from the same file, but not the same class, is called by the buggy function\ndef categories(self):\n    # Please ignore the body of this function\n\n# This function from the same file, but not the same class, is called by the buggy function\ndef categories(self, categories):\n    # Please ignore the body of this function\n\n# This function from the same file, but not the same class, is called by the buggy function\ndef ordered(self) -> Ordered:\n    # Please ignore the body of this function\n\n# This function from the same file, but not the same class, is called by the buggy function\ndef equals(self, other):\n    # Please ignore the body of this function\n\n# this is the buggy function you need to fix\ndef _cat_compare_op(op):\n    opname = f\"__{op.__name__}__\"\n\n    @unpack_zerodim_and_defer(opname)\n    def func(self, other):\n        if is_list_like(other) and len(other) != len(self):\n            # TODO: Could this fail if the categories are listlike objects?\n            raise ValueError(\"Lengths must match.\")\n\n        if not self.ordered:\n            if opname in [\"__lt__\", \"__gt__\", \"__le__\", \"__ge__\"]:\n                raise TypeError(\n                    \"Unordered Categoricals can only compare equality or not\"\n                )\n        if isinstance(other, Categorical):\n            # Two Categoricals can only be be compared if the categories are\n            # the same (maybe up to ordering, depending on ordered)\n\n            msg = \"Categoricals can only be compared if 'categories' are the same.\"\n            if len(self.categories) != len(other.categories):\n                raise TypeError(msg + \" Categories are different lengths\")\n            elif self.ordered and not (self.categories == other.categories).all():\n                raise TypeError(msg)\n            elif not set(self.categories) == set(other.categories):\n                raise TypeError(msg)\n\n            if not (self.ordered == other.ordered):\n                raise TypeError(\n                    \"Categoricals can only be compared if 'ordered' is the same\"\n                )\n            if not self.ordered and not self.categories.equals(other.categories):\n                # both unordered and different order\n                other_codes = _get_codes_for_values(other, self.categories)\n            else:\n                other_codes = other._codes\n\n            f = getattr(self._codes, opname)\n            ret = f(other_codes)\n            mask = (self._codes == -1) | (other_codes == -1)\n            if mask.any():\n                # In other series, the leads to False, so do that here too\n                ret[mask] = False\n            return ret\n\n        if is_scalar(other):\n            if other in self.categories:\n                i = self.categories.get_loc(other)\n                ret = getattr(self._codes, opname)(i)\n\n                if opname not in {\"__eq__\", \"__ge__\", \"__gt__\"}:\n                    # check for NaN needed if we are not equal or larger\n                    mask = self._codes == -1\n                    ret[mask] = False\n                return ret\n            else:\n                if opname == \"__eq__\":\n                    return np.zeros(len(self), dtype=bool)\n                elif opname == \"__ne__\":\n                    return np.ones(len(self), dtype=bool)\n                else:\n                    raise TypeError(\n                        f\"Cannot compare a Categorical for op {opname} with a \"\n                        \"scalar, which is not a category.\"\n                    )\n        else:\n\n            # allow categorical vs object dtype array comparisons for equality\n            # these are only positional comparisons\n            if opname in [\"__eq__\", \"__ne__\"]:\n                return getattr(np.array(self), opname)(np.array(other))\n\n            raise TypeError(\n                f\"Cannot compare a Categorical for op {opname} with \"\n                f\"type {type(other)}.\\nIf you want to compare values, \"\n                \"use 'np.asarray(cat) <op> other'.\"\n            )\n\n    func.__name__ = opname\n\n    return func\n\n"
}